[ 2015-08-14T08:20:31+08:00 ] ERR: (ThinkException) _MODULE_NOT_EXIST_:index
[ 2015-08-14T08:20:38+08:00 ] ERR: (ThinkException) _MODULE_NOT_EXIST_:Index
[ 2015-08-14T08:20:51+08:00 ] ERR: (ThinkException) _TEMPLATE_NOT_EXIST_[./tpl/Wap/default/Index_index.html]
[ 2015-08-14T08:45:43+08:00 ] ERR: (ThinkException) _MODULE_NOT_EXIST_:Distribution
[ 2015-08-14T08:45:51+08:00 ] ERR: (ThinkException) _MODULE_NOT_EXIST_:Distribution
[ 2015-08-14T09:32:06+08:00 ] ERR: (ThinkException) Unknown column '__hash__' in 'field list'
 [ SQL语句 ] : INSERT INTO `pigcms_consult_master` (`title`,`info`,`born`,`__hash__`) VALUES ('','','1965','ba0f91ae77ce2a8a0016f4bf6668b256_ab906a64c0e911af1b6c83072150f542')
[ 2015-08-14T09:32:21+08:00 ] ERR: (ThinkException) Unknown column '__hash__' in 'field list'
 [ SQL语句 ] : INSERT INTO `pigcms_consult_master` (`title`,`info`,`sex`,`born`,`public`,`__hash__`) VALUES ('ggdff','gg','1','1965','1','ba0f91ae77ce2a8a0016f4bf6668b256_e3bb754d5ae70225a8fc2487020d1f64')
[ 2015-08-14T09:39:37+08:00 ] ERR: (ThinkException) Unknown column '__hash__' in 'field list'
 [ SQL语句 ] : INSERT INTO `pigcms_consult_master` (`title`,`info`,`sex`,`born`,`public`,`__hash__`) VALUES ('ggdff','gg','1','1965','1','ba0f91ae77ce2a8a0016f4bf6668b256_e3bb754d5ae70225a8fc2487020d1f64')
[ 2015-08-14T09:39:50+08:00 ] ERR: (ThinkException) Unknown column '__hash__' in 'field list'
 [ SQL语句 ] : INSERT INTO `pigcms_consult_master` (`title`,`info`,`sex`,`born`,`public`,`__hash__`) VALUES ('ggdff','gg','1','1965','1','ba0f91ae77ce2a8a0016f4bf6668b256_e3bb754d5ae70225a8fc2487020d1f64')
[ 2015-08-14T09:40:07+08:00 ] ERR: (ThinkException) Unknown column '__hash__' in 'field list'
 [ SQL语句 ] : INSERT INTO `pigcms_consult_master` (`title`,`info`,`sex`,`born`,`public`,`__hash__`) VALUES ('ggdff','gg','1','1965','1','ba0f91ae77ce2a8a0016f4bf6668b256_e3bb754d5ae70225a8fc2487020d1f64')
[ 2015-08-14T09:42:21+08:00 ] ERR: (ThinkException) _ERROR_ACTION_:Consult
[ 2015-08-14T09:42:47+08:00 ] ERR: (ThinkException) _ERROR_ACTION_:Consult
[ 2015-08-14T09:42:53+08:00 ] ERR: (ThinkException) _ERROR_ACTION_:Consult
[ 2015-08-14T11:17:46+08:00 ] ERR: (ThinkException) Unknown column 'uppic' in 'field list'
 [ SQL语句 ] : INSERT INTO `pigcms_consult_master` (`title`,`info`,`sex`,`born`,`public`,`uppic`,`pic`,`spic`) VALUES ('ff','ff','1','1965','1','uploads/55cd5dd5c3f1b.jpg@uploads/thumb_55cd5dd5c3f1b.jpg,','uploads/55cd5dd5c3f1b.jpg,','uploads/thumb_55cd5dd5c3f1b.jpg,')
[ 2015-08-14T11:45:41+08:00 ] ERR: (ThinkException) Unknown column 'uppic' in 'field list'
 [ SQL语句 ] : INSERT INTO `pigcms_consult_master` (`title`,`info`,`born`,`uppic`,`pic`,`spic`) VALUES ('','','1965','uploads/55cd646363a98.jpg@uploads/thumb_55cd646363a98.jpg,','uploads/55cd646363a98.jpg,','uploads/thumb_55cd646363a98.jpg,')
[ 2015-08-14T11:47:34+08:00 ] ERR: (ThinkException) Unknown column 'uppic' in 'field list'
 [ SQL语句 ] : INSERT INTO `pigcms_consult_master` (`title`,`info`,`born`,`uppic`,`pic`,`spic`) VALUES ('','','1965','uploads/55cd64d456012.jpg@uploads/thumb_55cd64d456012.jpg,','uploads/55cd64d456012.jpg,','uploads/thumb_55cd64d456012.jpg,')
[ 2015-08-14T13:33:57+08:00 ] ERR: (ThinkException) Unknown column 'uppic' in 'field list'
 [ SQL语句 ] : INSERT INTO `pigcms_consult_master` (`title`,`info`,`born`,`uppic`,`__hash__`,`pic`,`spic`) VALUES ('','','1965','uploads/55cd7dc2c190d.jpg@uploads/thumb_55cd7dc2c190d.jpg,','ba0f91ae77ce2a8a0016f4bf6668b256_30e5e7616b17cf2222a33e951808a06d','uploads/55cd7dc2c190d.jpg,','uploads/thumb_55cd7dc2c190d.jpg,')
[ 2015-08-14T13:34:27+08:00 ] ERR: (ThinkException) Unknown column 'uppic' in 'field list'
 [ SQL语句 ] : INSERT INTO `pigcms_consult_master` (`title`,`info`,`born`,`uppic`,`__hash__`,`pic`,`spic`) VALUES ('','','1965','uploads/55cd7de09be5d.jpg@uploads/thumb_55cd7de09be5d.jpg,','ba0f91ae77ce2a8a0016f4bf6668b256_30e5e7616b17cf2222a33e951808a06d','uploads/55cd7de09be5d.jpg,','uploads/thumb_55cd7de09be5d.jpg,')
[ 2015-08-14T13:39:23+08:00 ] ERR: (ThinkException) Unknown column '__hash__' in 'field list'
 [ SQL语句 ] : INSERT INTO `pigcms_consult_master` (`title`,`info`,`born`,`__hash__`,`pic`,`spic`) VALUES ('','','1965','ba0f91ae77ce2a8a0016f4bf6668b256_25dc17eae66ef6259fa8feb372847273','uploads/55cd7ebe3d401.jpg,','uploads/thumb_55cd7ebe3d401.jpg,')
[ 2015-08-14T13:39:31+08:00 ] ERR: (ThinkException) Unknown column '__hash__' in 'field list'
 [ SQL语句 ] : INSERT INTO `pigcms_consult_master` (`title`,`info`,`born`,`__hash__`,`pic`,`spic`) VALUES ('','','1965','ba0f91ae77ce2a8a0016f4bf6668b256_25dc17eae66ef6259fa8feb372847273','uploads/55cd7ebe3d401.jpg,','uploads/thumb_55cd7ebe3d401.jpg,')
[ 2015-08-14T13:47:05+08:00 ] ERR: (ThinkException) _MODULE_NOT_EXIST_:&g=Wap&m=Consult&a=index
[ 2015-08-14T16:07:47+08:00 ] ERR: (ThinkException) _MODULE_NOT_EXIST_:Hopital
[ 2015-08-14T16:08:20+08:00 ] ERR: (ThinkException) _MODULE_NOT_EXIST_:Hopital
[ 2015-08-14T16:08:21+08:00 ] ERR: (ThinkException) _MODULE_NOT_EXIST_:Hopital
[ 2015-08-14T16:08:22+08:00 ] ERR: (ThinkException) _MODULE_NOT_EXIST_:Hopital
[ 2015-08-14T16:08:39+08:00 ] ERR: (ThinkException) _MODULE_NOT_EXIST_:Hopital
[ 2015-08-14T16:08:40+08:00 ] ERR: (ThinkException) _MODULE_NOT_EXIST_:Hopital
[ 2015-08-14T16:08:41+08:00 ] ERR: (ThinkException) _MODULE_NOT_EXIST_:Hopital
