[ 2015-08-19T08:36:09+08:00 ] ERR: (ThinkException) _MODULE_NOT_EXIST_:Index
[ 2015-08-19T08:36:10+08:00 ] ERR: (ThinkException) _MODULE_NOT_EXIST_:Index
[ 2015-08-19T08:36:15+08:00 ] ERR: (ThinkException) Table 'tys_data.pigcms_consultm' doesn't exist
 [ SQL语句 ] : SHOW COLUMNS FROM `pigcms_consultm`
[ 2015-08-19T08:36:39+08:00 ] ERR: (ThinkException) _MODULE_NOT_EXIST_:Index
[ 2015-08-19T08:36:44+08:00 ] ERR: (ThinkException) Model:realation_METHOD_NOT_EXIST_
[ 2015-08-19T08:37:07+08:00 ] ERR: (ThinkException) _MODULE_NOT_EXIST_:Index
[ 2015-08-19T08:37:41+08:00 ] ERR: (ThinkException) _MODULE_NOT_EXIST_:Index
[ 2015-08-19T08:38:15+08:00 ] ERR: (ThinkException) _MODULE_NOT_EXIST_:Index
[ 2015-08-19T08:38:45+08:00 ] ERR: (ThinkException) _MODULE_NOT_EXIST_:Index
[ 2015-08-19T08:42:37+08:00 ] ERR: (ThinkException) _MODULE_NOT_EXIST_:Index
[ 2015-08-19T08:43:27+08:00 ] ERR: (ThinkException) _MODULE_NOT_EXIST_:Index
[ 2015-08-19T08:43:46+08:00 ] ERR: (ThinkException) _MODULE_NOT_EXIST_:Index
[ 2015-08-19T08:43:48+08:00 ] ERR: (ThinkException) _MODULE_NOT_EXIST_:Index
[ 2015-08-19T08:46:01+08:00 ] ERR: (ThinkException) _MODULE_NOT_EXIST_:Index
[ 2015-08-19T08:47:06+08:00 ] ERR: (ThinkException) _MODULE_NOT_EXIST_:Index
[ 2015-08-19T08:47:56+08:00 ] ERR: (ThinkException) _MODULE_NOT_EXIST_:Index
[ 2015-08-19T08:48:17+08:00 ] ERR: (ThinkException) _MODULE_NOT_EXIST_:Index
[ 2015-08-19T08:49:03+08:00 ] ERR: (ThinkException) _MODULE_NOT_EXIST_:Index
[ 2015-08-19T08:49:57+08:00 ] ERR: (ThinkException) _MODULE_NOT_EXIST_:Index
[ 2015-08-19T08:50:35+08:00 ] ERR: (ThinkException) _TEMPLATE_NOT_EXIST_[./tpl/Wap/default/Index_index.html]
[ 2015-08-19T08:52:05+08:00 ] ERR: (ThinkException) _MODULE_NOT_EXIST_:Index
[ 2015-08-19T08:53:01+08:00 ] ERR: (ThinkException) _MODULE_NOT_EXIST_:Index
[ 2015-08-19T08:54:32+08:00 ] ERR: (ThinkException) _MODULE_NOT_EXIST_:Index
[ 2015-08-19T08:56:58+08:00 ] ERR: (ThinkException) _MODULE_NOT_EXIST_:Index
[ 2015-08-19T09:05:20+08:00 ] ERR: (ThinkException) _MODULE_NOT_EXIST_:Index
[ 2015-08-19T09:06:32+08:00 ] ERR: (ThinkException) _MODULE_NOT_EXIST_:Index
[ 2015-08-19T09:07:20+08:00 ] ERR: (ThinkException) _MODULE_NOT_EXIST_:Index
[ 2015-08-19T09:11:06+08:00 ] ERR: (ThinkException) _MODULE_NOT_EXIST_:Index
[ 2015-08-19T09:56:00+08:00 ] ERR: (ThinkException) _ERROR_ACTION_:person
[ 2015-08-19T09:57:41+08:00 ] ERR: (ThinkException) _ERROR_ACTION_:person
[ 2015-08-19T09:57:42+08:00 ] ERR: (ThinkException) _ERROR_ACTION_:person
[ 2015-08-19T09:57:43+08:00 ] ERR: (ThinkException) _MODULE_NOT_EXIST_:Index
[ 2015-08-19T09:57:48+08:00 ] ERR: (ThinkException) _ERROR_ACTION_:person
[ 2015-08-19T09:58:21+08:00 ] ERR: (ThinkException) _ERROR_ACTION_:person
[ 2015-08-19T09:58:22+08:00 ] ERR: (ThinkException) _MODULE_NOT_EXIST_:Index
[ 2015-08-19T09:58:27+08:00 ] ERR: (ThinkException) _ERROR_ACTION_:person
[ 2015-08-19T09:59:33+08:00 ] ERR: (ThinkException) _MODULE_NOT_EXIST_:Index
[ 2015-08-19T09:59:37+08:00 ] ERR: (ThinkException) _ERROR_ACTION_:person
[ 2015-08-19T09:59:44+08:00 ] ERR: (ThinkException) _MODULE_NOT_EXIST_:Index
[ 2015-08-19T10:01:04+08:00 ] ERR: (ThinkException) _MODULE_NOT_EXIST_:Index
[ 2015-08-19T10:01:06+08:00 ] ERR: (ThinkException) _MODULE_NOT_EXIST_:Index
[ 2015-08-19T10:01:06+08:00 ] ERR: (ThinkException) _MODULE_NOT_EXIST_:Index
[ 2015-08-19T10:01:16+08:00 ] ERR: (ThinkException) _ERROR_ACTION_:person
[ 2015-08-19T10:03:04+08:00 ] ERR: (ThinkException) _ERROR_ACTION_:person
[ 2015-08-19T10:05:00+08:00 ] ERR: (ThinkException) _MODULE_NOT_EXIST_:Index
[ 2015-08-19T10:05:09+08:00 ] ERR: (ThinkException) _MODULE_NOT_EXIST_:Index
[ 2015-08-19T10:06:11+08:00 ] ERR: (ThinkException) _ERROR_ACTION_:person
[ 2015-08-19T10:06:29+08:00 ] ERR: (ThinkException) _MODULE_NOT_EXIST_:Index
[ 2015-08-19T10:06:52+08:00 ] ERR: (ThinkException) _ERROR_ACTION_:person
[ 2015-08-19T10:06:54+08:00 ] ERR: (ThinkException) _MODULE_NOT_EXIST_:Index
[ 2015-08-19T10:07:55+08:00 ] ERR: (ThinkException) _ERROR_ACTION_:person
[ 2015-08-19T10:08:00+08:00 ] ERR: (ThinkException) _MODULE_NOT_EXIST_:Index
