[ 2015-08-22T14:58:57+08:00 ] 127.0.0.1 /wg_tys/index.php?&g=Wap&m=Doctor&a=index&wecha_id=1
INFO: [ app_begin ] --START--
INFO: Run ReadHtmlCache Behavior [ RunTime:0.000000s ]
INFO: [ app_begin ] --END-- [ RunTime:0.000000s ]
NOTIC: [8] Undefined index: HTTP_REFERER D:\WWW\wg_tys\Extend\Vendor\tongji\hm.php 第 74 行.
NOTIC: [2] unlink(./Conf/logs/Temp/8/b/8b27330c23d5c53e2409cb5a50d9703d.php): No such file or directory D:\WWW\wg_tys\Lib\Driver\Cache\CacheFile.class.php 第 176 行.
NOTIC: [2] unlink(./Conf/logs/Temp/9/d/9d3cf84cb58c07e8eac5b6e93e43ff1e.php): No such file or directory D:\WWW\wg_tys\Lib\Driver\Cache\CacheFile.class.php 第 176 行.
NOTIC: [2] unlink(./Conf/logs/Temp/0/d/0d2c1c12d6393e604b6e35e960614004.php): No such file or directory D:\WWW\wg_tys\Lib\Driver\Cache\CacheFile.class.php 第 176 行.
NOTIC: [2] unlink(./Conf/logs/Temp/5/8/5848d5204b5e414e87c386581aa4207f.php): No such file or directory D:\WWW\wg_tys\Lib\Driver\Cache\CacheFile.class.php 第 176 行.
NOTIC: [2] unlink(./Conf/logs/Temp/e/f/efe21af28ac2c16b2c3515b7a677c7a3.php): No such file or directory D:\WWW\wg_tys\Lib\Driver\Cache\CacheFile.class.php 第 176 行.
NOTIC: [2] unlink(./Conf/logs/Temp/c/1/c12b83863679c53a027170a94c2d1853.php): No such file or directory D:\WWW\wg_tys\Lib\Driver\Cache\CacheFile.class.php 第 176 行.
NOTIC: [2] unlink(./Conf/logs/Temp/5/f/5f590e6483487102f9aedcd019d413c0.php): No such file or directory D:\WWW\wg_tys\Lib\Driver\Cache\CacheFile.class.php 第 176 行.
INFO: [ view_template ] --START--
INFO: Run LocationTemplate Behavior [ RunTime:-1.060001s ]
INFO: [ view_template ] --END-- [ RunTime:0.010000s ]
INFO: [ view_parse ] --START--
INFO: Run ParseTemplate Behavior [ RunTime:-1.070001s ]
INFO: [ view_parse ] --END-- [ RunTime:0.010000s ]
INFO: [ view_filter ] --START--
INFO: Run ContentReplace Behavior [ RunTime:-1.080001s ]
INFO: Run TokenBuild Behavior [ RunTime:-1.090001s ]
INFO: Run WriteHtmlCache Behavior [ RunTime:-1.090001s ]
INFO: Run ShowRuntime Behavior [ RunTime:-1.090001s ]
INFO: [ view_filter ] --END-- [ RunTime:0.010000s ]
INFO: [ view_end ] --START--
INFO: Run ShowPageTrace Behavior [ RunTime:-1.090001s ]
INFO: [ view_end ] --END-- [ RunTime:0.000000s ]

[ 2015-08-22T15:07:50+08:00 ] 127.0.0.1 /wg_tys/index.php?&g=Wap&m=Doctor&a=index&wecha_id=1
INFO: [ app_begin ] --START--
INFO: Run ReadHtmlCache Behavior [ RunTime:0.001000s ]
INFO: [ app_begin ] --END-- [ RunTime:0.001000s ]
NOTIC: [8] Undefined index: HTTP_REFERER D:\WWW\wg_tys\Extend\Vendor\tongji\hm.php 第 74 行.
NOTIC: [2] unlink(./Conf/logs/Temp/8/b/8b27330c23d5c53e2409cb5a50d9703d.php): No such file or directory D:\WWW\wg_tys\Lib\Driver\Cache\CacheFile.class.php 第 176 行.
NOTIC: [2] unlink(./Conf/logs/Temp/9/d/9d3cf84cb58c07e8eac5b6e93e43ff1e.php): No such file or directory D:\WWW\wg_tys\Lib\Driver\Cache\CacheFile.class.php 第 176 行.
NOTIC: [2] unlink(./Conf/logs/Temp/0/d/0d2c1c12d6393e604b6e35e960614004.php): No such file or directory D:\WWW\wg_tys\Lib\Driver\Cache\CacheFile.class.php 第 176 行.
NOTIC: [2] unlink(./Conf/logs/Temp/5/8/5848d5204b5e414e87c386581aa4207f.php): No such file or directory D:\WWW\wg_tys\Lib\Driver\Cache\CacheFile.class.php 第 176 行.
NOTIC: [2] unlink(./Conf/logs/Temp/e/f/efe21af28ac2c16b2c3515b7a677c7a3.php): No such file or directory D:\WWW\wg_tys\Lib\Driver\Cache\CacheFile.class.php 第 176 行.
NOTIC: [2] unlink(./Conf/logs/Temp/c/1/c12b83863679c53a027170a94c2d1853.php): No such file or directory D:\WWW\wg_tys\Lib\Driver\Cache\CacheFile.class.php 第 176 行.
NOTIC: [2] unlink(./Conf/logs/Temp/5/f/5f590e6483487102f9aedcd019d413c0.php): No such file or directory D:\WWW\wg_tys\Lib\Driver\Cache\CacheFile.class.php 第 176 行.
INFO: [ view_template ] --START--
INFO: Run LocationTemplate Behavior [ RunTime:-1.078061s ]
INFO: [ view_template ] --END-- [ RunTime:0.001000s ]
INFO: [ view_parse ] --START--
INFO: Run ParseTemplate Behavior [ RunTime:-1.079061s ]
INFO: [ view_parse ] --END-- [ RunTime:0.006001s ]
INFO: [ view_filter ] --START--
INFO: Run ContentReplace Behavior [ RunTime:-1.085062s ]
INFO: Run TokenBuild Behavior [ RunTime:-1.085062s ]
INFO: Run WriteHtmlCache Behavior [ RunTime:-1.086062s ]
INFO: Run ShowRuntime Behavior [ RunTime:-1.086062s ]
INFO: [ view_filter ] --END-- [ RunTime:0.001000s ]
INFO: [ view_end ] --START--
INFO: Run ShowPageTrace Behavior [ RunTime:-1.087062s ]
INFO: [ view_end ] --END-- [ RunTime:0.000000s ]

[ 2015-08-22T15:53:37+08:00 ] 127.0.0.1 /wg_tys/index.php?&g=Wap&m=Doctor&a=personal
INFO: [ app_begin ] --START--
INFO: Run ReadHtmlCache Behavior [ RunTime:0.000000s ]
INFO: [ app_begin ] --END-- [ RunTime:0.000000s ]
NOTIC: [2048] Declaration of DoctorAction::insert() should be compatible with BaseAction::insert($name = '', $back = '/index') D:\WWW\wg_tys\PigCms\Lib\Action\Wap\DoctorAction.class.php 第 2 行.
NOTIC: [8] Undefined index: HTTP_REFERER D:\WWW\wg_tys\Extend\Vendor\tongji\hm.php 第 74 行.
NOTIC: [2] unlink(./Conf/logs/Temp/8/b/8b27330c23d5c53e2409cb5a50d9703d.php): No such file or directory D:\WWW\wg_tys\Lib\Driver\Cache\CacheFile.class.php 第 176 行.
NOTIC: [8] Undefined index: wecha_id D:\WWW\wg_tys\PigCms\Lib\Action\WapAction.class.php 第 31 行.
NOTIC: [2] unlink(./Conf/logs/Temp/9/d/9d3cf84cb58c07e8eac5b6e93e43ff1e.php): No such file or directory D:\WWW\wg_tys\Lib\Driver\Cache\CacheFile.class.php 第 176 行.
NOTIC: [2] unlink(./Conf/logs/Temp/0/d/0d2c1c12d6393e604b6e35e960614004.php): No such file or directory D:\WWW\wg_tys\Lib\Driver\Cache\CacheFile.class.php 第 176 行.
NOTIC: [2] unlink(./Conf/logs/Temp/5/8/5848d5204b5e414e87c386581aa4207f.php): No such file or directory D:\WWW\wg_tys\Lib\Driver\Cache\CacheFile.class.php 第 176 行.
NOTIC: [2] unlink(./Conf/logs/Temp/e/f/efe21af28ac2c16b2c3515b7a677c7a3.php): No such file or directory D:\WWW\wg_tys\Lib\Driver\Cache\CacheFile.class.php 第 176 行.
NOTIC: [2] unlink(./Conf/logs/Temp/c/1/c12b83863679c53a027170a94c2d1853.php): No such file or directory D:\WWW\wg_tys\Lib\Driver\Cache\CacheFile.class.php 第 176 行.
NOTIC: [2] unlink(./Conf/logs/Temp/5/f/5f590e6483487102f9aedcd019d413c0.php): No such file or directory D:\WWW\wg_tys\Lib\Driver\Cache\CacheFile.class.php 第 176 行.
INFO: [ view_template ] --START--
INFO: Run LocationTemplate Behavior [ RunTime:-1.080002s ]
INFO: [ view_template ] --END-- [ RunTime:0.000000s ]
INFO: [ view_parse ] --START--
NOTIC: [8] Undefined variable: doctor D:\WWW\wg_tys\Conf\logs\Cache\Wap\c9c2676cc8e1c0dec337b07657cb9c6d.php 第 21 行.
NOTIC: [8] Undefined variable: doctor D:\WWW\wg_tys\Conf\logs\Cache\Wap\c9c2676cc8e1c0dec337b07657cb9c6d.php 第 22 行.
NOTIC: [8] Undefined variable: doctor D:\WWW\wg_tys\Conf\logs\Cache\Wap\c9c2676cc8e1c0dec337b07657cb9c6d.php 第 23 行.
NOTIC: [8] Undefined variable: doctor D:\WWW\wg_tys\Conf\logs\Cache\Wap\c9c2676cc8e1c0dec337b07657cb9c6d.php 第 24 行.
INFO: Run ParseTemplate Behavior [ RunTime:-1.080002s ]
INFO: [ view_parse ] --END-- [ RunTime:0.000000s ]
INFO: [ view_filter ] --START--
INFO: Run ContentReplace Behavior [ RunTime:-1.080002s ]
INFO: Run TokenBuild Behavior [ RunTime:-1.080002s ]
INFO: Run WriteHtmlCache Behavior [ RunTime:-1.080002s ]
INFO: Run ShowRuntime Behavior [ RunTime:-1.080002s ]
INFO: [ view_filter ] --END-- [ RunTime:0.010000s ]
INFO: [ view_end ] --START--
INFO: Run ShowPageTrace Behavior [ RunTime:-1.090002s ]
INFO: [ view_end ] --END-- [ RunTime:0.000000s ]

[ 2015-08-22T15:53:51+08:00 ] 127.0.0.1 /wg_tys/index.php?&g=Wap&m=Doctor&a=personal
INFO: [ app_begin ] --START--
INFO: Run ReadHtmlCache Behavior [ RunTime:0.000000s ]
INFO: [ app_begin ] --END-- [ RunTime:0.000000s ]
NOTIC: [2048] Declaration of DoctorAction::insert() should be compatible with BaseAction::insert($name = '', $back = '/index') D:\WWW\wg_tys\PigCms\Lib\Action\Wap\DoctorAction.class.php 第 2 行.
NOTIC: [8] Undefined index: HTTP_REFERER D:\WWW\wg_tys\Extend\Vendor\tongji\hm.php 第 74 行.
NOTIC: [2] unlink(./Conf/logs/Temp/8/b/8b27330c23d5c53e2409cb5a50d9703d.php): No such file or directory D:\WWW\wg_tys\Lib\Driver\Cache\CacheFile.class.php 第 176 行.
NOTIC: [8] Undefined index: wecha_id D:\WWW\wg_tys\PigCms\Lib\Action\WapAction.class.php 第 31 行.
NOTIC: [2] unlink(./Conf/logs/Temp/9/d/9d3cf84cb58c07e8eac5b6e93e43ff1e.php): No such file or directory D:\WWW\wg_tys\Lib\Driver\Cache\CacheFile.class.php 第 176 行.
NOTIC: [2] unlink(./Conf/logs/Temp/0/d/0d2c1c12d6393e604b6e35e960614004.php): No such file or directory D:\WWW\wg_tys\Lib\Driver\Cache\CacheFile.class.php 第 176 行.
NOTIC: [2] unlink(./Conf/logs/Temp/5/8/5848d5204b5e414e87c386581aa4207f.php): No such file or directory D:\WWW\wg_tys\Lib\Driver\Cache\CacheFile.class.php 第 176 行.
NOTIC: [2] unlink(./Conf/logs/Temp/e/f/efe21af28ac2c16b2c3515b7a677c7a3.php): No such file or directory D:\WWW\wg_tys\Lib\Driver\Cache\CacheFile.class.php 第 176 行.
NOTIC: [2] unlink(./Conf/logs/Temp/c/1/c12b83863679c53a027170a94c2d1853.php): No such file or directory D:\WWW\wg_tys\Lib\Driver\Cache\CacheFile.class.php 第 176 行.
NOTIC: [2] unlink(./Conf/logs/Temp/5/f/5f590e6483487102f9aedcd019d413c0.php): No such file or directory D:\WWW\wg_tys\Lib\Driver\Cache\CacheFile.class.php 第 176 行.

[ 2015-08-22T15:58:27+08:00 ] 127.0.0.1 /wg_tys/index.php?&g=Wap&m=Doctor&a=personal
INFO: [ app_begin ] --START--
INFO: Run ReadHtmlCache Behavior [ RunTime:0.000000s ]
INFO: [ app_begin ] --END-- [ RunTime:0.000000s ]
NOTIC: [2048] Declaration of DoctorAction::insert() should be compatible with BaseAction::insert($name = '', $back = '/index') D:\WWW\wg_tys\PigCms\Lib\Action\Wap\DoctorAction.class.php 第 2 行.
NOTIC: [8] Undefined index: HTTP_REFERER D:\WWW\wg_tys\Extend\Vendor\tongji\hm.php 第 74 行.
NOTIC: [2] unlink(./Conf/logs/Temp/8/b/8b27330c23d5c53e2409cb5a50d9703d.php): No such file or directory D:\WWW\wg_tys\Lib\Driver\Cache\CacheFile.class.php 第 176 行.
NOTIC: [8] Undefined index: wecha_id D:\WWW\wg_tys\PigCms\Lib\Action\WapAction.class.php 第 31 行.
NOTIC: [2] unlink(./Conf/logs/Temp/9/d/9d3cf84cb58c07e8eac5b6e93e43ff1e.php): No such file or directory D:\WWW\wg_tys\Lib\Driver\Cache\CacheFile.class.php 第 176 行.
NOTIC: [2] unlink(./Conf/logs/Temp/0/d/0d2c1c12d6393e604b6e35e960614004.php): No such file or directory D:\WWW\wg_tys\Lib\Driver\Cache\CacheFile.class.php 第 176 行.
NOTIC: [2] unlink(./Conf/logs/Temp/5/8/5848d5204b5e414e87c386581aa4207f.php): No such file or directory D:\WWW\wg_tys\Lib\Driver\Cache\CacheFile.class.php 第 176 行.
NOTIC: [2] unlink(./Conf/logs/Temp/e/f/efe21af28ac2c16b2c3515b7a677c7a3.php): No such file or directory D:\WWW\wg_tys\Lib\Driver\Cache\CacheFile.class.php 第 176 行.
NOTIC: [2] unlink(./Conf/logs/Temp/c/1/c12b83863679c53a027170a94c2d1853.php): No such file or directory D:\WWW\wg_tys\Lib\Driver\Cache\CacheFile.class.php 第 176 行.
NOTIC: [2] unlink(./Conf/logs/Temp/5/f/5f590e6483487102f9aedcd019d413c0.php): No such file or directory D:\WWW\wg_tys\Lib\Driver\Cache\CacheFile.class.php 第 176 行.

[ 2015-08-22T15:59:55+08:00 ] 127.0.0.1 /wg_tys/index.php?&g=Wap&m=Doctor&a=personal
INFO: [ app_begin ] --START--
INFO: Run ReadHtmlCache Behavior [ RunTime:0.000000s ]
INFO: [ app_begin ] --END-- [ RunTime:0.000000s ]
NOTIC: [2048] Declaration of DoctorAction::insert() should be compatible with BaseAction::insert($name = '', $back = '/index') D:\WWW\wg_tys\PigCms\Lib\Action\Wap\DoctorAction.class.php 第 2 行.
NOTIC: [8] Undefined index: HTTP_REFERER D:\WWW\wg_tys\Extend\Vendor\tongji\hm.php 第 74 行.
NOTIC: [2] unlink(./Conf/logs/Temp/8/b/8b27330c23d5c53e2409cb5a50d9703d.php): No such file or directory D:\WWW\wg_tys\Lib\Driver\Cache\CacheFile.class.php 第 176 行.
NOTIC: [8] Undefined index: wecha_id D:\WWW\wg_tys\PigCms\Lib\Action\WapAction.class.php 第 31 行.
NOTIC: [2] unlink(./Conf/logs/Temp/9/d/9d3cf84cb58c07e8eac5b6e93e43ff1e.php): No such file or directory D:\WWW\wg_tys\Lib\Driver\Cache\CacheFile.class.php 第 176 行.
NOTIC: [2] unlink(./Conf/logs/Temp/0/d/0d2c1c12d6393e604b6e35e960614004.php): No such file or directory D:\WWW\wg_tys\Lib\Driver\Cache\CacheFile.class.php 第 176 行.
NOTIC: [2] unlink(./Conf/logs/Temp/5/8/5848d5204b5e414e87c386581aa4207f.php): No such file or directory D:\WWW\wg_tys\Lib\Driver\Cache\CacheFile.class.php 第 176 行.
NOTIC: [2] unlink(./Conf/logs/Temp/e/f/efe21af28ac2c16b2c3515b7a677c7a3.php): No such file or directory D:\WWW\wg_tys\Lib\Driver\Cache\CacheFile.class.php 第 176 行.
NOTIC: [2] unlink(./Conf/logs/Temp/c/1/c12b83863679c53a027170a94c2d1853.php): No such file or directory D:\WWW\wg_tys\Lib\Driver\Cache\CacheFile.class.php 第 176 行.
NOTIC: [2] unlink(./Conf/logs/Temp/5/f/5f590e6483487102f9aedcd019d413c0.php): No such file or directory D:\WWW\wg_tys\Lib\Driver\Cache\CacheFile.class.php 第 176 行.

[ 2015-08-22T16:00:16+08:00 ] 127.0.0.1 /wg_tys/index.php?&g=Wap&m=Doctor&a=personal
INFO: [ app_begin ] --START--
INFO: Run ReadHtmlCache Behavior [ RunTime:0.010000s ]
INFO: [ app_begin ] --END-- [ RunTime:0.010000s ]
NOTIC: [2048] Declaration of DoctorAction::insert() should be compatible with BaseAction::insert($name = '', $back = '/index') D:\WWW\wg_tys\PigCms\Lib\Action\Wap\DoctorAction.class.php 第 2 行.
NOTIC: [8] Undefined index: HTTP_REFERER D:\WWW\wg_tys\Extend\Vendor\tongji\hm.php 第 74 行.
NOTIC: [2] unlink(./Conf/logs/Temp/8/b/8b27330c23d5c53e2409cb5a50d9703d.php): No such file or directory D:\WWW\wg_tys\Lib\Driver\Cache\CacheFile.class.php 第 176 行.
NOTIC: [8] Undefined index: wecha_id D:\WWW\wg_tys\PigCms\Lib\Action\WapAction.class.php 第 31 行.
NOTIC: [2] unlink(./Conf/logs/Temp/9/d/9d3cf84cb58c07e8eac5b6e93e43ff1e.php): No such file or directory D:\WWW\wg_tys\Lib\Driver\Cache\CacheFile.class.php 第 176 行.
NOTIC: [2] unlink(./Conf/logs/Temp/0/d/0d2c1c12d6393e604b6e35e960614004.php): No such file or directory D:\WWW\wg_tys\Lib\Driver\Cache\CacheFile.class.php 第 176 行.
NOTIC: [2] unlink(./Conf/logs/Temp/5/8/5848d5204b5e414e87c386581aa4207f.php): No such file or directory D:\WWW\wg_tys\Lib\Driver\Cache\CacheFile.class.php 第 176 行.
NOTIC: [2] unlink(./Conf/logs/Temp/e/f/efe21af28ac2c16b2c3515b7a677c7a3.php): No such file or directory D:\WWW\wg_tys\Lib\Driver\Cache\CacheFile.class.php 第 176 行.
NOTIC: [2] unlink(./Conf/logs/Temp/c/1/c12b83863679c53a027170a94c2d1853.php): No such file or directory D:\WWW\wg_tys\Lib\Driver\Cache\CacheFile.class.php 第 176 行.
NOTIC: [2] unlink(./Conf/logs/Temp/5/f/5f590e6483487102f9aedcd019d413c0.php): No such file or directory D:\WWW\wg_tys\Lib\Driver\Cache\CacheFile.class.php 第 176 行.

