[ 2015-07-10T16:25:44+08:00 ] 0.0.0.0 /wg_tzhrmy/index.php?g=Wap&m=Distribution&a=collection&token=mhfcjx1421158741&wecha_id=o3mw-s2byHCb4QnPLFQlI-6vsOQo
INFO: [ app_begin ] --START--
INFO: Run ReadHtmlCache Behavior [ RunTime:0.018001s ]
INFO: [ app_begin ] --END-- [ RunTime:0.018001s ]
NOTIC: [8] Undefined index: HTTP_REFERER D:\www\wg_tzhrmy\Extend\Vendor\tongji\hm.php 第 74 行.
NOTIC: [8] Undefined index: Hm_lpvt_d804bbf6e06872863e6110c106c5ac63 D:\www\wg_tzhrmy\Extend\Vendor\tongji\hm.php 第 78 行.
NOTIC: [2] unlink(./Conf/logs/Temp/6/9/694eae36a435d0d236a7a0164df28367.php): No such file or directory D:\www\wg_tzhrmy\Lib\Driver\Cache\CacheFile.class.php 第 176 行.
NOTIC: [2] unlink(./Conf/logs/Temp/2/d/2d3ed53150bf132337f55d98a62cd90a.php): No such file or directory D:\www\wg_tzhrmy\Lib\Driver\Cache\CacheFile.class.php 第 176 行.
NOTIC: [8] Undefined variable: curl D:\www\wg_tzhrmy\PigCms\Lib\Action\WapAction.class.php 第 432 行.
NOTIC: [2] curl_setopt() expects parameter 1 to be resource, null given D:\www\wg_tzhrmy\PigCms\Lib\Action\WapAction.class.php 第 432 行.
NOTIC: [8] Undefined variable: data D:\www\wg_tzhrmy\PigCms\Lib\Action\WapAction.class.php 第 436 行.
NOTIC: [8] Undefined variable: curl D:\www\wg_tzhrmy\PigCms\Lib\Action\WapAction.class.php 第 432 行.
NOTIC: [2] curl_setopt() expects parameter 1 to be resource, null given D:\www\wg_tzhrmy\PigCms\Lib\Action\WapAction.class.php 第 432 行.
NOTIC: [8] Undefined variable: data D:\www\wg_tzhrmy\PigCms\Lib\Action\WapAction.class.php 第 436 行.
INFO: [ view_template ] --START--
INFO: Run LocationTemplate Behavior [ RunTime:-6.672382s ]
INFO: [ view_template ] --END-- [ RunTime:0.038002s ]
INFO: [ view_parse ] --START--
INFO: Run ParseTemplate Behavior [ RunTime:-6.710384s ]
INFO: [ view_parse ] --END-- [ RunTime:0.077005s ]
INFO: [ view_filter ] --START--
INFO: Run ContentReplace Behavior [ RunTime:-6.787389s ]
INFO: Run TokenBuild Behavior [ RunTime:-6.788389s ]
INFO: Run WriteHtmlCache Behavior [ RunTime:-6.790389s ]
INFO: Run ShowRuntime Behavior [ RunTime:-6.792389s ]
INFO: [ view_filter ] --END-- [ RunTime:0.007000s ]
INFO: [ view_end ] --START--
INFO: Run ShowPageTrace Behavior [ RunTime:-6.794389s ]
INFO: [ view_end ] --END-- [ RunTime:0.003000s ]

[ 2015-07-10T16:25:55+08:00 ] 0.0.0.0 /wg_tzhrmy/index.php?g=Wap&m=Store&a=product&token=mhfcjx1421158741&wecha_id=o3mw-s2byHCb4QnPLFQlI-6vsOQo&id=12
INFO: [ app_begin ] --START--
INFO: Run ReadHtmlCache Behavior [ RunTime:0.002000s ]
INFO: [ app_begin ] --END-- [ RunTime:0.002000s ]
NOTIC: [2] unlink(./Conf/logs/Temp/6/9/694eae36a435d0d236a7a0164df28367.php): No such file or directory D:\www\wg_tzhrmy\Lib\Driver\Cache\CacheFile.class.php 第 176 行.
NOTIC: [2] unlink(./Conf/logs/Temp/2/d/2d3ed53150bf132337f55d98a62cd90a.php): No such file or directory D:\www\wg_tzhrmy\Lib\Driver\Cache\CacheFile.class.php 第 176 行.
NOTIC: [8] Undefined variable: access_str D:\www\wg_tzhrmy\PigCms\Lib\Action\WapAction.class.php 第 245 行.
NOTIC: [8] Undefined offset: 0 D:\www\wg_tzhrmy\PigCms\Lib\Action\Wap\StoreAction.class.php 第 175 行.
NOTIC: [8] Undefined offset: 0 D:\www\wg_tzhrmy\PigCms\Lib\Action\Wap\StoreAction.class.php 第 175 行.
INFO: [ view_template ] --START--
INFO: Run LocationTemplate Behavior [ RunTime:-1.661095s ]
INFO: [ view_template ] --END-- [ RunTime:0.001001s ]
INFO: [ view_parse ] --START--
NOTIC: [8] Undefined variable: hostlist D:\www\wg_tzhrmy\Conf\logs\Cache\Wap\e34fbc43e8bbb814bad9813bab62394c.php 第 38 行.
NOTIC: [8] Undefined variable: hostlist D:\www\wg_tzhrmy\Conf\logs\Cache\Wap\e34fbc43e8bbb814bad9813bab62394c.php 第 40 行.
NOTIC: [8] Undefined variable: cats D:\www\wg_tzhrmy\Conf\logs\Cache\Wap\e34fbc43e8bbb814bad9813bab62394c.php 第 41 行.
INFO: Run ParseTemplate Behavior [ RunTime:-1.662096s ]
INFO: [ view_parse ] --END-- [ RunTime:0.082004s ]
INFO: [ view_filter ] --START--
INFO: Run ContentReplace Behavior [ RunTime:-1.744100s ]
INFO: Run TokenBuild Behavior [ RunTime:-1.745100s ]
INFO: Run WriteHtmlCache Behavior [ RunTime:-1.747100s ]
INFO: Run ShowRuntime Behavior [ RunTime:-1.748100s ]
INFO: [ view_filter ] --END-- [ RunTime:0.005001s ]
INFO: [ view_end ] --START--
INFO: Run ShowPageTrace Behavior [ RunTime:-1.749101s ]
INFO: [ view_end ] --END-- [ RunTime:0.002000s ]

[ 2015-07-10T16:26:56+08:00 ] 0.0.0.0 /wg_tzhrmy/index.php?g=Wap&m=Store&a=product&token=mhfcjx1421158741&wecha_id=o3mw-s2byHCb4QnPLFQlI-6vsOQo&id=12
INFO: [ app_begin ] --START--
INFO: Run ReadHtmlCache Behavior [ RunTime:0.002000s ]
INFO: [ app_begin ] --END-- [ RunTime:0.002000s ]
NOTIC: [2] unlink(./Conf/logs/Temp/6/9/694eae36a435d0d236a7a0164df28367.php): No such file or directory D:\www\wg_tzhrmy\Lib\Driver\Cache\CacheFile.class.php 第 176 行.
NOTIC: [2] unlink(./Conf/logs/Temp/2/d/2d3ed53150bf132337f55d98a62cd90a.php): No such file or directory D:\www\wg_tzhrmy\Lib\Driver\Cache\CacheFile.class.php 第 176 行.
NOTIC: [8] Undefined variable: access_str D:\www\wg_tzhrmy\PigCms\Lib\Action\WapAction.class.php 第 245 行.
NOTIC: [8] Undefined offset: 0 D:\www\wg_tzhrmy\PigCms\Lib\Action\Wap\StoreAction.class.php 第 175 行.
NOTIC: [8] Undefined offset: 0 D:\www\wg_tzhrmy\PigCms\Lib\Action\Wap\StoreAction.class.php 第 175 行.
INFO: [ view_template ] --START--
INFO: Run LocationTemplate Behavior [ RunTime:-1.284074s ]
INFO: [ view_template ] --END-- [ RunTime:0.001000s ]
INFO: [ view_parse ] --START--
NOTIC: [8] Undefined variable: hostlist D:\www\wg_tzhrmy\Conf\logs\Cache\Wap\e34fbc43e8bbb814bad9813bab62394c.php 第 38 行.
NOTIC: [8] Undefined variable: hostlist D:\www\wg_tzhrmy\Conf\logs\Cache\Wap\e34fbc43e8bbb814bad9813bab62394c.php 第 40 行.
NOTIC: [8] Undefined variable: cats D:\www\wg_tzhrmy\Conf\logs\Cache\Wap\e34fbc43e8bbb814bad9813bab62394c.php 第 41 行.
INFO: Run ParseTemplate Behavior [ RunTime:-1.285074s ]
INFO: [ view_parse ] --END-- [ RunTime:0.050003s ]
INFO: [ view_filter ] --START--
INFO: Run ContentReplace Behavior [ RunTime:-1.335077s ]
INFO: Run TokenBuild Behavior [ RunTime:-1.336077s ]
INFO: Run WriteHtmlCache Behavior [ RunTime:-1.338077s ]
INFO: Run ShowRuntime Behavior [ RunTime:-1.339077s ]
INFO: [ view_filter ] --END-- [ RunTime:0.005000s ]
INFO: [ view_end ] --START--
INFO: Run ShowPageTrace Behavior [ RunTime:-1.340077s ]
INFO: [ view_end ] --END-- [ RunTime:0.001000s ]

[ 2015-07-10T16:54:26+08:00 ] 0.0.0.0 /wg_tzhrmy/index.php?g=Wap&m=Distribution&a=followOrder&token=mhfcjx1421158741&wecha_id=o3mw-s2byHCb4QnPLFQlI-6vsOQo
INFO: [ app_begin ] --START--
INFO: Run ReadHtmlCache Behavior [ RunTime:0.001000s ]
INFO: [ app_begin ] --END-- [ RunTime:0.001000s ]
NOTIC: [8] Undefined index: HTTP_REFERER D:\www\wg_tzhrmy\Extend\Vendor\tongji\hm.php 第 74 行.
NOTIC: [2] unlink(./Conf/logs/Temp/6/9/694eae36a435d0d236a7a0164df28367.php): No such file or directory D:\www\wg_tzhrmy\Lib\Driver\Cache\CacheFile.class.php 第 176 行.
NOTIC: [2] unlink(./Conf/logs/Temp/2/d/2d3ed53150bf132337f55d98a62cd90a.php): No such file or directory D:\www\wg_tzhrmy\Lib\Driver\Cache\CacheFile.class.php 第 176 行.
NOTIC: [8] Undefined variable: access_str D:\www\wg_tzhrmy\PigCms\Lib\Action\WapAction.class.php 第 245 行.
NOTIC: [2] Invalid argument supplied for foreach() D:\www\wg_tzhrmy\PigCms\Lib\Action\Wap\DistributionAction.class.php 第 708 行.
INFO: [ view_template ] --START--
INFO: Run LocationTemplate Behavior [ RunTime:-1.576090s ]
INFO: [ view_template ] --END-- [ RunTime:0.003000s ]
INFO: [ view_parse ] --START--
NOTIC: [8] Undefined variable: follow D:\www\wg_tzhrmy\Conf\logs\Cache\Wap\b2ce749b86e56e2ab4a45c57cca3547b.php 第 27 行.
INFO: Run ParseTemplate Behavior [ RunTime:-1.579090s ]
INFO: [ view_parse ] --END-- [ RunTime:0.053003s ]
INFO: [ view_filter ] --START--
INFO: Run ContentReplace Behavior [ RunTime:-1.632093s ]
INFO: Run TokenBuild Behavior [ RunTime:-1.633093s ]
INFO: Run WriteHtmlCache Behavior [ RunTime:-1.638093s ]
INFO: Run ShowRuntime Behavior [ RunTime:-1.639093s ]
INFO: [ view_filter ] --END-- [ RunTime:0.008000s ]
INFO: [ view_end ] --START--
INFO: Run ShowPageTrace Behavior [ RunTime:-1.640093s ]
INFO: [ view_end ] --END-- [ RunTime:0.002001s ]

[ 2015-07-10T16:54:51+08:00 ] 0.0.0.0 /wg_tzhrmy/index.php?g=Wap&m=Distribution&a=followOrder&token=mhfcjx1421158741&wecha_id=o3mw-s2byHCb4QnPLFQlI-6vsOQo
INFO: [ app_begin ] --START--
INFO: Run ReadHtmlCache Behavior [ RunTime:0.001000s ]
INFO: [ app_begin ] --END-- [ RunTime:0.001000s ]
NOTIC: [8] Undefined index: HTTP_REFERER D:\www\wg_tzhrmy\Extend\Vendor\tongji\hm.php 第 74 行.
NOTIC: [2] unlink(./Conf/logs/Temp/6/9/694eae36a435d0d236a7a0164df28367.php): No such file or directory D:\www\wg_tzhrmy\Lib\Driver\Cache\CacheFile.class.php 第 176 行.
NOTIC: [2] unlink(./Conf/logs/Temp/2/d/2d3ed53150bf132337f55d98a62cd90a.php): No such file or directory D:\www\wg_tzhrmy\Lib\Driver\Cache\CacheFile.class.php 第 176 行.
NOTIC: [8] Undefined variable: access_str D:\www\wg_tzhrmy\PigCms\Lib\Action\WapAction.class.php 第 245 行.
NOTIC: [2] Invalid argument supplied for foreach() D:\www\wg_tzhrmy\PigCms\Lib\Action\Wap\DistributionAction.class.php 第 708 行.
INFO: [ view_template ] --START--
INFO: Run LocationTemplate Behavior [ RunTime:-1.289073s ]
INFO: [ view_template ] --END-- [ RunTime:0.002001s ]
INFO: [ view_parse ] --START--
INFO: Run ParseTemplate Behavior [ RunTime:-1.291074s ]
INFO: [ view_parse ] --END-- [ RunTime:0.021001s ]
INFO: [ view_filter ] --START--
INFO: Run ContentReplace Behavior [ RunTime:-1.312075s ]
INFO: Run TokenBuild Behavior [ RunTime:-1.314075s ]
INFO: Run WriteHtmlCache Behavior [ RunTime:-1.315075s ]
INFO: Run ShowRuntime Behavior [ RunTime:-1.316075s ]
INFO: [ view_filter ] --END-- [ RunTime:0.005000s ]
INFO: [ view_end ] --START--
INFO: Run ShowPageTrace Behavior [ RunTime:-1.318075s ]
INFO: [ view_end ] --END-- [ RunTime:0.001000s ]

[ 2015-07-10T16:55:07+08:00 ] 0.0.0.0 /wg_tzhrmy/index.php?g=Wap&m=Distribution&a=followOrder&token=mhfcjx1421158741&wecha_id=o3mw-s2byHCb4QnPLFQlI-6vsOQo
INFO: [ app_begin ] --START--
INFO: Run ReadHtmlCache Behavior [ RunTime:0.002000s ]
INFO: [ app_begin ] --END-- [ RunTime:0.002000s ]
NOTIC: [8] Undefined index: HTTP_REFERER D:\www\wg_tzhrmy\Extend\Vendor\tongji\hm.php 第 74 行.
NOTIC: [2] unlink(./Conf/logs/Temp/6/9/694eae36a435d0d236a7a0164df28367.php): No such file or directory D:\www\wg_tzhrmy\Lib\Driver\Cache\CacheFile.class.php 第 176 行.
NOTIC: [2] unlink(./Conf/logs/Temp/2/d/2d3ed53150bf132337f55d98a62cd90a.php): No such file or directory D:\www\wg_tzhrmy\Lib\Driver\Cache\CacheFile.class.php 第 176 行.
NOTIC: [8] Undefined variable: access_str D:\www\wg_tzhrmy\PigCms\Lib\Action\WapAction.class.php 第 245 行.
NOTIC: [2] Invalid argument supplied for foreach() D:\www\wg_tzhrmy\PigCms\Lib\Action\Wap\DistributionAction.class.php 第 708 行.
INFO: [ view_template ] --START--
INFO: Run LocationTemplate Behavior [ RunTime:-1.274073s ]
INFO: [ view_template ] --END-- [ RunTime:0.001000s ]
INFO: [ view_parse ] --START--
INFO: Run ParseTemplate Behavior [ RunTime:-1.275073s ]
INFO: [ view_parse ] --END-- [ RunTime:0.019001s ]
INFO: [ view_filter ] --START--
INFO: Run ContentReplace Behavior [ RunTime:-1.294074s ]
INFO: Run TokenBuild Behavior [ RunTime:-1.295074s ]
INFO: Run WriteHtmlCache Behavior [ RunTime:-1.297075s ]
INFO: Run ShowRuntime Behavior [ RunTime:-1.298075s ]
INFO: [ view_filter ] --END-- [ RunTime:0.004001s ]
INFO: [ view_end ] --START--
INFO: Run ShowPageTrace Behavior [ RunTime:-1.299075s ]
INFO: [ view_end ] --END-- [ RunTime:0.001000s ]

[ 2015-07-10T16:59:40+08:00 ] 0.0.0.0 /wg_tzhrmy/index.php?g=Wap&m=Distribution&a=followOrder&token=mhfcjx1421158741&wecha_id=o3mw-s2byHCb4QnPLFQlI-6vsOQo
INFO: [ app_begin ] --START--
INFO: Run ReadHtmlCache Behavior [ RunTime:0.001000s ]
INFO: [ app_begin ] --END-- [ RunTime:0.001000s ]
NOTIC: [8] Undefined index: HTTP_REFERER D:\www\wg_tzhrmy\Extend\Vendor\tongji\hm.php 第 74 行.
NOTIC: [2] unlink(./Conf/logs/Temp/6/9/694eae36a435d0d236a7a0164df28367.php): No such file or directory D:\www\wg_tzhrmy\Lib\Driver\Cache\CacheFile.class.php 第 176 行.
NOTIC: [2] unlink(./Conf/logs/Temp/2/d/2d3ed53150bf132337f55d98a62cd90a.php): No such file or directory D:\www\wg_tzhrmy\Lib\Driver\Cache\CacheFile.class.php 第 176 行.
NOTIC: [8] Undefined variable: curl D:\www\wg_tzhrmy\PigCms\Lib\Action\WapAction.class.php 第 432 行.
NOTIC: [2] curl_setopt() expects parameter 1 to be resource, null given D:\www\wg_tzhrmy\PigCms\Lib\Action\WapAction.class.php 第 432 行.
NOTIC: [8] Undefined variable: data D:\www\wg_tzhrmy\PigCms\Lib\Action\WapAction.class.php 第 436 行.
NOTIC: [8] Undefined variable: curl D:\www\wg_tzhrmy\PigCms\Lib\Action\WapAction.class.php 第 432 行.
NOTIC: [2] curl_setopt() expects parameter 1 to be resource, null given D:\www\wg_tzhrmy\PigCms\Lib\Action\WapAction.class.php 第 432 行.
NOTIC: [8] Undefined variable: data D:\www\wg_tzhrmy\PigCms\Lib\Action\WapAction.class.php 第 436 行.
INFO: [ view_template ] --START--
INFO: Run LocationTemplate Behavior [ RunTime:-3.159181s ]
INFO: [ view_template ] --END-- [ RunTime:0.002000s ]
INFO: [ view_parse ] --START--
NOTIC: [8] Undefined index: headimgurl D:\www\wg_tzhrmy\Conf\logs\Cache\Wap\b2ce749b86e56e2ab4a45c57cca3547b.php 第 27 行.
NOTIC: [8] Undefined index: headimgurl D:\www\wg_tzhrmy\Conf\logs\Cache\Wap\b2ce749b86e56e2ab4a45c57cca3547b.php 第 27 行.
NOTIC: [8] Undefined index: createtime D:\www\wg_tzhrmy\Conf\logs\Cache\Wap\b2ce749b86e56e2ab4a45c57cca3547b.php 第 27 行.
NOTIC: [8] Undefined index: headimgurl D:\www\wg_tzhrmy\Conf\logs\Cache\Wap\b2ce749b86e56e2ab4a45c57cca3547b.php 第 27 行.
NOTIC: [8] Undefined index: headimgurl D:\www\wg_tzhrmy\Conf\logs\Cache\Wap\b2ce749b86e56e2ab4a45c57cca3547b.php 第 27 行.
NOTIC: [8] Undefined index: createtime D:\www\wg_tzhrmy\Conf\logs\Cache\Wap\b2ce749b86e56e2ab4a45c57cca3547b.php 第 27 行.
INFO: Run ParseTemplate Behavior [ RunTime:-3.161181s ]
INFO: [ view_parse ] --END-- [ RunTime:0.019001s ]
INFO: [ view_filter ] --START--
INFO: Run ContentReplace Behavior [ RunTime:-3.180182s ]
INFO: Run TokenBuild Behavior [ RunTime:-3.182182s ]
INFO: Run WriteHtmlCache Behavior [ RunTime:-3.183182s ]
INFO: Run ShowRuntime Behavior [ RunTime:-3.184182s ]
INFO: [ view_filter ] --END-- [ RunTime:0.006000s ]
INFO: [ view_end ] --START--
INFO: Run ShowPageTrace Behavior [ RunTime:-3.186182s ]
INFO: [ view_end ] --END-- [ RunTime:0.002000s ]

[ 2015-07-10T16:59:52+08:00 ] 0.0.0.0 /wg_tzhrmy/index.php?g=Wap&m=Distribution&a=followOrder&token=mhfcjx1421158741&wecha_id=o3mw-s2byHCb4QnPLFQlI-6vsOQo
INFO: [ app_begin ] --START--
INFO: Run ReadHtmlCache Behavior [ RunTime:0.001000s ]
INFO: [ app_begin ] --END-- [ RunTime:0.002000s ]
NOTIC: [8] Undefined index: HTTP_REFERER D:\www\wg_tzhrmy\Extend\Vendor\tongji\hm.php 第 74 行.
NOTIC: [2] unlink(./Conf/logs/Temp/6/9/694eae36a435d0d236a7a0164df28367.php): No such file or directory D:\www\wg_tzhrmy\Lib\Driver\Cache\CacheFile.class.php 第 176 行.
NOTIC: [2] unlink(./Conf/logs/Temp/2/d/2d3ed53150bf132337f55d98a62cd90a.php): No such file or directory D:\www\wg_tzhrmy\Lib\Driver\Cache\CacheFile.class.php 第 176 行.
NOTIC: [8] Undefined variable: access_str D:\www\wg_tzhrmy\PigCms\Lib\Action\WapAction.class.php 第 245 行.
INFO: [ view_template ] --START--
INFO: Run LocationTemplate Behavior [ RunTime:-1.328076s ]
INFO: [ view_template ] --END-- [ RunTime:0.001000s ]
INFO: [ view_parse ] --START--
NOTIC: [8] Undefined index: headimgurl D:\www\wg_tzhrmy\Conf\logs\Cache\Wap\b2ce749b86e56e2ab4a45c57cca3547b.php 第 27 行.
NOTIC: [8] Undefined index: headimgurl D:\www\wg_tzhrmy\Conf\logs\Cache\Wap\b2ce749b86e56e2ab4a45c57cca3547b.php 第 27 行.
NOTIC: [8] Undefined index: createtime D:\www\wg_tzhrmy\Conf\logs\Cache\Wap\b2ce749b86e56e2ab4a45c57cca3547b.php 第 27 行.
NOTIC: [8] Undefined index: headimgurl D:\www\wg_tzhrmy\Conf\logs\Cache\Wap\b2ce749b86e56e2ab4a45c57cca3547b.php 第 27 行.
NOTIC: [8] Undefined index: headimgurl D:\www\wg_tzhrmy\Conf\logs\Cache\Wap\b2ce749b86e56e2ab4a45c57cca3547b.php 第 27 行.
NOTIC: [8] Undefined index: createtime D:\www\wg_tzhrmy\Conf\logs\Cache\Wap\b2ce749b86e56e2ab4a45c57cca3547b.php 第 27 行.
INFO: Run ParseTemplate Behavior [ RunTime:-1.329076s ]
INFO: [ view_parse ] --END-- [ RunTime:0.015001s ]
INFO: [ view_filter ] --START--
INFO: Run ContentReplace Behavior [ RunTime:-1.344077s ]
INFO: Run TokenBuild Behavior [ RunTime:-1.345077s ]
INFO: Run WriteHtmlCache Behavior [ RunTime:-1.347077s ]
INFO: Run ShowRuntime Behavior [ RunTime:-1.348078s ]
INFO: [ view_filter ] --END-- [ RunTime:0.005001s ]
INFO: [ view_end ] --START--
INFO: Run ShowPageTrace Behavior [ RunTime:-1.349078s ]
INFO: [ view_end ] --END-- [ RunTime:0.001000s ]

[ 2015-07-10T17:00:15+08:00 ] 0.0.0.0 /wg_tzhrmy/index.php?g=Wap&m=Distribution&a=followOrder&token=mhfcjx1421158741&wecha_id=o3mw-s2byHCb4QnPLFQlI-6vsOQo
INFO: [ app_begin ] --START--
INFO: Run ReadHtmlCache Behavior [ RunTime:0.004001s ]
INFO: [ app_begin ] --END-- [ RunTime:0.004001s ]
NOTIC: [8] Undefined index: HTTP_REFERER D:\www\wg_tzhrmy\Extend\Vendor\tongji\hm.php 第 74 行.
NOTIC: [2] unlink(./Conf/logs/Temp/6/9/694eae36a435d0d236a7a0164df28367.php): No such file or directory D:\www\wg_tzhrmy\Lib\Driver\Cache\CacheFile.class.php 第 176 行.
NOTIC: [2] unlink(./Conf/logs/Temp/2/d/2d3ed53150bf132337f55d98a62cd90a.php): No such file or directory D:\www\wg_tzhrmy\Lib\Driver\Cache\CacheFile.class.php 第 176 行.
NOTIC: [8] Undefined variable: access_str D:\www\wg_tzhrmy\PigCms\Lib\Action\WapAction.class.php 第 245 行.
INFO: [ view_template ] --START--
INFO: Run LocationTemplate Behavior [ RunTime:-1.326075s ]
INFO: [ view_template ] --END-- [ RunTime:0.002001s ]
INFO: [ view_parse ] --START--
NOTIC: [8] Undefined index: headimgurl D:\www\wg_tzhrmy\Conf\logs\Cache\Wap\b2ce749b86e56e2ab4a45c57cca3547b.php 第 27 行.
NOTIC: [8] Undefined index: createtime D:\www\wg_tzhrmy\Conf\logs\Cache\Wap\b2ce749b86e56e2ab4a45c57cca3547b.php 第 27 行.
NOTIC: [8] Undefined index: headimgurl D:\www\wg_tzhrmy\Conf\logs\Cache\Wap\b2ce749b86e56e2ab4a45c57cca3547b.php 第 27 行.
NOTIC: [8] Undefined index: createtime D:\www\wg_tzhrmy\Conf\logs\Cache\Wap\b2ce749b86e56e2ab4a45c57cca3547b.php 第 27 行.
INFO: Run ParseTemplate Behavior [ RunTime:-1.328076s ]
INFO: [ view_parse ] --END-- [ RunTime:0.017001s ]
INFO: [ view_filter ] --START--
INFO: Run ContentReplace Behavior [ RunTime:-1.345077s ]
INFO: Run TokenBuild Behavior [ RunTime:-1.346077s ]
INFO: Run WriteHtmlCache Behavior [ RunTime:-1.348077s ]
INFO: Run ShowRuntime Behavior [ RunTime:-1.349077s ]
INFO: [ view_filter ] --END-- [ RunTime:0.005000s ]
INFO: [ view_end ] --START--
INFO: Run ShowPageTrace Behavior [ RunTime:-1.350077s ]
INFO: [ view_end ] --END-- [ RunTime:0.002000s ]

[ 2015-07-10T17:02:27+08:00 ] 0.0.0.0 /wg_tzhrmy/index.php?g=Wap&m=Distribution&a=followOrder&token=mhfcjx1421158741&wecha_id=o3mw-s2byHCb4QnPLFQlI-6vsOQo
INFO: [ app_begin ] --START--
INFO: Run ReadHtmlCache Behavior [ RunTime:0.002000s ]
INFO: [ app_begin ] --END-- [ RunTime:0.002000s ]
NOTIC: [8] Undefined index: HTTP_REFERER D:\www\wg_tzhrmy\Extend\Vendor\tongji\hm.php 第 74 行.
NOTIC: [2] unlink(./Conf/logs/Temp/6/9/694eae36a435d0d236a7a0164df28367.php): No such file or directory D:\www\wg_tzhrmy\Lib\Driver\Cache\CacheFile.class.php 第 176 行.
NOTIC: [2] unlink(./Conf/logs/Temp/2/d/2d3ed53150bf132337f55d98a62cd90a.php): No such file or directory D:\www\wg_tzhrmy\Lib\Driver\Cache\CacheFile.class.php 第 176 行.
NOTIC: [8] Undefined variable: access_str D:\www\wg_tzhrmy\PigCms\Lib\Action\WapAction.class.php 第 245 行.
INFO: [ view_template ] --START--
INFO: Run LocationTemplate Behavior [ RunTime:-1.379079s ]
INFO: [ view_template ] --END-- [ RunTime:0.002000s ]
INFO: [ view_parse ] --START--
INFO: Run ParseTemplate Behavior [ RunTime:-1.381079s ]
INFO: [ view_parse ] --END-- [ RunTime:0.047003s ]
INFO: [ view_filter ] --START--
INFO: Run ContentReplace Behavior [ RunTime:-1.429082s ]
INFO: Run TokenBuild Behavior [ RunTime:-1.430082s ]
INFO: Run WriteHtmlCache Behavior [ RunTime:-1.434082s ]
INFO: Run ShowRuntime Behavior [ RunTime:-1.435082s ]
INFO: [ view_filter ] --END-- [ RunTime:0.007000s ]
INFO: [ view_end ] --START--
INFO: Run ShowPageTrace Behavior [ RunTime:-1.436082s ]
INFO: [ view_end ] --END-- [ RunTime:0.001000s ]

[ 2015-07-10T17:03:48+08:00 ] 0.0.0.0 /wg_tzhrmy/index.php?g=Wap&m=Distribution&a=followOrder&token=mhfcjx1421158741&wecha_id=o3mw-s2byHCb4QnPLFQlI-6vsOQo
INFO: [ app_begin ] --START--
INFO: Run ReadHtmlCache Behavior [ RunTime:0.001000s ]
INFO: [ app_begin ] --END-- [ RunTime:0.001000s ]
NOTIC: [8] Undefined index: HTTP_REFERER D:\www\wg_tzhrmy\Extend\Vendor\tongji\hm.php 第 74 行.
NOTIC: [2] unlink(./Conf/logs/Temp/6/9/694eae36a435d0d236a7a0164df28367.php): No such file or directory D:\www\wg_tzhrmy\Lib\Driver\Cache\CacheFile.class.php 第 176 行.
NOTIC: [2] unlink(./Conf/logs/Temp/2/d/2d3ed53150bf132337f55d98a62cd90a.php): No such file or directory D:\www\wg_tzhrmy\Lib\Driver\Cache\CacheFile.class.php 第 176 行.
NOTIC: [8] Undefined variable: access_str D:\www\wg_tzhrmy\PigCms\Lib\Action\WapAction.class.php 第 245 行.
INFO: [ view_template ] --START--
INFO: Run LocationTemplate Behavior [ RunTime:-1.307075s ]
INFO: [ view_template ] --END-- [ RunTime:0.001000s ]
INFO: [ view_parse ] --START--
NOTIC: [8] Use of undefined constant from_member - assumed 'from_member' D:\www\wg_tzhrmy\Conf\logs\Cache\Wap\b2ce749b86e56e2ab4a45c57cca3547b.php 第 27 行.
NOTIC: [8] Use of undefined constant id - assumed 'id' D:\www\wg_tzhrmy\Conf\logs\Cache\Wap\b2ce749b86e56e2ab4a45c57cca3547b.php 第 27 行.
NOTIC: [8] Use of undefined constant from_member - assumed 'from_member' D:\www\wg_tzhrmy\Conf\logs\Cache\Wap\b2ce749b86e56e2ab4a45c57cca3547b.php 第 27 行.
NOTIC: [8] Use of undefined constant id - assumed 'id' D:\www\wg_tzhrmy\Conf\logs\Cache\Wap\b2ce749b86e56e2ab4a45c57cca3547b.php 第 27 行.
INFO: Run ParseTemplate Behavior [ RunTime:-1.309075s ]
INFO: [ view_parse ] --END-- [ RunTime:0.016001s ]
INFO: [ view_filter ] --START--
INFO: Run ContentReplace Behavior [ RunTime:-1.324076s ]
INFO: Run TokenBuild Behavior [ RunTime:-1.325076s ]
INFO: Run WriteHtmlCache Behavior [ RunTime:-1.327076s ]
INFO: Run ShowRuntime Behavior [ RunTime:-1.328076s ]
INFO: [ view_filter ] --END-- [ RunTime:0.005000s ]
INFO: [ view_end ] --START--
INFO: Run ShowPageTrace Behavior [ RunTime:-1.329076s ]
INFO: [ view_end ] --END-- [ RunTime:0.002001s ]

[ 2015-07-10T17:04:06+08:00 ] 0.0.0.0 /wg_tzhrmy/index.php?g=Wap&m=Distribution&a=followOrder&token=mhfcjx1421158741&wecha_id=o3mw-s2byHCb4QnPLFQlI-6vsOQo
INFO: [ app_begin ] --START--
INFO: Run ReadHtmlCache Behavior [ RunTime:0.001001s ]
INFO: [ app_begin ] --END-- [ RunTime:0.001001s ]
NOTIC: [8] Undefined index: HTTP_REFERER D:\www\wg_tzhrmy\Extend\Vendor\tongji\hm.php 第 74 行.
NOTIC: [2] unlink(./Conf/logs/Temp/6/9/694eae36a435d0d236a7a0164df28367.php): No such file or directory D:\www\wg_tzhrmy\Lib\Driver\Cache\CacheFile.class.php 第 176 行.
NOTIC: [2] unlink(./Conf/logs/Temp/2/d/2d3ed53150bf132337f55d98a62cd90a.php): No such file or directory D:\www\wg_tzhrmy\Lib\Driver\Cache\CacheFile.class.php 第 176 行.
NOTIC: [8] Undefined variable: access_str D:\www\wg_tzhrmy\PigCms\Lib\Action\WapAction.class.php 第 245 行.
INFO: [ view_template ] --START--
INFO: Run LocationTemplate Behavior [ RunTime:-1.299074s ]
INFO: [ view_template ] --END-- [ RunTime:0.001000s ]
INFO: [ view_parse ] --START--
NOTIC: [8] Use of undefined constant from_member - assumed 'from_member' D:\www\wg_tzhrmy\Conf\logs\Cache\Wap\b2ce749b86e56e2ab4a45c57cca3547b.php 第 27 行.
NOTIC: [8] Use of undefined constant id - assumed 'id' D:\www\wg_tzhrmy\Conf\logs\Cache\Wap\b2ce749b86e56e2ab4a45c57cca3547b.php 第 27 行.
NOTIC: [8] Use of undefined constant from_member - assumed 'from_member' D:\www\wg_tzhrmy\Conf\logs\Cache\Wap\b2ce749b86e56e2ab4a45c57cca3547b.php 第 27 行.
NOTIC: [8] Use of undefined constant id - assumed 'id' D:\www\wg_tzhrmy\Conf\logs\Cache\Wap\b2ce749b86e56e2ab4a45c57cca3547b.php 第 27 行.
INFO: Run ParseTemplate Behavior [ RunTime:-1.300074s ]
INFO: [ view_parse ] --END-- [ RunTime:0.016001s ]
INFO: [ view_filter ] --START--
INFO: Run ContentReplace Behavior [ RunTime:-1.316075s ]
INFO: Run TokenBuild Behavior [ RunTime:-1.317075s ]
INFO: Run WriteHtmlCache Behavior [ RunTime:-1.318075s ]
INFO: Run ShowRuntime Behavior [ RunTime:-1.319075s ]
INFO: [ view_filter ] --END-- [ RunTime:0.005000s ]
INFO: [ view_end ] --START--
INFO: Run ShowPageTrace Behavior [ RunTime:-1.321075s ]
INFO: [ view_end ] --END-- [ RunTime:0.002000s ]

[ 2015-07-10T17:04:28+08:00 ] 0.0.0.0 /wg_tzhrmy/index.php?g=Wap&m=Distribution&a=followOrder&token=mhfcjx1421158741&wecha_id=o3mw-s2byHCb4QnPLFQlI-6vsOQo
INFO: [ app_begin ] --START--
INFO: Run ReadHtmlCache Behavior [ RunTime:0.001000s ]
INFO: [ app_begin ] --END-- [ RunTime:0.001000s ]
NOTIC: [8] Undefined index: HTTP_REFERER D:\www\wg_tzhrmy\Extend\Vendor\tongji\hm.php 第 74 行.
NOTIC: [2] unlink(./Conf/logs/Temp/6/9/694eae36a435d0d236a7a0164df28367.php): No such file or directory D:\www\wg_tzhrmy\Lib\Driver\Cache\CacheFile.class.php 第 176 行.
NOTIC: [2] unlink(./Conf/logs/Temp/2/d/2d3ed53150bf132337f55d98a62cd90a.php): No such file or directory D:\www\wg_tzhrmy\Lib\Driver\Cache\CacheFile.class.php 第 176 行.
NOTIC: [8] Undefined variable: access_str D:\www\wg_tzhrmy\PigCms\Lib\Action\WapAction.class.php 第 245 行.
INFO: [ view_template ] --START--
INFO: Run LocationTemplate Behavior [ RunTime:-1.300074s ]
INFO: [ view_template ] --END-- [ RunTime:0.001000s ]
INFO: [ view_parse ] --START--
NOTIC: [8] Use of undefined constant from_member - assumed 'from_member' D:\www\wg_tzhrmy\Conf\logs\Cache\Wap\b2ce749b86e56e2ab4a45c57cca3547b.php 第 27 行.
NOTIC: [8] Use of undefined constant id - assumed 'id' D:\www\wg_tzhrmy\Conf\logs\Cache\Wap\b2ce749b86e56e2ab4a45c57cca3547b.php 第 27 行.
NOTIC: [8] Use of undefined constant from_member - assumed 'from_member' D:\www\wg_tzhrmy\Conf\logs\Cache\Wap\b2ce749b86e56e2ab4a45c57cca3547b.php 第 27 行.
NOTIC: [8] Use of undefined constant id - assumed 'id' D:\www\wg_tzhrmy\Conf\logs\Cache\Wap\b2ce749b86e56e2ab4a45c57cca3547b.php 第 27 行.
INFO: Run ParseTemplate Behavior [ RunTime:-1.302074s ]
INFO: [ view_parse ] --END-- [ RunTime:0.017001s ]
INFO: [ view_filter ] --START--
INFO: Run ContentReplace Behavior [ RunTime:-1.319075s ]
INFO: Run TokenBuild Behavior [ RunTime:-1.320075s ]
INFO: Run WriteHtmlCache Behavior [ RunTime:-1.321076s ]
INFO: Run ShowRuntime Behavior [ RunTime:-1.322076s ]
INFO: [ view_filter ] --END-- [ RunTime:0.005001s ]
INFO: [ view_end ] --START--
INFO: Run ShowPageTrace Behavior [ RunTime:-1.323076s ]
INFO: [ view_end ] --END-- [ RunTime:0.001000s ]

[ 2015-07-10T17:05:09+08:00 ] 0.0.0.0 /wg_tzhrmy/index.php?g=Wap&m=Distribution&a=followOrder&token=mhfcjx1421158741&wecha_id=o3mw-s2byHCb4QnPLFQlI-6vsOQo
INFO: [ app_begin ] --START--
INFO: Run ReadHtmlCache Behavior [ RunTime:0.002000s ]
INFO: [ app_begin ] --END-- [ RunTime:0.002000s ]
NOTIC: [8] Undefined index: HTTP_REFERER D:\www\wg_tzhrmy\Extend\Vendor\tongji\hm.php 第 74 行.
NOTIC: [2] unlink(./Conf/logs/Temp/6/9/694eae36a435d0d236a7a0164df28367.php): No such file or directory D:\www\wg_tzhrmy\Lib\Driver\Cache\CacheFile.class.php 第 176 行.
NOTIC: [2] unlink(./Conf/logs/Temp/2/d/2d3ed53150bf132337f55d98a62cd90a.php): No such file or directory D:\www\wg_tzhrmy\Lib\Driver\Cache\CacheFile.class.php 第 176 行.
NOTIC: [8] Undefined variable: access_str D:\www\wg_tzhrmy\PigCms\Lib\Action\WapAction.class.php 第 245 行.
INFO: [ view_template ] --START--
INFO: Run LocationTemplate Behavior [ RunTime:-1.314075s ]
INFO: [ view_template ] --END-- [ RunTime:0.002000s ]
INFO: [ view_parse ] --START--
NOTIC: [8] Use of undefined constant from_member - assumed 'from_member' D:\www\wg_tzhrmy\Conf\logs\Cache\Wap\b2ce749b86e56e2ab4a45c57cca3547b.php 第 27 行.
NOTIC: [8] Use of undefined constant id - assumed 'id' D:\www\wg_tzhrmy\Conf\logs\Cache\Wap\b2ce749b86e56e2ab4a45c57cca3547b.php 第 27 行.
NOTIC: [8] Use of undefined constant from_member - assumed 'from_member' D:\www\wg_tzhrmy\Conf\logs\Cache\Wap\b2ce749b86e56e2ab4a45c57cca3547b.php 第 27 行.
NOTIC: [8] Use of undefined constant id - assumed 'id' D:\www\wg_tzhrmy\Conf\logs\Cache\Wap\b2ce749b86e56e2ab4a45c57cca3547b.php 第 27 行.
INFO: Run ParseTemplate Behavior [ RunTime:-1.315075s ]
INFO: [ view_parse ] --END-- [ RunTime:0.016001s ]
INFO: [ view_filter ] --START--
INFO: Run ContentReplace Behavior [ RunTime:-1.331076s ]
INFO: Run TokenBuild Behavior [ RunTime:-1.333076s ]
INFO: Run WriteHtmlCache Behavior [ RunTime:-1.334076s ]
INFO: Run ShowRuntime Behavior [ RunTime:-1.336077s ]
INFO: [ view_filter ] --END-- [ RunTime:0.008001s ]
INFO: [ view_end ] --START--
INFO: Run ShowPageTrace Behavior [ RunTime:-1.340077s ]
INFO: [ view_end ] --END-- [ RunTime:0.002000s ]

[ 2015-07-10T17:07:41+08:00 ] 0.0.0.0 /wg_tzhrmy/index.php?g=Wap&m=Distribution&a=followOrder&token=mhfcjx1421158741&wecha_id=o3mw-s2byHCb4QnPLFQlI-6vsOQo
INFO: [ app_begin ] --START--
INFO: Run ReadHtmlCache Behavior [ RunTime:0.002000s ]
INFO: [ app_begin ] --END-- [ RunTime:0.003000s ]
NOTIC: [8] Undefined index: HTTP_REFERER D:\www\wg_tzhrmy\Extend\Vendor\tongji\hm.php 第 74 行.
NOTIC: [2] unlink(./Conf/logs/Temp/6/9/694eae36a435d0d236a7a0164df28367.php): No such file or directory D:\www\wg_tzhrmy\Lib\Driver\Cache\CacheFile.class.php 第 176 行.
NOTIC: [2] unlink(./Conf/logs/Temp/2/d/2d3ed53150bf132337f55d98a62cd90a.php): No such file or directory D:\www\wg_tzhrmy\Lib\Driver\Cache\CacheFile.class.php 第 176 行.
NOTIC: [8] Undefined variable: access_str D:\www\wg_tzhrmy\PigCms\Lib\Action\WapAction.class.php 第 245 行.
INFO: [ view_template ] --START--
INFO: Run LocationTemplate Behavior [ RunTime:-1.342077s ]
INFO: [ view_template ] --END-- [ RunTime:0.002000s ]
INFO: [ view_parse ] --START--
NOTIC: [8] Use of undefined constant from_member - assumed 'from_member' D:\www\wg_tzhrmy\Conf\logs\Cache\Wap\b2ce749b86e56e2ab4a45c57cca3547b.php 第 27 行.
NOTIC: [8] Use of undefined constant id - assumed 'id' D:\www\wg_tzhrmy\Conf\logs\Cache\Wap\b2ce749b86e56e2ab4a45c57cca3547b.php 第 27 行.
NOTIC: [8] Use of undefined constant from_member - assumed 'from_member' D:\www\wg_tzhrmy\Conf\logs\Cache\Wap\b2ce749b86e56e2ab4a45c57cca3547b.php 第 27 行.
NOTIC: [8] Use of undefined constant id - assumed 'id' D:\www\wg_tzhrmy\Conf\logs\Cache\Wap\b2ce749b86e56e2ab4a45c57cca3547b.php 第 27 行.
INFO: Run ParseTemplate Behavior [ RunTime:-1.343077s ]
INFO: [ view_parse ] --END-- [ RunTime:0.022001s ]
INFO: [ view_filter ] --START--
INFO: Run ContentReplace Behavior [ RunTime:-1.365078s ]
INFO: Run TokenBuild Behavior [ RunTime:-1.368078s ]
INFO: Run WriteHtmlCache Behavior [ RunTime:-1.373079s ]
INFO: Run ShowRuntime Behavior [ RunTime:-1.374079s ]
INFO: [ view_filter ] --END-- [ RunTime:0.010001s ]
INFO: [ view_end ] --START--
INFO: Run ShowPageTrace Behavior [ RunTime:-1.375079s ]
INFO: [ view_end ] --END-- [ RunTime:0.001000s ]

[ 2015-07-10T17:08:12+08:00 ] 0.0.0.0 /wg_tzhrmy/index.php?g=Wap&m=Distribution&a=followOrder&token=mhfcjx1421158741&wecha_id=o3mw-s2byHCb4QnPLFQlI-6vsOQo
INFO: [ app_begin ] --START--
INFO: Run ReadHtmlCache Behavior [ RunTime:0.002000s ]
INFO: [ app_begin ] --END-- [ RunTime:0.002000s ]
NOTIC: [8] Undefined index: HTTP_REFERER D:\www\wg_tzhrmy\Extend\Vendor\tongji\hm.php 第 74 行.
NOTIC: [2] unlink(./Conf/logs/Temp/6/9/694eae36a435d0d236a7a0164df28367.php): No such file or directory D:\www\wg_tzhrmy\Lib\Driver\Cache\CacheFile.class.php 第 176 行.
NOTIC: [2] unlink(./Conf/logs/Temp/2/d/2d3ed53150bf132337f55d98a62cd90a.php): No such file or directory D:\www\wg_tzhrmy\Lib\Driver\Cache\CacheFile.class.php 第 176 行.
NOTIC: [8] Undefined variable: access_str D:\www\wg_tzhrmy\PigCms\Lib\Action\WapAction.class.php 第 245 行.
INFO: [ view_template ] --START--
INFO: Run LocationTemplate Behavior [ RunTime:-1.321075s ]
INFO: [ view_template ] --END-- [ RunTime:0.002000s ]
INFO: [ view_parse ] --START--
NOTIC: [8] Use of undefined constant from_member - assumed 'from_member' D:\www\wg_tzhrmy\Conf\logs\Cache\Wap\b2ce749b86e56e2ab4a45c57cca3547b.php 第 27 行.
NOTIC: [8] Use of undefined constant id - assumed 'id' D:\www\wg_tzhrmy\Conf\logs\Cache\Wap\b2ce749b86e56e2ab4a45c57cca3547b.php 第 27 行.
NOTIC: [8] Use of undefined constant from_member - assumed 'from_member' D:\www\wg_tzhrmy\Conf\logs\Cache\Wap\b2ce749b86e56e2ab4a45c57cca3547b.php 第 27 行.
NOTIC: [8] Use of undefined constant id - assumed 'id' D:\www\wg_tzhrmy\Conf\logs\Cache\Wap\b2ce749b86e56e2ab4a45c57cca3547b.php 第 27 行.
INFO: Run ParseTemplate Behavior [ RunTime:-1.323075s ]
INFO: [ view_parse ] --END-- [ RunTime:0.018001s ]
INFO: [ view_filter ] --START--
INFO: Run ContentReplace Behavior [ RunTime:-1.341076s ]
INFO: Run TokenBuild Behavior [ RunTime:-1.342077s ]
INFO: Run WriteHtmlCache Behavior [ RunTime:-1.343077s ]
INFO: Run ShowRuntime Behavior [ RunTime:-1.343077s ]
INFO: [ view_filter ] --END-- [ RunTime:0.003001s ]
INFO: [ view_end ] --START--
INFO: Run ShowPageTrace Behavior [ RunTime:-1.344077s ]
INFO: [ view_end ] --END-- [ RunTime:0.003000s ]

[ 2015-07-10T17:20:46+08:00 ] 0.0.0.0 /wg_tzhrmy/index.php?g=Wap&m=Distribution&a=followOrder&token=mhfcjx1421158741&wecha_id=o3mw-s2byHCb4QnPLFQlI-6vsOQo
INFO: [ app_begin ] --START--
INFO: Run ReadHtmlCache Behavior [ RunTime:0.002001s ]
INFO: [ app_begin ] --END-- [ RunTime:0.002001s ]
NOTIC: [8] Undefined index: HTTP_REFERER D:\www\wg_tzhrmy\Extend\Vendor\tongji\hm.php 第 74 行.
NOTIC: [2] unlink(./Conf/logs/Temp/6/9/694eae36a435d0d236a7a0164df28367.php): No such file or directory D:\www\wg_tzhrmy\Lib\Driver\Cache\CacheFile.class.php 第 176 行.
NOTIC: [2] unlink(./Conf/logs/Temp/2/d/2d3ed53150bf132337f55d98a62cd90a.php): No such file or directory D:\www\wg_tzhrmy\Lib\Driver\Cache\CacheFile.class.php 第 176 行.
NOTIC: [8] Undefined variable: access_str D:\www\wg_tzhrmy\PigCms\Lib\Action\WapAction.class.php 第 245 行.
INFO: [ view_template ] --START--
INFO: Run LocationTemplate Behavior [ RunTime:-1.318075s ]
INFO: [ view_template ] --END-- [ RunTime:0.003000s ]
INFO: [ view_parse ] --START--
NOTIC: [8] Use of undefined constant from_member - assumed 'from_member' D:\www\wg_tzhrmy\Conf\logs\Cache\Wap\b2ce749b86e56e2ab4a45c57cca3547b.php 第 27 行.
NOTIC: [8] Use of undefined constant id - assumed 'id' D:\www\wg_tzhrmy\Conf\logs\Cache\Wap\b2ce749b86e56e2ab4a45c57cca3547b.php 第 27 行.
NOTIC: [8] Use of undefined constant from_member - assumed 'from_member' D:\www\wg_tzhrmy\Conf\logs\Cache\Wap\b2ce749b86e56e2ab4a45c57cca3547b.php 第 27 行.
NOTIC: [8] Use of undefined constant id - assumed 'id' D:\www\wg_tzhrmy\Conf\logs\Cache\Wap\b2ce749b86e56e2ab4a45c57cca3547b.php 第 27 行.
INFO: Run ParseTemplate Behavior [ RunTime:-1.321075s ]
INFO: [ view_parse ] --END-- [ RunTime:0.044003s ]
INFO: [ view_filter ] --START--
INFO: Run ContentReplace Behavior [ RunTime:-1.366078s ]
INFO: Run TokenBuild Behavior [ RunTime:-1.369078s ]
INFO: Run WriteHtmlCache Behavior [ RunTime:-1.371078s ]
INFO: Run ShowRuntime Behavior [ RunTime:-1.373078s ]
INFO: [ view_filter ] --END-- [ RunTime:0.008000s ]
INFO: [ view_end ] --START--
INFO: Run ShowPageTrace Behavior [ RunTime:-1.374078s ]
INFO: [ view_end ] --END-- [ RunTime:0.001000s ]

[ 2015-07-10T17:43:35+08:00 ] 0.0.0.0 /wg_tzhrmy/index.php?g=Wap&m=Distribution&a=followOrder&token=mhfcjx1421158741&wecha_id=o3mw-s2byHCb4QnPLFQlI-6vsOQo
INFO: [ app_begin ] --START--
INFO: Run ReadHtmlCache Behavior [ RunTime:0.004000s ]
INFO: [ app_begin ] --END-- [ RunTime:0.004000s ]
NOTIC: [8] Undefined index: HTTP_REFERER D:\www\wg_tzhrmy\Extend\Vendor\tongji\hm.php 第 74 行.
NOTIC: [2] unlink(./Conf/logs/Temp/6/9/694eae36a435d0d236a7a0164df28367.php): No such file or directory D:\www\wg_tzhrmy\Lib\Driver\Cache\CacheFile.class.php 第 176 行.
NOTIC: [2] unlink(./Conf/logs/Temp/2/d/2d3ed53150bf132337f55d98a62cd90a.php): No such file or directory D:\www\wg_tzhrmy\Lib\Driver\Cache\CacheFile.class.php 第 176 行.
NOTIC: [8] Undefined variable: curl D:\www\wg_tzhrmy\PigCms\Lib\Action\WapAction.class.php 第 432 行.
NOTIC: [2] curl_setopt() expects parameter 1 to be resource, null given D:\www\wg_tzhrmy\PigCms\Lib\Action\WapAction.class.php 第 432 行.
NOTIC: [8] Undefined variable: data D:\www\wg_tzhrmy\PigCms\Lib\Action\WapAction.class.php 第 436 行.
NOTIC: [8] Undefined variable: curl D:\www\wg_tzhrmy\PigCms\Lib\Action\WapAction.class.php 第 432 行.
NOTIC: [2] curl_setopt() expects parameter 1 to be resource, null given D:\www\wg_tzhrmy\PigCms\Lib\Action\WapAction.class.php 第 432 行.
NOTIC: [8] Undefined variable: data D:\www\wg_tzhrmy\PigCms\Lib\Action\WapAction.class.php 第 436 行.
INFO: [ view_template ] --START--
INFO: Run LocationTemplate Behavior [ RunTime:-8.036459s ]
INFO: [ view_template ] --END-- [ RunTime:0.003001s ]
INFO: [ view_parse ] --START--
NOTIC: [8] Use of undefined constant from_member - assumed 'from_member' D:\www\wg_tzhrmy\Conf\logs\Cache\Wap\b2ce749b86e56e2ab4a45c57cca3547b.php 第 27 行.
NOTIC: [8] Use of undefined constant id - assumed 'id' D:\www\wg_tzhrmy\Conf\logs\Cache\Wap\b2ce749b86e56e2ab4a45c57cca3547b.php 第 27 行.
NOTIC: [8] Use of undefined constant from_member - assumed 'from_member' D:\www\wg_tzhrmy\Conf\logs\Cache\Wap\b2ce749b86e56e2ab4a45c57cca3547b.php 第 27 行.
NOTIC: [8] Use of undefined constant id - assumed 'id' D:\www\wg_tzhrmy\Conf\logs\Cache\Wap\b2ce749b86e56e2ab4a45c57cca3547b.php 第 27 行.
INFO: Run ParseTemplate Behavior [ RunTime:-8.039460s ]
INFO: [ view_parse ] --END-- [ RunTime:0.062003s ]
INFO: [ view_filter ] --START--
INFO: Run ContentReplace Behavior [ RunTime:-8.101463s ]
INFO: Run TokenBuild Behavior [ RunTime:-8.103463s ]
INFO: Run WriteHtmlCache Behavior [ RunTime:-8.105463s ]
INFO: Run ShowRuntime Behavior [ RunTime:-8.108464s ]
INFO: [ view_filter ] --END-- [ RunTime:0.009001s ]
INFO: [ view_end ] --START--
INFO: Run ShowPageTrace Behavior [ RunTime:-8.110464s ]
INFO: [ view_end ] --END-- [ RunTime:0.003000s ]

[ 2015-07-10T17:44:31+08:00 ] 0.0.0.0 /wg_tzhrmy/index.php?g=Wap&m=Distribution&a=followOrder&token=mhfcjx1421158741&wecha_id=o3mw-s2byHCb4QnPLFQlI-6vsOQo
INFO: [ app_begin ] --START--
INFO: Run ReadHtmlCache Behavior [ RunTime:0.003000s ]
INFO: [ app_begin ] --END-- [ RunTime:0.003000s ]
NOTIC: [8] Undefined index: HTTP_REFERER D:\www\wg_tzhrmy\Extend\Vendor\tongji\hm.php 第 74 行.
NOTIC: [2] unlink(./Conf/logs/Temp/6/9/694eae36a435d0d236a7a0164df28367.php): No such file or directory D:\www\wg_tzhrmy\Lib\Driver\Cache\CacheFile.class.php 第 176 行.
NOTIC: [2] unlink(./Conf/logs/Temp/2/d/2d3ed53150bf132337f55d98a62cd90a.php): No such file or directory D:\www\wg_tzhrmy\Lib\Driver\Cache\CacheFile.class.php 第 176 行.
NOTIC: [8] Undefined variable: access_str D:\www\wg_tzhrmy\PigCms\Lib\Action\WapAction.class.php 第 245 行.
INFO: [ view_template ] --START--
INFO: Run LocationTemplate Behavior [ RunTime:-2.672153s ]
INFO: [ view_template ] --END-- [ RunTime:0.001000s ]
INFO: [ view_parse ] --START--
NOTIC: [8] Use of undefined constant from_member - assumed 'from_member' D:\www\wg_tzhrmy\Conf\logs\Cache\Wap\b2ce749b86e56e2ab4a45c57cca3547b.php 第 27 行.
NOTIC: [8] Use of undefined constant id - assumed 'id' D:\www\wg_tzhrmy\Conf\logs\Cache\Wap\b2ce749b86e56e2ab4a45c57cca3547b.php 第 27 行.
NOTIC: [8] Use of undefined constant from_member - assumed 'from_member' D:\www\wg_tzhrmy\Conf\logs\Cache\Wap\b2ce749b86e56e2ab4a45c57cca3547b.php 第 27 行.
NOTIC: [8] Use of undefined constant id - assumed 'id' D:\www\wg_tzhrmy\Conf\logs\Cache\Wap\b2ce749b86e56e2ab4a45c57cca3547b.php 第 27 行.
INFO: Run ParseTemplate Behavior [ RunTime:-2.674153s ]
INFO: [ view_parse ] --END-- [ RunTime:0.018001s ]
INFO: [ view_filter ] --START--
INFO: Run ContentReplace Behavior [ RunTime:-2.691154s ]
INFO: Run TokenBuild Behavior [ RunTime:-2.692154s ]
INFO: Run WriteHtmlCache Behavior [ RunTime:-2.693155s ]
INFO: Run ShowRuntime Behavior [ RunTime:-2.694155s ]
INFO: [ view_filter ] --END-- [ RunTime:0.003001s ]
INFO: [ view_end ] --START--
INFO: Run ShowPageTrace Behavior [ RunTime:-2.695155s ]
INFO: [ view_end ] --END-- [ RunTime:0.001000s ]

[ 2015-07-10T17:44:54+08:00 ] 0.0.0.0 /wg_tzhrmy/index.php?g=Wap&m=Distribution&a=followOrder&token=mhfcjx1421158741&wecha_id=o3mw-s2byHCb4QnPLFQlI-6vsOQo
INFO: [ app_begin ] --START--
INFO: Run ReadHtmlCache Behavior [ RunTime:0.002001s ]
INFO: [ app_begin ] --END-- [ RunTime:0.002001s ]
NOTIC: [8] Undefined index: HTTP_REFERER D:\www\wg_tzhrmy\Extend\Vendor\tongji\hm.php 第 74 行.
NOTIC: [2] unlink(./Conf/logs/Temp/6/9/694eae36a435d0d236a7a0164df28367.php): No such file or directory D:\www\wg_tzhrmy\Lib\Driver\Cache\CacheFile.class.php 第 176 行.
NOTIC: [2] unlink(./Conf/logs/Temp/2/d/2d3ed53150bf132337f55d98a62cd90a.php): No such file or directory D:\www\wg_tzhrmy\Lib\Driver\Cache\CacheFile.class.php 第 176 行.
NOTIC: [8] Undefined variable: access_str D:\www\wg_tzhrmy\PigCms\Lib\Action\WapAction.class.php 第 245 行.
INFO: [ view_template ] --START--
INFO: Run LocationTemplate Behavior [ RunTime:-3.817218s ]
INFO: [ view_template ] --END-- [ RunTime:0.004000s ]
INFO: [ view_parse ] --START--
NOTIC: [8] Undefined index: typename D:\www\wg_tzhrmy\Conf\logs\Cache\Wap\b2ce749b86e56e2ab4a45c57cca3547b.php 第 27 行.
NOTIC: [8] Use of undefined constant from_member - assumed 'from_member' D:\www\wg_tzhrmy\Conf\logs\Cache\Wap\b2ce749b86e56e2ab4a45c57cca3547b.php 第 27 行.
NOTIC: [8] Use of undefined constant id - assumed 'id' D:\www\wg_tzhrmy\Conf\logs\Cache\Wap\b2ce749b86e56e2ab4a45c57cca3547b.php 第 27 行.
NOTIC: [8] Use of undefined constant from_member - assumed 'from_member' D:\www\wg_tzhrmy\Conf\logs\Cache\Wap\b2ce749b86e56e2ab4a45c57cca3547b.php 第 27 行.
NOTIC: [8] Use of undefined constant id - assumed 'id' D:\www\wg_tzhrmy\Conf\logs\Cache\Wap\b2ce749b86e56e2ab4a45c57cca3547b.php 第 27 行.
INFO: Run ParseTemplate Behavior [ RunTime:-3.822218s ]
INFO: [ view_parse ] --END-- [ RunTime:0.062004s ]
INFO: [ view_filter ] --START--
INFO: Run ContentReplace Behavior [ RunTime:-3.884222s ]
INFO: Run TokenBuild Behavior [ RunTime:-3.886222s ]
INFO: Run WriteHtmlCache Behavior [ RunTime:-3.889222s ]
INFO: Run ShowRuntime Behavior [ RunTime:-3.892222s ]
INFO: [ view_filter ] --END-- [ RunTime:0.010000s ]
INFO: [ view_end ] --START--
INFO: Run ShowPageTrace Behavior [ RunTime:-3.894222s ]
INFO: [ view_end ] --END-- [ RunTime:0.003000s ]

