[ 2015-08-11T11:08:04+08:00 ] ERR: aa
[ 2015-08-11T15:00:35+08:00 ] ERR: (ThinkException) _MODULE_NOT_EXIST_:Distribution
[ 2015-08-11T15:00:41+08:00 ] ERR: (ThinkException) _MODULE_NOT_EXIST_:Distribution
[ 2015-08-11T15:00:42+08:00 ] ERR: (ThinkException) _MODULE_NOT_EXIST_:Distribution
[ 2015-08-11T15:03:30+08:00 ] ERR: (ThinkException) _MODULE_NOT_EXIST_:Patient
[ 2015-08-11T15:03:38+08:00 ] ERR: (ThinkException) _MODULE_NOT_EXIST_:Patient
[ 2015-08-11T15:04:16+08:00 ] ERR: (ThinkException) _MODULE_NOT_EXIST_:Patient
[ 2015-08-11T15:07:41+08:00 ] ERR: (ThinkException) _MODULE_NOT_EXIST_:Patient
[ 2015-08-11T15:07:41+08:00 ] ERR: (ThinkException) _MODULE_NOT_EXIST_:Patient
[ 2015-08-11T15:07:46+08:00 ] ERR: (ThinkException) _MODULE_NOT_EXIST_:Patient
[ 2015-08-11T15:09:49+08:00 ] ERR: (ThinkException) _MODULE_NOT_EXIST_:Patient
[ 2015-08-11T15:13:06+08:00 ] ERR: (ThinkException) _MODULE_NOT_EXIST_:Patient
[ 2015-08-11T15:13:25+08:00 ] ERR: (ThinkException) _MODULE_NOT_EXIST_:Distribution
[ 2015-08-11T15:14:33+08:00 ] ERR: (ThinkException) _MODULE_NOT_EXIST_:Patient
[ 2015-08-11T15:14:35+08:00 ] ERR: (ThinkException) _MODULE_NOT_EXIST_:Patient
[ 2015-08-11T15:15:21+08:00 ] ERR: (ThinkException) _TEMPLATE_NOT_EXIST_[./tpl/User/default/Distribution_member.html]
[ 2015-08-11T15:16:15+08:00 ] ERR: (ThinkException) _MODULE_NOT_EXIST_:Patient
[ 2015-08-11T15:16:31+08:00 ] ERR: (ThinkException) _TEMPLATE_NOT_EXIST_[./tpl/User/default/Distribution_member.html]
[ 2015-08-11T15:16:50+08:00 ] ERR: (ThinkException) _TEMPLATE_NOT_EXIST_[./tpl/User/default/Distribution_member.html]
[ 2015-08-11T15:17:30+08:00 ] ERR: (ThinkException) _TEMPLATE_NOT_EXIST_[./tpl/User/default/Distribution_Patient_member.html]
[ 2015-08-11T15:18:19+08:00 ] ERR: (ThinkException) _MODULE_NOT_EXIST_:Distribution
[ 2015-08-11T15:18:26+08:00 ] ERR: (ThinkException) _MODULE_NOT_EXIST_:Distribution
[ 2015-08-11T15:18:35+08:00 ] ERR: (ThinkException) _MODULE_NOT_EXIST_:Distribution
[ 2015-08-11T15:18:41+08:00 ] ERR: (ThinkException) _MODULE_NOT_EXIST_:Patient
[ 2015-08-11T15:19:18+08:00 ] ERR: (ThinkException) _MODULE_NOT_EXIST_:Distribution
[ 2015-08-11T15:19:23+08:00 ] ERR: (ThinkException) _MODULE_NOT_EXIST_:Patient
[ 2015-08-11T15:22:53+08:00 ] ERR: (ThinkException) Table 'tys.pigcms_patient' doesn't exist
 [ SQL语句 ] : SHOW COLUMNS FROM `pigcms_patient`
[ 2015-08-11T15:34:49+08:00 ] ERR: (ThinkException) _MODULE_NOT_EXIST_:Distribution
[ 2015-08-11T15:43:10+08:00 ] ERR: (ThinkException) Table 'tys.pigcms_patient' doesn't exist
 [ SQL语句 ] : SHOW COLUMNS FROM `pigcms_patient`
[ 2015-08-11T15:44:57+08:00 ] ERR: (ThinkException) _ERROR_ACTION_:index
[ 2015-08-11T15:45:15+08:00 ] ERR: (ThinkException) _ERROR_ACTION_:index
[ 2015-08-11T15:46:50+08:00 ] ERR: (ThinkException) _ERROR_ACTION_:index
[ 2015-08-11T15:48:46+08:00 ] ERR: (ThinkException) _ERROR_ACTION_:index
[ 2015-08-11T15:59:07+08:00 ] ERR: (ThinkException) _MODULE_NOT_EXIST_:Distribution
[ 2015-08-11T16:08:00+08:00 ] ERR: (ThinkException) _MODULE_NOT_EXIST_:Distribution
[ 2015-08-11T16:09:55+08:00 ] ERR: (ThinkException) _ERROR_ACTION_:member
[ 2015-08-11T16:10:19+08:00 ] ERR: (ThinkException) _MODULE_NOT_EXIST_:Distribution
[ 2015-08-11T16:10:23+08:00 ] ERR: (ThinkException) _MODULE_NOT_EXIST_:Distribution
[ 2015-08-11T16:20:47+08:00 ] ERR: (ThinkException) _MODULE_NOT_EXIST_:Distribution
[ 2015-08-11T16:21:40+08:00 ] ERR: (ThinkException) _MODULE_NOT_EXIST_:Distribution
[ 2015-08-11T16:25:12+08:00 ] ERR: (ThinkException) _TEMPLATE_NOT_EXIST_[./tpl/User/default/Patient_doctor.html]
[ 2015-08-11T16:26:32+08:00 ] ERR: (ThinkException) _MODULE_NOT_EXIST_:Distribution
[ 2015-08-11T17:22:13+08:00 ] ERR: (ThinkException) _MODULE_NOT_EXIST_:Distribution
[ 2015-08-11T17:35:50+08:00 ] ERR: (ThinkException) _MODULE_NOT_EXIST_:Distribution
