[ 2015-09-19T08:40:23+08:00 ] 127.0.0.1 /wg_tys/index.php?g=Wap&m=Consult&a=index
INFO: [ app_begin ] --START--
INFO: Run ReadHtmlCache Behavior [ RunTime:0.001000s ]
INFO: [ app_begin ] --END-- [ RunTime:0.001000s ]
NOTIC: [2048] Declaration of ConsultAction::insert() should be compatible with BaseAction::insert($name = '', $back = '/index') D:\WWW\wg_tys\PigCms\Lib\Action\Wap\ConsultAction.class.php 第 2 行.
NOTIC: [8] Undefined index: HTTP_REFERER D:\WWW\wg_tys\Extend\Vendor\tongji\hm.php 第 74 行.
NOTIC: [8] Undefined index: Hm_lpvt_d804bbf6e06872863e6110c106c5ac63 D:\WWW\wg_tys\Extend\Vendor\tongji\hm.php 第 78 行.
NOTIC: [2] unlink(./Conf/logs/Temp/8/b/8b27330c23d5c53e2409cb5a50d9703d.php): No such file or directory D:\WWW\wg_tys\Lib\Driver\Cache\CacheFile.class.php 第 176 行.
NOTIC: [8] Undefined index: wecha_id D:\WWW\wg_tys\PigCms\Lib\Action\WapAction.class.php 第 31 行.
NOTIC: [2] unlink(./Conf/logs/Temp/5/f/5fe1fc0e0fdbfbaff4ab677cf3a37648.php): No such file or directory D:\WWW\wg_tys\Lib\Driver\Cache\CacheFile.class.php 第 176 行.
NOTIC: [2] unlink(./Conf/logs/Temp/0/d/0d2c1c12d6393e604b6e35e960614004.php): No such file or directory D:\WWW\wg_tys\Lib\Driver\Cache\CacheFile.class.php 第 176 行.
NOTIC: [2] unlink(./Conf/logs/Temp/5/8/5848d5204b5e414e87c386581aa4207f.php): No such file or directory D:\WWW\wg_tys\Lib\Driver\Cache\CacheFile.class.php 第 176 行.
NOTIC: [2] unlink(./Conf/logs/Temp/e/f/efe21af28ac2c16b2c3515b7a677c7a3.php): No such file or directory D:\WWW\wg_tys\Lib\Driver\Cache\CacheFile.class.php 第 176 行.
NOTIC: [2] unlink(./Conf/logs/Temp/c/1/c12b83863679c53a027170a94c2d1853.php): No such file or directory D:\WWW\wg_tys\Lib\Driver\Cache\CacheFile.class.php 第 176 行.
NOTIC: [2] unlink(./Conf/logs/Temp/5/f/5f590e6483487102f9aedcd019d413c0.php): No such file or directory D:\WWW\wg_tys\Lib\Driver\Cache\CacheFile.class.php 第 176 行.

[ 2015-09-19T08:40:32+08:00 ] 127.0.0.1 /wg_tys/index.php?g=Wap&m=User&a=doctorlist
INFO: [ app_begin ] --START--
INFO: Run ReadHtmlCache Behavior [ RunTime:0.000000s ]
INFO: [ app_begin ] --END-- [ RunTime:0.000000s ]
NOTIC: [2048] Declaration of UserAction::insert() should be compatible with BaseAction::insert($name = '', $back = '/index') D:\WWW\wg_tys\PigCms\Lib\Action\Wap\UserAction.class.php 第 2 行.
NOTIC: [8] Undefined index: HTTP_REFERER D:\WWW\wg_tys\Extend\Vendor\tongji\hm.php 第 74 行.
NOTIC: [2] unlink(./Conf/logs/Temp/8/b/8b27330c23d5c53e2409cb5a50d9703d.php): No such file or directory D:\WWW\wg_tys\Lib\Driver\Cache\CacheFile.class.php 第 176 行.
NOTIC: [8] Undefined index: wecha_id D:\WWW\wg_tys\PigCms\Lib\Action\WapAction.class.php 第 31 行.
NOTIC: [2] unlink(./Conf/logs/Temp/5/f/5fe1fc0e0fdbfbaff4ab677cf3a37648.php): No such file or directory D:\WWW\wg_tys\Lib\Driver\Cache\CacheFile.class.php 第 176 行.
NOTIC: [2] unlink(./Conf/logs/Temp/0/d/0d2c1c12d6393e604b6e35e960614004.php): No such file or directory D:\WWW\wg_tys\Lib\Driver\Cache\CacheFile.class.php 第 176 行.
NOTIC: [2] unlink(./Conf/logs/Temp/5/8/5848d5204b5e414e87c386581aa4207f.php): No such file or directory D:\WWW\wg_tys\Lib\Driver\Cache\CacheFile.class.php 第 176 行.
NOTIC: [2] unlink(./Conf/logs/Temp/e/f/efe21af28ac2c16b2c3515b7a677c7a3.php): No such file or directory D:\WWW\wg_tys\Lib\Driver\Cache\CacheFile.class.php 第 176 行.
NOTIC: [2] unlink(./Conf/logs/Temp/c/1/c12b83863679c53a027170a94c2d1853.php): No such file or directory D:\WWW\wg_tys\Lib\Driver\Cache\CacheFile.class.php 第 176 行.
NOTIC: [2] unlink(./Conf/logs/Temp/5/f/5f590e6483487102f9aedcd019d413c0.php): No such file or directory D:\WWW\wg_tys\Lib\Driver\Cache\CacheFile.class.php 第 176 行.
INFO: [ view_template ] --START--
INFO: Run LocationTemplate Behavior [ RunTime:-1.078062s ]
INFO: [ view_template ] --END-- [ RunTime:0.001000s ]
INFO: [ view_parse ] --START--
NOTIC: [8] Undefined variable: doctor D:\WWW\wg_tys\Conf\logs\Cache\Wap\8a03e0401eabfe6610a55ca359b5e0d0.php 第 53 行.
NOTIC: [8] Undefined variable: did D:\WWW\wg_tys\Conf\logs\Cache\Wap\8a03e0401eabfe6610a55ca359b5e0d0.php 第 74 行.
INFO: Run ParseTemplate Behavior [ RunTime:-1.079062s ]
INFO: [ view_parse ] --END-- [ RunTime:0.017001s ]
INFO: [ view_filter ] --START--
INFO: Run ContentReplace Behavior [ RunTime:-1.096063s ]
INFO: Run TokenBuild Behavior [ RunTime:-1.096063s ]
INFO: Run WriteHtmlCache Behavior [ RunTime:-1.097063s ]
INFO: Run ShowRuntime Behavior [ RunTime:-1.097063s ]
INFO: [ view_filter ] --END-- [ RunTime:0.002000s ]
INFO: [ view_end ] --START--
INFO: Run ShowPageTrace Behavior [ RunTime:-1.098063s ]
INFO: [ view_end ] --END-- [ RunTime:0.000000s ]

[ 2015-09-19T08:41:32+08:00 ] 127.0.0.1 /wg_tys/index.php?g=Wap&m=User&a=customconsultb&did=64&cid=21
INFO: [ app_begin ] --START--
INFO: Run ReadHtmlCache Behavior [ RunTime:0.000000s ]
INFO: [ app_begin ] --END-- [ RunTime:0.000000s ]
NOTIC: [2048] Declaration of UserAction::insert() should be compatible with BaseAction::insert($name = '', $back = '/index') D:\WWW\wg_tys\PigCms\Lib\Action\Wap\UserAction.class.php 第 2 行.
NOTIC: [8] Undefined index: HTTP_REFERER D:\WWW\wg_tys\Extend\Vendor\tongji\hm.php 第 74 行.
NOTIC: [2] unlink(./Conf/logs/Temp/8/b/8b27330c23d5c53e2409cb5a50d9703d.php): No such file or directory D:\WWW\wg_tys\Lib\Driver\Cache\CacheFile.class.php 第 176 行.
NOTIC: [8] Undefined index: wecha_id D:\WWW\wg_tys\PigCms\Lib\Action\WapAction.class.php 第 31 行.
NOTIC: [2] unlink(./Conf/logs/Temp/5/f/5fe1fc0e0fdbfbaff4ab677cf3a37648.php): No such file or directory D:\WWW\wg_tys\Lib\Driver\Cache\CacheFile.class.php 第 176 行.
NOTIC: [2] unlink(./Conf/logs/Temp/0/d/0d2c1c12d6393e604b6e35e960614004.php): No such file or directory D:\WWW\wg_tys\Lib\Driver\Cache\CacheFile.class.php 第 176 行.
NOTIC: [2] unlink(./Conf/logs/Temp/5/8/5848d5204b5e414e87c386581aa4207f.php): No such file or directory D:\WWW\wg_tys\Lib\Driver\Cache\CacheFile.class.php 第 176 行.
NOTIC: [2] unlink(./Conf/logs/Temp/e/f/efe21af28ac2c16b2c3515b7a677c7a3.php): No such file or directory D:\WWW\wg_tys\Lib\Driver\Cache\CacheFile.class.php 第 176 行.
NOTIC: [2] unlink(./Conf/logs/Temp/c/1/c12b83863679c53a027170a94c2d1853.php): No such file or directory D:\WWW\wg_tys\Lib\Driver\Cache\CacheFile.class.php 第 176 行.
NOTIC: [2] unlink(./Conf/logs/Temp/5/f/5f590e6483487102f9aedcd019d413c0.php): No such file or directory D:\WWW\wg_tys\Lib\Driver\Cache\CacheFile.class.php 第 176 行.
NOTIC: [2] krsort() expects parameter 1 to be array, null given D:\WWW\wg_tys\PigCms\Lib\Action\Wap\UserAction.class.php 第 86 行.
INFO: [ view_template ] --START--
INFO: Run LocationTemplate Behavior [ RunTime:-1.080062s ]
INFO: [ view_template ] --END-- [ RunTime:0.000000s ]
INFO: [ view_parse ] --START--
NOTIC: [8] Use of undefined constant id - assumed 'id' D:\WWW\wg_tys\Conf\logs\Cache\Wap\f5f0d99382e770acebe349c86807d300.php 第 131 行.
INFO: Run ParseTemplate Behavior [ RunTime:-1.080062s ]
INFO: [ view_parse ] --END-- [ RunTime:0.007000s ]
INFO: [ view_filter ] --START--
INFO: Run ContentReplace Behavior [ RunTime:-1.087062s ]
INFO: Run TokenBuild Behavior [ RunTime:-1.087062s ]
INFO: Run WriteHtmlCache Behavior [ RunTime:-1.088063s ]
INFO: Run ShowRuntime Behavior [ RunTime:-1.088063s ]
INFO: [ view_filter ] --END-- [ RunTime:0.001001s ]
INFO: [ view_end ] --START--
INFO: Run ShowPageTrace Behavior [ RunTime:-1.088063s ]
INFO: [ view_end ] --END-- [ RunTime:0.001000s ]

[ 2015-09-19T08:41:38+08:00 ] 127.0.0.1 /wg_tys/index.php?g=Wap&m=Consult&a=refreshconsult&&cid=&did=64
INFO: [ app_begin ] --START--
INFO: Run ReadHtmlCache Behavior [ RunTime:0.000000s ]
INFO: [ app_begin ] --END-- [ RunTime:0.000000s ]
NOTIC: [2048] Declaration of ConsultAction::insert() should be compatible with BaseAction::insert($name = '', $back = '/index') D:\WWW\wg_tys\PigCms\Lib\Action\Wap\ConsultAction.class.php 第 2 行.
NOTIC: [2] unlink(./Conf/logs/Temp/8/b/8b27330c23d5c53e2409cb5a50d9703d.php): No such file or directory D:\WWW\wg_tys\Lib\Driver\Cache\CacheFile.class.php 第 176 行.
NOTIC: [8] Undefined index: wecha_id D:\WWW\wg_tys\PigCms\Lib\Action\WapAction.class.php 第 31 行.
NOTIC: [2] unlink(./Conf/logs/Temp/5/f/5fe1fc0e0fdbfbaff4ab677cf3a37648.php): No such file or directory D:\WWW\wg_tys\Lib\Driver\Cache\CacheFile.class.php 第 176 行.
NOTIC: [2] unlink(./Conf/logs/Temp/0/d/0d2c1c12d6393e604b6e35e960614004.php): No such file or directory D:\WWW\wg_tys\Lib\Driver\Cache\CacheFile.class.php 第 176 行.
NOTIC: [2] unlink(./Conf/logs/Temp/5/8/5848d5204b5e414e87c386581aa4207f.php): No such file or directory D:\WWW\wg_tys\Lib\Driver\Cache\CacheFile.class.php 第 176 行.
NOTIC: [2] unlink(./Conf/logs/Temp/e/f/efe21af28ac2c16b2c3515b7a677c7a3.php): No such file or directory D:\WWW\wg_tys\Lib\Driver\Cache\CacheFile.class.php 第 176 行.
NOTIC: [2] unlink(./Conf/logs/Temp/c/1/c12b83863679c53a027170a94c2d1853.php): No such file or directory D:\WWW\wg_tys\Lib\Driver\Cache\CacheFile.class.php 第 176 行.
NOTIC: [2] unlink(./Conf/logs/Temp/5/f/5f590e6483487102f9aedcd019d413c0.php): No such file or directory D:\WWW\wg_tys\Lib\Driver\Cache\CacheFile.class.php 第 176 行.

[ 2015-09-19T08:41:43+08:00 ] 127.0.0.1 /wg_tys/index.php?g=Wap&m=Consult&a=refreshconsult&&cid=&did=64
INFO: [ app_begin ] --START--
INFO: Run ReadHtmlCache Behavior [ RunTime:0.000000s ]
INFO: [ app_begin ] --END-- [ RunTime:0.000000s ]
NOTIC: [2048] Declaration of ConsultAction::insert() should be compatible with BaseAction::insert($name = '', $back = '/index') D:\WWW\wg_tys\PigCms\Lib\Action\Wap\ConsultAction.class.php 第 2 行.
NOTIC: [2] unlink(./Conf/logs/Temp/8/b/8b27330c23d5c53e2409cb5a50d9703d.php): No such file or directory D:\WWW\wg_tys\Lib\Driver\Cache\CacheFile.class.php 第 176 行.
NOTIC: [8] Undefined index: wecha_id D:\WWW\wg_tys\PigCms\Lib\Action\WapAction.class.php 第 31 行.
NOTIC: [2] unlink(./Conf/logs/Temp/5/f/5fe1fc0e0fdbfbaff4ab677cf3a37648.php): No such file or directory D:\WWW\wg_tys\Lib\Driver\Cache\CacheFile.class.php 第 176 行.
NOTIC: [2] unlink(./Conf/logs/Temp/0/d/0d2c1c12d6393e604b6e35e960614004.php): No such file or directory D:\WWW\wg_tys\Lib\Driver\Cache\CacheFile.class.php 第 176 行.
NOTIC: [2] unlink(./Conf/logs/Temp/5/8/5848d5204b5e414e87c386581aa4207f.php): No such file or directory D:\WWW\wg_tys\Lib\Driver\Cache\CacheFile.class.php 第 176 行.
NOTIC: [2] unlink(./Conf/logs/Temp/e/f/efe21af28ac2c16b2c3515b7a677c7a3.php): No such file or directory D:\WWW\wg_tys\Lib\Driver\Cache\CacheFile.class.php 第 176 行.
NOTIC: [2] unlink(./Conf/logs/Temp/c/1/c12b83863679c53a027170a94c2d1853.php): No such file or directory D:\WWW\wg_tys\Lib\Driver\Cache\CacheFile.class.php 第 176 行.
NOTIC: [2] unlink(./Conf/logs/Temp/5/f/5f590e6483487102f9aedcd019d413c0.php): No such file or directory D:\WWW\wg_tys\Lib\Driver\Cache\CacheFile.class.php 第 176 行.

[ 2015-09-19T08:56:28+08:00 ] 127.0.0.1 /wg_tys/index.php?g=Wap&m=User&a=doctorlist&
INFO: [ app_begin ] --START--
INFO: Run ReadHtmlCache Behavior [ RunTime:0.000000s ]
INFO: [ app_begin ] --END-- [ RunTime:0.000000s ]
NOTIC: [2048] Declaration of UserAction::insert() should be compatible with BaseAction::insert($name = '', $back = '/index') D:\WWW\wg_tys\PigCms\Lib\Action\Wap\UserAction.class.php 第 2 行.
NOTIC: [2] unlink(./Conf/logs/Temp/8/b/8b27330c23d5c53e2409cb5a50d9703d.php): No such file or directory D:\WWW\wg_tys\Lib\Driver\Cache\CacheFile.class.php 第 176 行.
NOTIC: [8] Undefined index: wecha_id D:\WWW\wg_tys\PigCms\Lib\Action\WapAction.class.php 第 31 行.
NOTIC: [2] unlink(./Conf/logs/Temp/5/f/5fe1fc0e0fdbfbaff4ab677cf3a37648.php): No such file or directory D:\WWW\wg_tys\Lib\Driver\Cache\CacheFile.class.php 第 176 行.
NOTIC: [2] unlink(./Conf/logs/Temp/0/d/0d2c1c12d6393e604b6e35e960614004.php): No such file or directory D:\WWW\wg_tys\Lib\Driver\Cache\CacheFile.class.php 第 176 行.
NOTIC: [2] unlink(./Conf/logs/Temp/5/8/5848d5204b5e414e87c386581aa4207f.php): No such file or directory D:\WWW\wg_tys\Lib\Driver\Cache\CacheFile.class.php 第 176 行.
NOTIC: [2] unlink(./Conf/logs/Temp/e/f/efe21af28ac2c16b2c3515b7a677c7a3.php): No such file or directory D:\WWW\wg_tys\Lib\Driver\Cache\CacheFile.class.php 第 176 行.
NOTIC: [2] unlink(./Conf/logs/Temp/c/1/c12b83863679c53a027170a94c2d1853.php): No such file or directory D:\WWW\wg_tys\Lib\Driver\Cache\CacheFile.class.php 第 176 行.
NOTIC: [2] unlink(./Conf/logs/Temp/5/f/5f590e6483487102f9aedcd019d413c0.php): No such file or directory D:\WWW\wg_tys\Lib\Driver\Cache\CacheFile.class.php 第 176 行.
INFO: [ view_template ] --START--
INFO: Run LocationTemplate Behavior [ RunTime:-1.063660s ]
INFO: [ view_template ] --END-- [ RunTime:0.001000s ]
INFO: [ view_parse ] --START--
NOTIC: [8] Undefined variable: doctor D:\WWW\wg_tys\Conf\logs\Cache\Wap\8a03e0401eabfe6610a55ca359b5e0d0.php 第 53 行.
NOTIC: [8] Undefined variable: did D:\WWW\wg_tys\Conf\logs\Cache\Wap\8a03e0401eabfe6610a55ca359b5e0d0.php 第 74 行.
INFO: Run ParseTemplate Behavior [ RunTime:-1.064660s ]
INFO: [ view_parse ] --END-- [ RunTime:0.007000s ]
INFO: [ view_filter ] --START--
INFO: Run ContentReplace Behavior [ RunTime:-1.071660s ]
INFO: Run TokenBuild Behavior [ RunTime:-1.072660s ]
INFO: Run WriteHtmlCache Behavior [ RunTime:-1.072660s ]
INFO: Run ShowRuntime Behavior [ RunTime:-1.072660s ]
INFO: [ view_filter ] --END-- [ RunTime:0.001000s ]
INFO: [ view_end ] --START--
INFO: Run ShowPageTrace Behavior [ RunTime:-1.072660s ]
INFO: [ view_end ] --END-- [ RunTime:0.001000s ]

