[ 2015-07-08T10:08:08+08:00 ] 0.0.0.0 /wg_tzhrmy/index.php?g=Home&m=Index&a=login
INFO: [ app_begin ] --START--
INFO: Run ReadHtmlCache Behavior [ RunTime:0.001000s ]
INFO: [ app_begin ] --END-- [ RunTime:0.001000s ]
NOTIC: [8] Undefined index: HTTP_REFERER D:\www\wg_tzhrmy\Extend\Vendor\tongji\hm.php 第 74 行.
INFO: [ view_template ] --START--
INFO: Run LocationTemplate Behavior [ RunTime:-0.009001s ]
INFO: [ view_template ] --END-- [ RunTime:0.041002s ]
INFO: [ view_parse ] --START--
INFO: Run ParseTemplate Behavior [ RunTime:-0.051003s ]
INFO: [ view_parse ] --END-- [ RunTime:0.073004s ]
INFO: [ view_filter ] --START--
INFO: Run ContentReplace Behavior [ RunTime:-0.123007s ]
INFO: Run TokenBuild Behavior [ RunTime:-0.124007s ]
INFO: Run WriteHtmlCache Behavior [ RunTime:-0.126008s ]
INFO: Run ShowRuntime Behavior [ RunTime:-0.127008s ]
INFO: [ view_filter ] --END-- [ RunTime:0.005001s ]
INFO: [ view_end ] --START--
INFO: Run ShowPageTrace Behavior [ RunTime:-0.128008s ]
INFO: [ view_end ] --END-- [ RunTime:0.004000s ]

[ 2015-07-08T10:08:16+08:00 ] 0.0.0.0 /wg_tzhrmy/index.php?m=Users&a=checklogin
INFO: [ app_begin ] --START--
INFO: Run ReadHtmlCache Behavior [ RunTime:0.001000s ]
INFO: [ app_begin ] --END-- [ RunTime:0.001000s ]
INFO: [ view_template ] --START--
INFO: Run LocationTemplate Behavior [ RunTime:-1.188068s ]
INFO: [ view_template ] --END-- [ RunTime:0.001000s ]
INFO: [ view_parse ] --START--
INFO: Run ParseTemplate Behavior [ RunTime:-1.189068s ]
INFO: [ view_parse ] --END-- [ RunTime:0.085005s ]
INFO: [ view_filter ] --START--
INFO: Run ContentReplace Behavior [ RunTime:-1.274073s ]
INFO: Run TokenBuild Behavior [ RunTime:-1.275073s ]
INFO: Run WriteHtmlCache Behavior [ RunTime:-1.276073s ]
INFO: Run ShowRuntime Behavior [ RunTime:-1.278073s ]
INFO: [ view_filter ] --END-- [ RunTime:0.005000s ]
INFO: [ view_end ] --START--
INFO: Run ShowPageTrace Behavior [ RunTime:-1.279073s ]
INFO: [ view_end ] --END-- [ RunTime:0.001000s ]

[ 2015-07-08T10:08:19+08:00 ] 0.0.0.0 /wg_tzhrmy/index.php?g=User&m=Index&a=index
INFO: [ app_begin ] --START--
INFO: Run ReadHtmlCache Behavior [ RunTime:0.001000s ]
INFO: [ app_begin ] --END-- [ RunTime:0.001000s ]
NOTIC: [2048] Declaration of IndexAction::insert() should be compatible with BaseAction::insert($name = '', $back = '/index') D:\www\wg_tzhrmy\PigCms\Lib\Action\User\IndexAction.class.php 第 2 行.
NOTIC: [8] Undefined index: width D:\www\wg_tzhrmy\PigCms\Lib\Action\UserAction.class.php 第 70 行.
INFO: [ view_template ] --START--
INFO: Run LocationTemplate Behavior [ RunTime:-1.149066s ]
INFO: [ view_template ] --END-- [ RunTime:0.002000s ]
INFO: [ view_parse ] --START--
NOTIC: [8] Use of undefined constant uid - assumed 'uid' D:\www\wg_tzhrmy\Conf\logs\Cache\User\56f7804e54d354c9c14b7fc522e75478.php 第 50 行.
NOTIC: [8] Use of undefined constant Common - assumed 'Common' D:\www\wg_tzhrmy\Conf\logs\Cache\User\56f7804e54d354c9c14b7fc522e75478.php 第 92 行.
NOTIC: [8] Undefined variable: demo D:\www\wg_tzhrmy\Conf\logs\Cache\User\56f7804e54d354c9c14b7fc522e75478.php 第 138 行.
NOTIC: [8] Undefined variable: alert D:\www\wg_tzhrmy\Conf\logs\Cache\User\56f7804e54d354c9c14b7fc522e75478.php 第 181 行.
INFO: Run ParseTemplate Behavior [ RunTime:-1.151066s ]
INFO: [ view_parse ] --END-- [ RunTime:0.028002s ]
INFO: [ view_filter ] --START--
INFO: Run ContentReplace Behavior [ RunTime:-1.179068s ]
INFO: Run TokenBuild Behavior [ RunTime:-1.180068s ]
INFO: Run WriteHtmlCache Behavior [ RunTime:-1.181068s ]
INFO: Run ShowRuntime Behavior [ RunTime:-1.182068s ]
INFO: [ view_filter ] --END-- [ RunTime:0.004000s ]
INFO: [ view_end ] --START--
INFO: Run ShowPageTrace Behavior [ RunTime:-1.183068s ]
INFO: [ view_end ] --END-- [ RunTime:0.001000s ]

