[ 2015-07-11T14:58:27+08:00 ] 0.0.0.0 /wg_tzhrmy/index.php?g=Wap&m=Distribution&a=collection&token=mhfcjx1421158741&wecha_id=o3mw-s2byHCb4QnPLFQlI-6vsOQo
INFO: [ app_begin ] --START--
INFO: Run ReadHtmlCache Behavior [ RunTime:0.147008s ]
INFO: [ app_begin ] --END-- [ RunTime:0.147008s ]
NOTIC: [8] Undefined index: HTTP_REFERER D:\www\wg_tzhrmy\Extend\Vendor\tongji\hm.php 第 74 行.
NOTIC: [8] Undefined index: Hm_lpvt_d804bbf6e06872863e6110c106c5ac63 D:\www\wg_tzhrmy\Extend\Vendor\tongji\hm.php 第 78 行.
NOTIC: [2] unlink(./Conf/logs/Temp/6/9/694eae36a435d0d236a7a0164df28367.php): No such file or directory D:\www\wg_tzhrmy\Lib\Driver\Cache\CacheFile.class.php 第 176 行.
NOTIC: [2] unlink(./Conf/logs/Temp/2/d/2d3ed53150bf132337f55d98a62cd90a.php): No such file or directory D:\www\wg_tzhrmy\Lib\Driver\Cache\CacheFile.class.php 第 176 行.
NOTIC: [8] Undefined variable: curl D:\www\wg_tzhrmy\PigCms\Lib\Action\WapAction.class.php 第 432 行.
NOTIC: [2] curl_setopt() expects parameter 1 to be resource, null given D:\www\wg_tzhrmy\PigCms\Lib\Action\WapAction.class.php 第 432 行.
NOTIC: [8] Undefined variable: data D:\www\wg_tzhrmy\PigCms\Lib\Action\WapAction.class.php 第 436 行.
NOTIC: [8] Undefined variable: curl D:\www\wg_tzhrmy\PigCms\Lib\Action\WapAction.class.php 第 432 行.
NOTIC: [2] curl_setopt() expects parameter 1 to be resource, null given D:\www\wg_tzhrmy\PigCms\Lib\Action\WapAction.class.php 第 432 行.
NOTIC: [8] Undefined variable: data D:\www\wg_tzhrmy\PigCms\Lib\Action\WapAction.class.php 第 436 行.
INFO: [ view_template ] --START--
INFO: Run LocationTemplate Behavior [ RunTime:-4.899281s ]
INFO: [ view_template ] --END-- [ RunTime:0.172009s ]
INFO: [ view_parse ] --START--
INFO: Run ParseTemplate Behavior [ RunTime:-5.071290s ]
INFO: [ view_parse ] --END-- [ RunTime:0.304018s ]
INFO: [ view_filter ] --START--
INFO: Run ContentReplace Behavior [ RunTime:-5.375308s ]
INFO: Run TokenBuild Behavior [ RunTime:-5.377308s ]
INFO: Run WriteHtmlCache Behavior [ RunTime:-5.378308s ]
INFO: Run ShowRuntime Behavior [ RunTime:-5.379308s ]
INFO: [ view_filter ] --END-- [ RunTime:0.006000s ]
INFO: [ view_end ] --START--
INFO: Run ShowPageTrace Behavior [ RunTime:-5.382308s ]
INFO: [ view_end ] --END-- [ RunTime:0.002000s ]

[ 2015-07-11T14:58:35+08:00 ] 0.0.0.0 /wg_tzhrmy/index.php?g=Wap&m=Distribution&a=index&token=mhfcjx1421158741&wecha_id=o3mw-s2byHCb4QnPLFQlI-6vsOQo
INFO: [ app_begin ] --START--
INFO: Run ReadHtmlCache Behavior [ RunTime:0.001000s ]
INFO: [ app_begin ] --END-- [ RunTime:0.001000s ]
NOTIC: [8] Undefined index: HTTP_REFERER D:\www\wg_tzhrmy\Extend\Vendor\tongji\hm.php 第 74 行.
NOTIC: [2] unlink(./Conf/logs/Temp/6/9/694eae36a435d0d236a7a0164df28367.php): No such file or directory D:\www\wg_tzhrmy\Lib\Driver\Cache\CacheFile.class.php 第 176 行.
NOTIC: [2] unlink(./Conf/logs/Temp/2/d/2d3ed53150bf132337f55d98a62cd90a.php): No such file or directory D:\www\wg_tzhrmy\Lib\Driver\Cache\CacheFile.class.php 第 176 行.
NOTIC: [8] Undefined variable: access_str D:\www\wg_tzhrmy\PigCms\Lib\Action\WapAction.class.php 第 245 行.
INFO: [ view_template ] --START--
INFO: Run LocationTemplate Behavior [ RunTime:-1.253071s ]
INFO: [ view_template ] --END-- [ RunTime:0.012001s ]
INFO: [ view_parse ] --START--
NOTIC: [8] Undefined index: notBe D:\www\wg_tzhrmy\Conf\logs\Cache\Wap\930fa0912aefd87b1445827948aea024.php 第 37 行.
INFO: Run ParseTemplate Behavior [ RunTime:-1.265072s ]
INFO: [ view_parse ] --END-- [ RunTime:0.055003s ]
INFO: [ view_filter ] --START--
INFO: Run ContentReplace Behavior [ RunTime:-1.320075s ]
INFO: Run TokenBuild Behavior [ RunTime:-1.322075s ]
INFO: Run WriteHtmlCache Behavior [ RunTime:-1.327076s ]
INFO: Run ShowRuntime Behavior [ RunTime:-1.328076s ]
INFO: [ view_filter ] --END-- [ RunTime:0.009001s ]
INFO: [ view_end ] --START--
INFO: Run ShowPageTrace Behavior [ RunTime:-1.329076s ]
INFO: [ view_end ] --END-- [ RunTime:0.002000s ]

[ 2015-07-11T14:58:46+08:00 ] 0.0.0.0 /wg_tzhrmy/index.php?g=Wap&m=Distribution&a=index&token=mhfcjx1421158741&wecha_id=o3mw-s2byHCb4QnPLFQlI-6vsOQo
INFO: [ app_begin ] --START--
INFO: Run ReadHtmlCache Behavior [ RunTime:0.001000s ]
INFO: [ app_begin ] --END-- [ RunTime:0.001000s ]
NOTIC: [8] Undefined index: HTTP_REFERER D:\www\wg_tzhrmy\Extend\Vendor\tongji\hm.php 第 74 行.
NOTIC: [2] unlink(./Conf/logs/Temp/6/9/694eae36a435d0d236a7a0164df28367.php): No such file or directory D:\www\wg_tzhrmy\Lib\Driver\Cache\CacheFile.class.php 第 176 行.
NOTIC: [2] unlink(./Conf/logs/Temp/2/d/2d3ed53150bf132337f55d98a62cd90a.php): No such file or directory D:\www\wg_tzhrmy\Lib\Driver\Cache\CacheFile.class.php 第 176 行.
NOTIC: [8] Undefined variable: access_str D:\www\wg_tzhrmy\PigCms\Lib\Action\WapAction.class.php 第 245 行.
INFO: [ view_template ] --START--
INFO: Run LocationTemplate Behavior [ RunTime:-1.254072s ]
INFO: [ view_template ] --END-- [ RunTime:0.002000s ]
INFO: [ view_parse ] --START--
NOTIC: [8] Undefined index: notBe D:\www\wg_tzhrmy\Conf\logs\Cache\Wap\930fa0912aefd87b1445827948aea024.php 第 37 行.
INFO: Run ParseTemplate Behavior [ RunTime:-1.256072s ]
INFO: [ view_parse ] --END-- [ RunTime:0.019001s ]
INFO: [ view_filter ] --START--
INFO: Run ContentReplace Behavior [ RunTime:-1.275073s ]
INFO: Run TokenBuild Behavior [ RunTime:-1.276073s ]
INFO: Run WriteHtmlCache Behavior [ RunTime:-1.277074s ]
INFO: Run ShowRuntime Behavior [ RunTime:-1.277074s ]
INFO: [ view_filter ] --END-- [ RunTime:0.003001s ]
INFO: [ view_end ] --START--
INFO: Run ShowPageTrace Behavior [ RunTime:-1.278074s ]
INFO: [ view_end ] --END-- [ RunTime:0.001000s ]

[ 2015-07-11T15:04:46+08:00 ] 0.0.0.0 /wg_tzhrmy/index.php?g=Wap&m=Distribution&a=index&token=mhfcjx1421158741&wecha_id=o3mw-s2byHCb4QnPLFQlI-6vsOQo
INFO: [ app_begin ] --START--
INFO: Run ReadHtmlCache Behavior [ RunTime:0.001000s ]
INFO: [ app_begin ] --END-- [ RunTime:0.002000s ]
NOTIC: [8] Undefined index: HTTP_REFERER D:\www\wg_tzhrmy\Extend\Vendor\tongji\hm.php 第 74 行.
NOTIC: [2] unlink(./Conf/logs/Temp/6/9/694eae36a435d0d236a7a0164df28367.php): No such file or directory D:\www\wg_tzhrmy\Lib\Driver\Cache\CacheFile.class.php 第 176 行.
NOTIC: [2] unlink(./Conf/logs/Temp/2/d/2d3ed53150bf132337f55d98a62cd90a.php): No such file or directory D:\www\wg_tzhrmy\Lib\Driver\Cache\CacheFile.class.php 第 176 行.
NOTIC: [8] Undefined variable: access_str D:\www\wg_tzhrmy\PigCms\Lib\Action\WapAction.class.php 第 245 行.
INFO: [ view_template ] --START--
INFO: Run LocationTemplate Behavior [ RunTime:-1.303074s ]
INFO: [ view_template ] --END-- [ RunTime:0.002000s ]
INFO: [ view_parse ] --START--
NOTIC: [8] Undefined index: notBe D:\www\wg_tzhrmy\Conf\logs\Cache\Wap\930fa0912aefd87b1445827948aea024.php 第 37 行.
INFO: Run ParseTemplate Behavior [ RunTime:-1.305074s ]
INFO: [ view_parse ] --END-- [ RunTime:0.050003s ]
INFO: [ view_filter ] --START--
INFO: Run ContentReplace Behavior [ RunTime:-1.355077s ]
INFO: Run TokenBuild Behavior [ RunTime:-1.357077s ]
INFO: Run WriteHtmlCache Behavior [ RunTime:-1.359078s ]
INFO: Run ShowRuntime Behavior [ RunTime:-1.360078s ]
INFO: [ view_filter ] --END-- [ RunTime:0.006001s ]
INFO: [ view_end ] --START--
INFO: Run ShowPageTrace Behavior [ RunTime:-1.361078s ]
INFO: [ view_end ] --END-- [ RunTime:0.002000s ]

[ 2015-07-11T15:05:09+08:00 ] 0.0.0.0 /wg_tzhrmy/index.php?g=Wap&m=Distribution&a=index&token=mhfcjx1421158741&wecha_id=o3mw-s2byHCb4QnPLFQlI-6vsOQo
INFO: [ app_begin ] --START--
INFO: Run ReadHtmlCache Behavior [ RunTime:0.001000s ]
INFO: [ app_begin ] --END-- [ RunTime:0.002000s ]
NOTIC: [8] Undefined index: HTTP_REFERER D:\www\wg_tzhrmy\Extend\Vendor\tongji\hm.php 第 74 行.
NOTIC: [2] unlink(./Conf/logs/Temp/6/9/694eae36a435d0d236a7a0164df28367.php): No such file or directory D:\www\wg_tzhrmy\Lib\Driver\Cache\CacheFile.class.php 第 176 行.
NOTIC: [2] unlink(./Conf/logs/Temp/2/d/2d3ed53150bf132337f55d98a62cd90a.php): No such file or directory D:\www\wg_tzhrmy\Lib\Driver\Cache\CacheFile.class.php 第 176 行.
NOTIC: [8] Undefined variable: access_str D:\www\wg_tzhrmy\PigCms\Lib\Action\WapAction.class.php 第 245 行.
INFO: [ view_template ] --START--
INFO: Run LocationTemplate Behavior [ RunTime:-1.302074s ]
INFO: [ view_template ] --END-- [ RunTime:0.001001s ]
INFO: [ view_parse ] --START--
NOTIC: [8] Undefined index: notBe D:\www\wg_tzhrmy\Conf\logs\Cache\Wap\930fa0912aefd87b1445827948aea024.php 第 37 行.
INFO: Run ParseTemplate Behavior [ RunTime:-1.303075s ]
INFO: [ view_parse ] --END-- [ RunTime:0.021001s ]
INFO: [ view_filter ] --START--
INFO: Run ContentReplace Behavior [ RunTime:-1.324076s ]
INFO: Run TokenBuild Behavior [ RunTime:-1.325076s ]
INFO: Run WriteHtmlCache Behavior [ RunTime:-1.325076s ]
INFO: Run ShowRuntime Behavior [ RunTime:-1.327076s ]
INFO: [ view_filter ] --END-- [ RunTime:0.003000s ]
INFO: [ view_end ] --START--
INFO: Run ShowPageTrace Behavior [ RunTime:-1.328076s ]
INFO: [ view_end ] --END-- [ RunTime:0.001000s ]

[ 2015-07-11T15:06:17+08:00 ] 0.0.0.0 /wg_tzhrmy/index.php?g=Wap&m=Distribution&a=index&token=mhfcjx1421158741&wecha_id=o3mw-s2byHCb4QnPLFQlI-6vsOQo
INFO: [ app_begin ] --START--
INFO: Run ReadHtmlCache Behavior [ RunTime:0.001000s ]
INFO: [ app_begin ] --END-- [ RunTime:0.001000s ]
NOTIC: [8] Undefined index: HTTP_REFERER D:\www\wg_tzhrmy\Extend\Vendor\tongji\hm.php 第 74 行.
NOTIC: [2] unlink(./Conf/logs/Temp/6/9/694eae36a435d0d236a7a0164df28367.php): No such file or directory D:\www\wg_tzhrmy\Lib\Driver\Cache\CacheFile.class.php 第 176 行.
NOTIC: [2] unlink(./Conf/logs/Temp/2/d/2d3ed53150bf132337f55d98a62cd90a.php): No such file or directory D:\www\wg_tzhrmy\Lib\Driver\Cache\CacheFile.class.php 第 176 行.
NOTIC: [8] Undefined variable: access_str D:\www\wg_tzhrmy\PigCms\Lib\Action\WapAction.class.php 第 245 行.
INFO: [ view_template ] --START--
INFO: Run LocationTemplate Behavior [ RunTime:-1.278073s ]
INFO: [ view_template ] --END-- [ RunTime:0.002000s ]
INFO: [ view_parse ] --START--
NOTIC: [8] Undefined index: notBe D:\www\wg_tzhrmy\Conf\logs\Cache\Wap\930fa0912aefd87b1445827948aea024.php 第 37 行.
INFO: Run ParseTemplate Behavior [ RunTime:-1.280073s ]
INFO: [ view_parse ] --END-- [ RunTime:0.019001s ]
INFO: [ view_filter ] --START--
INFO: Run ContentReplace Behavior [ RunTime:-1.299074s ]
INFO: Run TokenBuild Behavior [ RunTime:-1.301074s ]
INFO: Run WriteHtmlCache Behavior [ RunTime:-1.303074s ]
INFO: Run ShowRuntime Behavior [ RunTime:-1.303074s ]
INFO: [ view_filter ] --END-- [ RunTime:0.005000s ]
INFO: [ view_end ] --START--
INFO: Run ShowPageTrace Behavior [ RunTime:-1.304074s ]
INFO: [ view_end ] --END-- [ RunTime:0.001001s ]

[ 2015-07-11T15:07:11+08:00 ] 0.0.0.0 /wg_tzhrmy/index.php?g=Wap&m=Distribution&a=index&token=mhfcjx1421158741&wecha_id=o3mw-s2byHCb4QnPLFQlI-6vsOQo
INFO: [ app_begin ] --START--
INFO: Run ReadHtmlCache Behavior [ RunTime:0.002000s ]
INFO: [ app_begin ] --END-- [ RunTime:0.002000s ]
NOTIC: [8] Undefined index: HTTP_REFERER D:\www\wg_tzhrmy\Extend\Vendor\tongji\hm.php 第 74 行.
NOTIC: [2] unlink(./Conf/logs/Temp/6/9/694eae36a435d0d236a7a0164df28367.php): No such file or directory D:\www\wg_tzhrmy\Lib\Driver\Cache\CacheFile.class.php 第 176 行.
NOTIC: [2] unlink(./Conf/logs/Temp/2/d/2d3ed53150bf132337f55d98a62cd90a.php): No such file or directory D:\www\wg_tzhrmy\Lib\Driver\Cache\CacheFile.class.php 第 176 行.
NOTIC: [8] Undefined variable: access_str D:\www\wg_tzhrmy\PigCms\Lib\Action\WapAction.class.php 第 245 行.
INFO: [ view_template ] --START--
INFO: Run LocationTemplate Behavior [ RunTime:-1.330076s ]
INFO: [ view_template ] --END-- [ RunTime:0.003000s ]
INFO: [ view_parse ] --START--
NOTIC: [8] Undefined index: notBe D:\www\wg_tzhrmy\Conf\logs\Cache\Wap\930fa0912aefd87b1445827948aea024.php 第 37 行.
INFO: Run ParseTemplate Behavior [ RunTime:-1.333076s ]
INFO: [ view_parse ] --END-- [ RunTime:0.022002s ]
INFO: [ view_filter ] --START--
INFO: Run ContentReplace Behavior [ RunTime:-1.355078s ]
INFO: Run TokenBuild Behavior [ RunTime:-1.357078s ]
INFO: Run WriteHtmlCache Behavior [ RunTime:-1.358078s ]
INFO: Run ShowRuntime Behavior [ RunTime:-1.359078s ]
INFO: [ view_filter ] --END-- [ RunTime:0.005000s ]
INFO: [ view_end ] --START--
INFO: Run ShowPageTrace Behavior [ RunTime:-1.360078s ]
INFO: [ view_end ] --END-- [ RunTime:0.001000s ]

[ 2015-07-11T15:07:52+08:00 ] 0.0.0.0 /wg_tzhrmy/index.php?g=Wap&m=Distribution&a=index&token=mhfcjx1421158741&wecha_id=o3mw-s2byHCb4QnPLFQlI-6vsOQo
INFO: [ app_begin ] --START--
INFO: Run ReadHtmlCache Behavior [ RunTime:0.002000s ]
INFO: [ app_begin ] --END-- [ RunTime:0.002000s ]
NOTIC: [8] Undefined index: HTTP_REFERER D:\www\wg_tzhrmy\Extend\Vendor\tongji\hm.php 第 74 行.
NOTIC: [2] unlink(./Conf/logs/Temp/6/9/694eae36a435d0d236a7a0164df28367.php): No such file or directory D:\www\wg_tzhrmy\Lib\Driver\Cache\CacheFile.class.php 第 176 行.
NOTIC: [2] unlink(./Conf/logs/Temp/2/d/2d3ed53150bf132337f55d98a62cd90a.php): No such file or directory D:\www\wg_tzhrmy\Lib\Driver\Cache\CacheFile.class.php 第 176 行.
NOTIC: [8] Undefined variable: access_str D:\www\wg_tzhrmy\PigCms\Lib\Action\WapAction.class.php 第 245 行.
INFO: [ view_template ] --START--
INFO: Run LocationTemplate Behavior [ RunTime:-1.338076s ]
INFO: [ view_template ] --END-- [ RunTime:0.001000s ]
INFO: [ view_parse ] --START--
NOTIC: [8] Undefined index: notBe D:\www\wg_tzhrmy\Conf\logs\Cache\Wap\930fa0912aefd87b1445827948aea024.php 第 37 行.
INFO: Run ParseTemplate Behavior [ RunTime:-1.339076s ]
INFO: [ view_parse ] --END-- [ RunTime:0.018002s ]
INFO: [ view_filter ] --START--
INFO: Run ContentReplace Behavior [ RunTime:-1.357078s ]
INFO: Run TokenBuild Behavior [ RunTime:-1.358078s ]
INFO: Run WriteHtmlCache Behavior [ RunTime:-1.359078s ]
INFO: Run ShowRuntime Behavior [ RunTime:-1.360078s ]
INFO: [ view_filter ] --END-- [ RunTime:0.005000s ]
INFO: [ view_end ] --START--
INFO: Run ShowPageTrace Behavior [ RunTime:-1.362078s ]
INFO: [ view_end ] --END-- [ RunTime:0.005000s ]

[ 2015-07-11T15:08:06+08:00 ] 0.0.0.0 /wg_tzhrmy/index.php?g=Wap&m=Distribution&a=index&token=mhfcjx1421158741&wecha_id=o3mw-s2byHCb4QnPLFQlI-6vsOQo
INFO: [ app_begin ] --START--
INFO: Run ReadHtmlCache Behavior [ RunTime:0.001000s ]
INFO: [ app_begin ] --END-- [ RunTime:0.002000s ]
NOTIC: [8] Undefined index: HTTP_REFERER D:\www\wg_tzhrmy\Extend\Vendor\tongji\hm.php 第 74 行.
NOTIC: [2] unlink(./Conf/logs/Temp/6/9/694eae36a435d0d236a7a0164df28367.php): No such file or directory D:\www\wg_tzhrmy\Lib\Driver\Cache\CacheFile.class.php 第 176 行.
NOTIC: [2] unlink(./Conf/logs/Temp/2/d/2d3ed53150bf132337f55d98a62cd90a.php): No such file or directory D:\www\wg_tzhrmy\Lib\Driver\Cache\CacheFile.class.php 第 176 行.
NOTIC: [8] Undefined variable: access_str D:\www\wg_tzhrmy\PigCms\Lib\Action\WapAction.class.php 第 245 行.
INFO: [ view_template ] --START--
INFO: Run LocationTemplate Behavior [ RunTime:-1.309075s ]
INFO: [ view_template ] --END-- [ RunTime:0.001000s ]
INFO: [ view_parse ] --START--
NOTIC: [8] Undefined index: notBe D:\www\wg_tzhrmy\Conf\logs\Cache\Wap\930fa0912aefd87b1445827948aea024.php 第 37 行.
INFO: Run ParseTemplate Behavior [ RunTime:-1.310075s ]
INFO: [ view_parse ] --END-- [ RunTime:0.019001s ]
INFO: [ view_filter ] --START--
INFO: Run ContentReplace Behavior [ RunTime:-1.329076s ]
INFO: Run TokenBuild Behavior [ RunTime:-1.330076s ]
INFO: Run WriteHtmlCache Behavior [ RunTime:-1.331076s ]
INFO: Run ShowRuntime Behavior [ RunTime:-1.332076s ]
INFO: [ view_filter ] --END-- [ RunTime:0.004000s ]
INFO: [ view_end ] --START--
INFO: Run ShowPageTrace Behavior [ RunTime:-1.333076s ]
INFO: [ view_end ] --END-- [ RunTime:0.004000s ]

[ 2015-07-11T15:08:58+08:00 ] 0.0.0.0 /wg_tzhrmy/index.php?g=Wap&m=Distribution&a=index&token=mhfcjx1421158741&wecha_id=o3mw-s2byHCb4QnPLFQlI-6vsOQo
INFO: [ app_begin ] --START--
INFO: Run ReadHtmlCache Behavior [ RunTime:0.003000s ]
INFO: [ app_begin ] --END-- [ RunTime:0.003000s ]
NOTIC: [8] Undefined index: HTTP_REFERER D:\www\wg_tzhrmy\Extend\Vendor\tongji\hm.php 第 74 行.
NOTIC: [2] unlink(./Conf/logs/Temp/6/9/694eae36a435d0d236a7a0164df28367.php): No such file or directory D:\www\wg_tzhrmy\Lib\Driver\Cache\CacheFile.class.php 第 176 行.
NOTIC: [2] unlink(./Conf/logs/Temp/2/d/2d3ed53150bf132337f55d98a62cd90a.php): No such file or directory D:\www\wg_tzhrmy\Lib\Driver\Cache\CacheFile.class.php 第 176 行.
NOTIC: [8] Undefined variable: access_str D:\www\wg_tzhrmy\PigCms\Lib\Action\WapAction.class.php 第 245 行.
INFO: [ view_template ] --START--
INFO: Run LocationTemplate Behavior [ RunTime:-1.387079s ]
INFO: [ view_template ] --END-- [ RunTime:0.002000s ]
INFO: [ view_parse ] --START--
NOTIC: [8] Undefined index: notBe D:\www\wg_tzhrmy\Conf\logs\Cache\Wap\930fa0912aefd87b1445827948aea024.php 第 37 行.
INFO: Run ParseTemplate Behavior [ RunTime:-1.388079s ]
INFO: [ view_parse ] --END-- [ RunTime:0.024002s ]
INFO: [ view_filter ] --START--
INFO: Run ContentReplace Behavior [ RunTime:-1.413081s ]
INFO: Run TokenBuild Behavior [ RunTime:-1.413081s ]
INFO: Run WriteHtmlCache Behavior [ RunTime:-1.414081s ]
INFO: Run ShowRuntime Behavior [ RunTime:-1.415081s ]
INFO: [ view_filter ] --END-- [ RunTime:0.003000s ]
INFO: [ view_end ] --START--
INFO: Run ShowPageTrace Behavior [ RunTime:-1.415081s ]
INFO: [ view_end ] --END-- [ RunTime:0.002000s ]

[ 2015-07-11T15:14:56+08:00 ] 0.0.0.0 /wg_tzhrmy/index.php?g=Wap&m=Store&a=products&token=mhfcjx1421158741&wecha_id=o3mw-s2byHCb4QnPLFQlI-6vsOQo
INFO: [ app_begin ] --START--
INFO: Run ReadHtmlCache Behavior [ RunTime:0.001000s ]
INFO: [ app_begin ] --END-- [ RunTime:0.001000s ]
NOTIC: [2] unlink(./Conf/logs/Temp/6/9/694eae36a435d0d236a7a0164df28367.php): No such file or directory D:\www\wg_tzhrmy\Lib\Driver\Cache\CacheFile.class.php 第 176 行.
NOTIC: [2] unlink(./Conf/logs/Temp/2/d/2d3ed53150bf132337f55d98a62cd90a.php): No such file or directory D:\www\wg_tzhrmy\Lib\Driver\Cache\CacheFile.class.php 第 176 行.
NOTIC: [8] Undefined variable: access_str D:\www\wg_tzhrmy\PigCms\Lib\Action\WapAction.class.php 第 245 行.
INFO: [ view_template ] --START--
INFO: Run LocationTemplate Behavior [ RunTime:-1.328076s ]
INFO: [ view_template ] --END-- [ RunTime:0.002000s ]
INFO: [ view_parse ] --START--
NOTIC: [8] Undefined variable: hostlist D:\www\wg_tzhrmy\Conf\logs\Cache\Wap\e48cd0319a70291fe97a32ba8b935703.php 第 38 行.
NOTIC: [8] Undefined variable: hostlist D:\www\wg_tzhrmy\Conf\logs\Cache\Wap\e48cd0319a70291fe97a32ba8b935703.php 第 40 行.
NOTIC: [8] Undefined variable: cats D:\www\wg_tzhrmy\Conf\logs\Cache\Wap\e48cd0319a70291fe97a32ba8b935703.php 第 41 行.
NOTIC: [8] Undefined variable: thisCat D:\www\wg_tzhrmy\Conf\logs\Cache\Wap\e48cd0319a70291fe97a32ba8b935703.php 第 95 行.
NOTIC: [8] Undefined variable: isSearch D:\www\wg_tzhrmy\Conf\logs\Cache\Wap\e48cd0319a70291fe97a32ba8b935703.php 第 96 行.
NOTIC: [8] Undefined variable: thisCat D:\www\wg_tzhrmy\Conf\logs\Cache\Wap\e48cd0319a70291fe97a32ba8b935703.php 第 96 行.
INFO: Run ParseTemplate Behavior [ RunTime:-1.330076s ]
INFO: [ view_parse ] --END-- [ RunTime:0.094005s ]
INFO: [ view_filter ] --START--
INFO: Run ContentReplace Behavior [ RunTime:-1.424081s ]
INFO: Run TokenBuild Behavior [ RunTime:-1.426081s ]
INFO: Run WriteHtmlCache Behavior [ RunTime:-1.428081s ]
INFO: Run ShowRuntime Behavior [ RunTime:-1.429081s ]
INFO: [ view_filter ] --END-- [ RunTime:0.006000s ]
INFO: [ view_end ] --START--
INFO: Run ShowPageTrace Behavior [ RunTime:-1.430081s ]
INFO: [ view_end ] --END-- [ RunTime:0.002001s ]

[ 2015-07-11T15:15:26+08:00 ] 0.0.0.0 /wg_tzhrmy/index.php?g=Wap&m=Distribution&a=index&token=mhfcjx1421158741&wecha_id=o3mw-s2byHCb4QnPLFQlI-6vsOQo
INFO: [ app_begin ] --START--
INFO: Run ReadHtmlCache Behavior [ RunTime:0.003000s ]
INFO: [ app_begin ] --END-- [ RunTime:0.003000s ]
NOTIC: [8] Undefined index: HTTP_REFERER D:\www\wg_tzhrmy\Extend\Vendor\tongji\hm.php 第 74 行.
NOTIC: [2] unlink(./Conf/logs/Temp/6/9/694eae36a435d0d236a7a0164df28367.php): No such file or directory D:\www\wg_tzhrmy\Lib\Driver\Cache\CacheFile.class.php 第 176 行.
NOTIC: [2] unlink(./Conf/logs/Temp/2/d/2d3ed53150bf132337f55d98a62cd90a.php): No such file or directory D:\www\wg_tzhrmy\Lib\Driver\Cache\CacheFile.class.php 第 176 行.
NOTIC: [8] Undefined variable: access_str D:\www\wg_tzhrmy\PigCms\Lib\Action\WapAction.class.php 第 245 行.
INFO: [ view_template ] --START--
INFO: Run LocationTemplate Behavior [ RunTime:-1.295074s ]
INFO: [ view_template ] --END-- [ RunTime:0.002000s ]
INFO: [ view_parse ] --START--
NOTIC: [8] Undefined index: notBe D:\www\wg_tzhrmy\Conf\logs\Cache\Wap\930fa0912aefd87b1445827948aea024.php 第 37 行.
INFO: Run ParseTemplate Behavior [ RunTime:-1.297074s ]
INFO: [ view_parse ] --END-- [ RunTime:0.023001s ]
INFO: [ view_filter ] --START--
INFO: Run ContentReplace Behavior [ RunTime:-1.320075s ]
INFO: Run TokenBuild Behavior [ RunTime:-1.322076s ]
INFO: Run WriteHtmlCache Behavior [ RunTime:-1.324076s ]
INFO: Run ShowRuntime Behavior [ RunTime:-1.326076s ]
INFO: [ view_filter ] --END-- [ RunTime:0.008001s ]
INFO: [ view_end ] --START--
INFO: Run ShowPageTrace Behavior [ RunTime:-1.328076s ]
INFO: [ view_end ] --END-- [ RunTime:0.001000s ]

[ 2015-07-11T15:30:35+08:00 ] 0.0.0.0 /wg_tzhrmy/index.php?g=Wap&m=Distribution&a=index&token=mhfcjx1421158741&wecha_id=o3mw-s2byHCb4QnPLFQlI-6vsOQo
INFO: [ app_begin ] --START--
INFO: Run ReadHtmlCache Behavior [ RunTime:0.001000s ]
INFO: [ app_begin ] --END-- [ RunTime:0.001000s ]
NOTIC: [8] Undefined index: HTTP_REFERER D:\www\wg_tzhrmy\Extend\Vendor\tongji\hm.php 第 74 行.
NOTIC: [2] unlink(./Conf/logs/Temp/6/9/694eae36a435d0d236a7a0164df28367.php): No such file or directory D:\www\wg_tzhrmy\Lib\Driver\Cache\CacheFile.class.php 第 176 行.
NOTIC: [2] unlink(./Conf/logs/Temp/2/d/2d3ed53150bf132337f55d98a62cd90a.php): No such file or directory D:\www\wg_tzhrmy\Lib\Driver\Cache\CacheFile.class.php 第 176 行.
NOTIC: [8] Undefined variable: curl D:\www\wg_tzhrmy\PigCms\Lib\Action\WapAction.class.php 第 432 行.
NOTIC: [2] curl_setopt() expects parameter 1 to be resource, null given D:\www\wg_tzhrmy\PigCms\Lib\Action\WapAction.class.php 第 432 行.
NOTIC: [8] Undefined variable: data D:\www\wg_tzhrmy\PigCms\Lib\Action\WapAction.class.php 第 436 行.
NOTIC: [8] Undefined variable: curl D:\www\wg_tzhrmy\PigCms\Lib\Action\WapAction.class.php 第 432 行.
NOTIC: [2] curl_setopt() expects parameter 1 to be resource, null given D:\www\wg_tzhrmy\PigCms\Lib\Action\WapAction.class.php 第 432 行.
NOTIC: [8] Undefined variable: data D:\www\wg_tzhrmy\PigCms\Lib\Action\WapAction.class.php 第 436 行.
INFO: [ view_template ] --START--
INFO: Run LocationTemplate Behavior [ RunTime:-2.696154s ]
INFO: [ view_template ] --END-- [ RunTime:0.002000s ]
INFO: [ view_parse ] --START--
NOTIC: [8] Undefined index: notBe D:\www\wg_tzhrmy\Conf\logs\Cache\Wap\930fa0912aefd87b1445827948aea024.php 第 37 行.
INFO: Run ParseTemplate Behavior [ RunTime:-2.698154s ]
INFO: [ view_parse ] --END-- [ RunTime:0.049003s ]
INFO: [ view_filter ] --START--
INFO: Run ContentReplace Behavior [ RunTime:-2.747157s ]
INFO: Run TokenBuild Behavior [ RunTime:-2.748157s ]
INFO: Run WriteHtmlCache Behavior [ RunTime:-2.749157s ]
INFO: Run ShowRuntime Behavior [ RunTime:-2.750157s ]
INFO: [ view_filter ] --END-- [ RunTime:0.005000s ]
INFO: [ view_end ] --START--
INFO: Run ShowPageTrace Behavior [ RunTime:-2.752157s ]
INFO: [ view_end ] --END-- [ RunTime:0.002000s ]

[ 2015-07-11T15:31:55+08:00 ] 0.0.0.0 /wg_tzhrmy/index.php?g=Wap&m=Distribution&a=index&token=mhfcjx1421158741&wecha_id=o3mw-s2byHCb4QnPLFQlI-6vsOQo
INFO: [ app_begin ] --START--
INFO: Run ReadHtmlCache Behavior [ RunTime:0.002001s ]
INFO: [ app_begin ] --END-- [ RunTime:0.002001s ]
NOTIC: [8] Undefined index: HTTP_REFERER D:\www\wg_tzhrmy\Extend\Vendor\tongji\hm.php 第 74 行.
NOTIC: [2] unlink(./Conf/logs/Temp/6/9/694eae36a435d0d236a7a0164df28367.php): No such file or directory D:\www\wg_tzhrmy\Lib\Driver\Cache\CacheFile.class.php 第 176 行.
NOTIC: [2] unlink(./Conf/logs/Temp/2/d/2d3ed53150bf132337f55d98a62cd90a.php): No such file or directory D:\www\wg_tzhrmy\Lib\Driver\Cache\CacheFile.class.php 第 176 行.
NOTIC: [8] Undefined variable: access_str D:\www\wg_tzhrmy\PigCms\Lib\Action\WapAction.class.php 第 245 行.
INFO: [ view_template ] --START--
INFO: Run LocationTemplate Behavior [ RunTime:-1.277073s ]
INFO: [ view_template ] --END-- [ RunTime:0.001000s ]
INFO: [ view_parse ] --START--
NOTIC: [8] Undefined index: notBe D:\www\wg_tzhrmy\Conf\logs\Cache\Wap\930fa0912aefd87b1445827948aea024.php 第 37 行.
INFO: Run ParseTemplate Behavior [ RunTime:-1.278073s ]
INFO: [ view_parse ] --END-- [ RunTime:0.021001s ]
INFO: [ view_filter ] --START--
INFO: Run ContentReplace Behavior [ RunTime:-1.299074s ]
INFO: Run TokenBuild Behavior [ RunTime:-1.300074s ]
INFO: Run WriteHtmlCache Behavior [ RunTime:-1.301074s ]
INFO: Run ShowRuntime Behavior [ RunTime:-1.302074s ]
INFO: [ view_filter ] --END-- [ RunTime:0.004000s ]
INFO: [ view_end ] --START--
INFO: Run ShowPageTrace Behavior [ RunTime:-1.303074s ]
INFO: [ view_end ] --END-- [ RunTime:0.001000s ]

[ 2015-07-11T15:34:29+08:00 ] 0.0.0.0 /wg_tzhrmy/index.php?g=Wap&m=Distribution&a=index&token=mhfcjx1421158741&wecha_id=o3mw-s2byHCb4QnPLFQlI-6vsOQo
INFO: [ app_begin ] --START--
INFO: Run ReadHtmlCache Behavior [ RunTime:0.001000s ]
INFO: [ app_begin ] --END-- [ RunTime:0.002001s ]
NOTIC: [8] Undefined index: HTTP_REFERER D:\www\wg_tzhrmy\Extend\Vendor\tongji\hm.php 第 74 行.
NOTIC: [2] unlink(./Conf/logs/Temp/6/9/694eae36a435d0d236a7a0164df28367.php): No such file or directory D:\www\wg_tzhrmy\Lib\Driver\Cache\CacheFile.class.php 第 176 行.
NOTIC: [2] unlink(./Conf/logs/Temp/2/d/2d3ed53150bf132337f55d98a62cd90a.php): No such file or directory D:\www\wg_tzhrmy\Lib\Driver\Cache\CacheFile.class.php 第 176 行.
NOTIC: [8] Undefined variable: access_str D:\www\wg_tzhrmy\PigCms\Lib\Action\WapAction.class.php 第 245 行.
INFO: [ view_template ] --START--
INFO: Run LocationTemplate Behavior [ RunTime:-1.323075s ]
INFO: [ view_template ] --END-- [ RunTime:0.002000s ]
INFO: [ view_parse ] --START--
NOTIC: [8] Undefined index: notBe D:\www\wg_tzhrmy\Conf\logs\Cache\Wap\930fa0912aefd87b1445827948aea024.php 第 37 行.
INFO: Run ParseTemplate Behavior [ RunTime:-1.325075s ]
INFO: [ view_parse ] --END-- [ RunTime:0.054003s ]
INFO: [ view_filter ] --START--
INFO: Run ContentReplace Behavior [ RunTime:-1.379078s ]
INFO: Run TokenBuild Behavior [ RunTime:-1.380079s ]
INFO: Run WriteHtmlCache Behavior [ RunTime:-1.382079s ]
INFO: Run ShowRuntime Behavior [ RunTime:-1.383079s ]
INFO: [ view_filter ] --END-- [ RunTime:0.005001s ]
INFO: [ view_end ] --START--
INFO: Run ShowPageTrace Behavior [ RunTime:-1.384079s ]
INFO: [ view_end ] --END-- [ RunTime:0.002000s ]

[ 2015-07-11T15:34:36+08:00 ] 0.0.0.0 /wg_tzhrmy/index.php?&g=Wap&m=Distribution&a=index&token=mhfcjx1421158741&wecha_id=o3mw-s2byHCb4QnPLFQlI-6vsOQo
INFO: [ app_begin ] --START--
INFO: Run ReadHtmlCache Behavior [ RunTime:0.002000s ]
INFO: [ app_begin ] --END-- [ RunTime:0.002000s ]
NOTIC: [2] unlink(./Conf/logs/Temp/6/9/694eae36a435d0d236a7a0164df28367.php): No such file or directory D:\www\wg_tzhrmy\Lib\Driver\Cache\CacheFile.class.php 第 176 行.
NOTIC: [2] unlink(./Conf/logs/Temp/2/d/2d3ed53150bf132337f55d98a62cd90a.php): No such file or directory D:\www\wg_tzhrmy\Lib\Driver\Cache\CacheFile.class.php 第 176 行.
NOTIC: [8] Undefined variable: access_str D:\www\wg_tzhrmy\PigCms\Lib\Action\WapAction.class.php 第 245 行.
INFO: [ view_template ] --START--
INFO: Run LocationTemplate Behavior [ RunTime:-1.294074s ]
INFO: [ view_template ] --END-- [ RunTime:0.002000s ]
INFO: [ view_parse ] --START--
NOTIC: [8] Undefined index: notBe D:\www\wg_tzhrmy\Conf\logs\Cache\Wap\930fa0912aefd87b1445827948aea024.php 第 37 行.
INFO: Run ParseTemplate Behavior [ RunTime:-1.296074s ]
INFO: [ view_parse ] --END-- [ RunTime:0.025001s ]
INFO: [ view_filter ] --START--
INFO: Run ContentReplace Behavior [ RunTime:-1.321075s ]
INFO: Run TokenBuild Behavior [ RunTime:-1.323075s ]
INFO: Run WriteHtmlCache Behavior [ RunTime:-1.325075s ]
INFO: Run ShowRuntime Behavior [ RunTime:-1.326076s ]
INFO: [ view_filter ] --END-- [ RunTime:0.007001s ]
INFO: [ view_end ] --START--
INFO: Run ShowPageTrace Behavior [ RunTime:-1.328076s ]
INFO: [ view_end ] --END-- [ RunTime:0.002000s ]

[ 2015-07-11T15:40:07+08:00 ] 0.0.0.0 /wg_tzhrmy/index.php?&g=Wap&m=Distribution&a=index&token=mhfcjx1421158741&wecha_id=o3mw-s2byHCb4QnPLFQlI-6vsOQo
INFO: [ app_begin ] --START--
INFO: Run ReadHtmlCache Behavior [ RunTime:0.001000s ]
INFO: [ app_begin ] --END-- [ RunTime:0.001000s ]
NOTIC: [8] Undefined index: HTTP_REFERER D:\www\wg_tzhrmy\Extend\Vendor\tongji\hm.php 第 74 行.
NOTIC: [2] unlink(./Conf/logs/Temp/6/9/694eae36a435d0d236a7a0164df28367.php): No such file or directory D:\www\wg_tzhrmy\Lib\Driver\Cache\CacheFile.class.php 第 176 行.
NOTIC: [2] unlink(./Conf/logs/Temp/2/d/2d3ed53150bf132337f55d98a62cd90a.php): No such file or directory D:\www\wg_tzhrmy\Lib\Driver\Cache\CacheFile.class.php 第 176 行.
NOTIC: [8] Undefined variable: access_str D:\www\wg_tzhrmy\PigCms\Lib\Action\WapAction.class.php 第 245 行.
INFO: [ view_template ] --START--
INFO: Run LocationTemplate Behavior [ RunTime:-1.310075s ]
INFO: [ view_template ] --END-- [ RunTime:0.005000s ]
INFO: [ view_parse ] --START--
NOTIC: [8] Undefined index: notBe D:\www\wg_tzhrmy\Conf\logs\Cache\Wap\930fa0912aefd87b1445827948aea024.php 第 37 行.
INFO: Run ParseTemplate Behavior [ RunTime:-1.316075s ]
INFO: [ view_parse ] --END-- [ RunTime:0.051003s ]
INFO: [ view_filter ] --START--
INFO: Run ContentReplace Behavior [ RunTime:-1.368078s ]
INFO: Run TokenBuild Behavior [ RunTime:-1.369078s ]
INFO: Run WriteHtmlCache Behavior [ RunTime:-1.370078s ]
INFO: Run ShowRuntime Behavior [ RunTime:-1.371078s ]
INFO: [ view_filter ] --END-- [ RunTime:0.005000s ]
INFO: [ view_end ] --START--
INFO: Run ShowPageTrace Behavior [ RunTime:-1.372078s ]
INFO: [ view_end ] --END-- [ RunTime:0.001001s ]

[ 2015-07-11T15:40:45+08:00 ] 0.0.0.0 /wg_tzhrmy/index.php?&g=Wap&m=Distribution&a=index&token=mhfcjx1421158741&wecha_id=o3mw-s2byHCb4QnPLFQlI-6vsOQo
INFO: [ app_begin ] --START--
INFO: Run ReadHtmlCache Behavior [ RunTime:0.001000s ]
INFO: [ app_begin ] --END-- [ RunTime:0.002000s ]
NOTIC: [8] Undefined index: HTTP_REFERER D:\www\wg_tzhrmy\Extend\Vendor\tongji\hm.php 第 74 行.
NOTIC: [2] unlink(./Conf/logs/Temp/6/9/694eae36a435d0d236a7a0164df28367.php): No such file or directory D:\www\wg_tzhrmy\Lib\Driver\Cache\CacheFile.class.php 第 176 行.
NOTIC: [2] unlink(./Conf/logs/Temp/2/d/2d3ed53150bf132337f55d98a62cd90a.php): No such file or directory D:\www\wg_tzhrmy\Lib\Driver\Cache\CacheFile.class.php 第 176 行.
NOTIC: [8] Undefined variable: access_str D:\www\wg_tzhrmy\PigCms\Lib\Action\WapAction.class.php 第 245 行.
INFO: [ view_template ] --START--
INFO: Run LocationTemplate Behavior [ RunTime:-1.330076s ]
INFO: [ view_template ] --END-- [ RunTime:0.002000s ]
INFO: [ view_parse ] --START--
NOTIC: [8] Undefined index: notBe D:\www\wg_tzhrmy\Conf\logs\Cache\Wap\930fa0912aefd87b1445827948aea024.php 第 37 行.
NOTIC: [8] Undefined variable: update D:\www\wg_tzhrmy\Conf\logs\Cache\Wap\930fa0912aefd87b1445827948aea024.php 第 43 行.
INFO: Run ParseTemplate Behavior [ RunTime:-1.332076s ]
INFO: [ view_parse ] --END-- [ RunTime:0.022002s ]
INFO: [ view_filter ] --START--
INFO: Run ContentReplace Behavior [ RunTime:-1.354078s ]
INFO: Run TokenBuild Behavior [ RunTime:-1.355078s ]
INFO: Run WriteHtmlCache Behavior [ RunTime:-1.356078s ]
INFO: Run ShowRuntime Behavior [ RunTime:-1.357078s ]
INFO: [ view_filter ] --END-- [ RunTime:0.004000s ]
INFO: [ view_end ] --START--
INFO: Run ShowPageTrace Behavior [ RunTime:-1.359078s ]
INFO: [ view_end ] --END-- [ RunTime:0.001000s ]

