[ 2015-06-18T10:33:48+08:00 ] ERR: (ThinkException) Access denied for user 'root'@'localhost' (using password: YES)
[ 2015-06-18T13:29:58+08:00 ] ERR: (ThinkException) Table 'wxfx.pigcms_jsapi_ticket' doesn't exist
 [ SQL语句 ] : SHOW COLUMNS FROM `pigcms_jsapi_ticket`
[ 2015-06-18T13:31:24+08:00 ] ERR: (ThinkException) You have an error in your SQL syntax; check the manual that corresponds to your MySQL server version for the right syntax to use near 'LIMIT 1' at line 1
 [ SQL语句 ] : SELECT `nickname` FROM `pigcms_distribution_member` WHERE id= LIMIT 1  
[ 2015-06-18T13:31:27+08:00 ] ERR: (ThinkException) You have an error in your SQL syntax; check the manual that corresponds to your MySQL server version for the right syntax to use near 'LIMIT 1' at line 1
 [ SQL语句 ] : SELECT `nickname` FROM `pigcms_distribution_member` WHERE id= LIMIT 1  
[ 2015-06-18T13:31:41+08:00 ] ERR: (ThinkException) You have an error in your SQL syntax; check the manual that corresponds to your MySQL server version for the right syntax to use near 'LIMIT 1' at line 1
 [ SQL语句 ] : SELECT `nickname` FROM `pigcms_distribution_member` WHERE id= LIMIT 1  
[ 2015-06-18T13:31:50+08:00 ] ERR: (ThinkException) You have an error in your SQL syntax; check the manual that corresponds to your MySQL server version for the right syntax to use near 'LIMIT 1' at line 1
 [ SQL语句 ] : SELECT `nickname` FROM `pigcms_distribution_member` WHERE id= LIMIT 1  
[ 2015-06-18T13:33:06+08:00 ] ERR: (ThinkException) You have an error in your SQL syntax; check the manual that corresponds to your MySQL server version for the right syntax to use near 'LIMIT 1' at line 1
 [ SQL语句 ] : SELECT `nickname` FROM `pigcms_distribution_member` WHERE id= LIMIT 1  
[ 2015-06-18T13:33:15+08:00 ] ERR: (ThinkException) You have an error in your SQL syntax; check the manual that corresponds to your MySQL server version for the right syntax to use near 'LIMIT 1' at line 1
 [ SQL语句 ] : SELECT `nickname` FROM `pigcms_distribution_member` WHERE id= LIMIT 1  
[ 2015-06-18T16:23:32+08:00 ] ERR: (ThinkException) Table 'wxfx.pigcms_member_code' doesn't exist
 [ SQL语句 ] : SHOW COLUMNS FROM `pigcms_member_code`
[ 2015-06-18T16:24:04+08:00 ] ERR: (ThinkException) Table 'wxfx.pigcms_member_code' doesn't exist
 [ SQL语句 ] : SHOW COLUMNS FROM `pigcms_member_code`
[ 2015-06-18T16:24:20+08:00 ] ERR: (ThinkException) Table 'wxfx.pigcms_member_code' doesn't exist
 [ SQL语句 ] : SHOW COLUMNS FROM `pigcms_member_code`
[ 2015-06-18T16:25:09+08:00 ] ERR: (ThinkException) Table 'wxfx.pigcms_membercode' doesn't exist
 [ SQL语句 ] : SHOW COLUMNS FROM `pigcms_membercode`
[ 2015-06-18T16:28:53+08:00 ] ERR: 发生错误：错误代码,微信返回错误信息：openid=
[ 2015-06-18T16:29:44+08:00 ] ERR: (ThinkException) Table 'wxfx.pigcms_distribution_click' doesn't exist
 [ SQL语句 ] : SHOW COLUMNS FROM `pigcms_distribution_click`
[ 2015-06-18T16:30:17+08:00 ] ERR: (ThinkException) Table 'wxfx.pigcms_distribution_click' doesn't exist
 [ SQL语句 ] : SHOW COLUMNS FROM `pigcms_distribution_click`
