[ 2015-08-21T08:27:51+08:00 ] ERR: (ThinkException) _TEMPLATE_NOT_EXIST_[./tpl/Wap/default/Index_index.html]
[ 2015-08-21T09:15:06+08:00 ] ERR: (ThinkException) Table 'tys_data.pigcms_bprotein_list' doesn't exist
 [ SQL语句 ] : SHOW COLUMNS FROM `pigcms_bprotein_list`
[ 2015-08-21T09:17:07+08:00 ] ERR: (ThinkException) Table 'tys_data.pigcms_bprotein_list' doesn't exist
 [ SQL语句 ] : SHOW COLUMNS FROM `pigcms_bprotein_list`
[ 2015-08-21T09:17:26+08:00 ] ERR: (ThinkException) Table 'tys_data.pigcms_bprotein_list' doesn't exist
 [ SQL语句 ] : SHOW COLUMNS FROM `pigcms_bprotein_list`
[ 2015-08-21T09:20:41+08:00 ] ERR: (ThinkException) Table 'tys_data.pigcms_bprotein_list' doesn't exist
 [ SQL语句 ] : SHOW COLUMNS FROM `pigcms_bprotein_list`
[ 2015-08-21T09:27:19+08:00 ] ERR: (ThinkException) Table 'tys_data.pigcms_bprotein_list' doesn't exist
 [ SQL语句 ] : SHOW COLUMNS FROM `pigcms_bprotein_list`
[ 2015-08-21T14:55:30+08:00 ] ERR: (ThinkException) Table 'tys_data.pigcms_laboratory' doesn't exist
 [ SQL语句 ] : SHOW COLUMNS FROM `pigcms_laboratory`
[ 2015-08-21T14:55:31+08:00 ] ERR: (ThinkException) Table 'tys_data.pigcms_laboratory' doesn't exist
 [ SQL语句 ] : SHOW COLUMNS FROM `pigcms_laboratory`
[ 2015-08-21T14:56:41+08:00 ] ERR: (ThinkException) Table 'tys_data.pigcms_laboratory' doesn't exist
 [ SQL语句 ] : SHOW COLUMNS FROM `pigcms_laboratory`
[ 2015-08-21T14:56:43+08:00 ] ERR: (ThinkException) Table 'tys_data.pigcms_laboratory' doesn't exist
 [ SQL语句 ] : SHOW COLUMNS FROM `pigcms_laboratory`
[ 2015-08-21T14:56:43+08:00 ] ERR: (ThinkException) Table 'tys_data.pigcms_laboratory' doesn't exist
 [ SQL语句 ] : SHOW COLUMNS FROM `pigcms_laboratory`
[ 2015-08-21T14:56:48+08:00 ] ERR: (ThinkException) Table 'tys_data.pigcms_laboratory' doesn't exist
 [ SQL语句 ] : SHOW COLUMNS FROM `pigcms_laboratory`
[ 2015-08-21T14:59:10+08:00 ] ERR: (ThinkException) Table 'tys_data.pigcms_laboratory' doesn't exist
 [ SQL语句 ] : SHOW COLUMNS FROM `pigcms_laboratory`
[ 2015-08-21T14:59:20+08:00 ] ERR: (ThinkException) Table 'tys_data.pigcms_laboratory' doesn't exist
 [ SQL语句 ] : SHOW COLUMNS FROM `pigcms_laboratory`
[ 2015-08-21T14:59:29+08:00 ] ERR: (ThinkException) Table 'tys_data.pigcms_laboratory' doesn't exist
 [ SQL语句 ] : SHOW COLUMNS FROM `pigcms_laboratory`
[ 2015-08-21T15:00:11+08:00 ] ERR: (ThinkException) Table 'tys_data.pigcms_laboratory' doesn't exist
 [ SQL语句 ] : SHOW COLUMNS FROM `pigcms_laboratory`
[ 2015-08-21T15:00:35+08:00 ] ERR: (ThinkException) Table 'tys_data.pigcms_laboratory' doesn't exist
 [ SQL语句 ] : SHOW COLUMNS FROM `pigcms_laboratory`
[ 2015-08-21T15:01:14+08:00 ] ERR: (ThinkException) Table 'tys_data.pigcms_laboratory' doesn't exist
 [ SQL语句 ] : SHOW COLUMNS FROM `pigcms_laboratory`
[ 2015-08-21T15:03:28+08:00 ] ERR: (ThinkException) Table 'tys_data.pigcms_laboratory' doesn't exist
 [ SQL语句 ] : SHOW COLUMNS FROM `pigcms_laboratory`
[ 2015-08-21T15:03:42+08:00 ] ERR: (ThinkException) Table 'tys_data.pigcms_laboratory' doesn't exist
 [ SQL语句 ] : SHOW COLUMNS FROM `pigcms_laboratory`
[ 2015-08-21T15:04:05+08:00 ] ERR: (ThinkException) Table 'tys_data.pigcms_laboratory' doesn't exist
 [ SQL语句 ] : SHOW COLUMNS FROM `pigcms_laboratory`
[ 2015-08-21T15:08:37+08:00 ] ERR: (ThinkException) Table 'tys_data.pigcms_laboratory' doesn't exist
 [ SQL语句 ] : SHOW COLUMNS FROM `pigcms_laboratory`
