[ 2016-03-31T09:39:18+08:00 ] 127.0.0.1 /wg_tys/index.php?g=Wap&m=Store&a=index&token=mhfcjx1421158741&wecha_id=123
INFO: [ app_begin ] --START--
INFO: Run ReadHtmlCache Behavior [ RunTime:0.001000s ]
INFO: [ app_begin ] --END-- [ RunTime:0.001000s ]
NOTIC: [8] Undefined index: HTTP_REFERER D:\WWW\wg_tys\Extend\Vendor\tongji\hm.php 第 74 行.
NOTIC: [2] unlink(./Conf/logs/Temp/3/6/36229e11c6359bffaf9d13cdef8377b6.php): No such file or directory D:\WWW\wg_tys\Lib\Driver\Cache\CacheFile.class.php 第 176 行.
NOTIC: [2] unlink(./Conf/logs/Temp/6/9/694eae36a435d0d236a7a0164df28367.php): No such file or directory D:\WWW\wg_tys\Lib\Driver\Cache\CacheFile.class.php 第 176 行.
NOTIC: [2] unlink(./Conf/logs/Temp/2/d/2d3ed53150bf132337f55d98a62cd90a.php): No such file or directory D:\WWW\wg_tys\Lib\Driver\Cache\CacheFile.class.php 第 176 行.
NOTIC: [8] Undefined variable: curl D:\WWW\wg_tys\PigCms\Lib\Action\WapAction.class.php 第 448 行.
NOTIC: [2] curl_setopt() expects parameter 1 to be resource, null given D:\WWW\wg_tys\PigCms\Lib\Action\WapAction.class.php 第 448 行.
NOTIC: [8] Undefined variable: data D:\WWW\wg_tys\PigCms\Lib\Action\WapAction.class.php 第 452 行.
NOTIC: [8] Undefined variable: curl D:\WWW\wg_tys\PigCms\Lib\Action\WapAction.class.php 第 448 行.
NOTIC: [2] curl_setopt() expects parameter 1 to be resource, null given D:\WWW\wg_tys\PigCms\Lib\Action\WapAction.class.php 第 448 行.
NOTIC: [8] Undefined variable: data D:\WWW\wg_tys\PigCms\Lib\Action\WapAction.class.php 第 452 行.
INFO: [ view_template ] --START--
INFO: Run LocationTemplate Behavior [ RunTime:-1.475084s ]
INFO: [ view_template ] --END-- [ RunTime:0.002000s ]
INFO: [ view_parse ] --START--
NOTIC: [8] Undefined variable: hostlist D:\WWW\wg_tys\Conf\logs\Cache\Wap\77d4745bbe2cdb45e069c9e8b721706f.php 第 48 行.
NOTIC: [8] Undefined variable: metaTitle D:\WWW\wg_tys\Conf\logs\Cache\Wap\77d4745bbe2cdb45e069c9e8b721706f.php 第 92 行.
INFO: Run ParseTemplate Behavior [ RunTime:-1.477084s ]
INFO: [ view_parse ] --END-- [ RunTime:0.012001s ]
INFO: [ view_filter ] --START--
INFO: Run ContentReplace Behavior [ RunTime:-1.489085s ]
INFO: Run TokenBuild Behavior [ RunTime:-1.489085s ]
INFO: Run WriteHtmlCache Behavior [ RunTime:-1.490085s ]
INFO: Run ShowRuntime Behavior [ RunTime:-1.490085s ]
INFO: [ view_filter ] --END-- [ RunTime:0.001000s ]
INFO: [ view_end ] --START--
INFO: Run ShowPageTrace Behavior [ RunTime:-1.490085s ]
INFO: [ view_end ] --END-- [ RunTime:0.001000s ]

[ 2016-03-31T09:39:34+08:00 ] 127.0.0.1 /wg_tys/index.php?g=Wap&m=Steward&a=bsuger&token=mhfcjx1421158741&wecha_id=123
INFO: [ app_begin ] --START--
INFO: Run ReadHtmlCache Behavior [ RunTime:0.000000s ]
INFO: [ app_begin ] --END-- [ RunTime:0.000000s ]
NOTIC: [8] Undefined index: HTTP_REFERER D:\WWW\wg_tys\Extend\Vendor\tongji\hm.php 第 74 行.
NOTIC: [2] unlink(./Conf/logs/Temp/3/6/36229e11c6359bffaf9d13cdef8377b6.php): No such file or directory D:\WWW\wg_tys\Lib\Driver\Cache\CacheFile.class.php 第 176 行.
NOTIC: [2] unlink(./Conf/logs/Temp/6/9/694eae36a435d0d236a7a0164df28367.php): No such file or directory D:\WWW\wg_tys\Lib\Driver\Cache\CacheFile.class.php 第 176 行.
NOTIC: [2] unlink(./Conf/logs/Temp/2/d/2d3ed53150bf132337f55d98a62cd90a.php): No such file or directory D:\WWW\wg_tys\Lib\Driver\Cache\CacheFile.class.php 第 176 行.
NOTIC: [8] Undefined variable: access_str D:\WWW\wg_tys\PigCms\Lib\Action\WapAction.class.php 第 260 行.
INFO: [ view_template ] --START--
INFO: Run LocationTemplate Behavior [ RunTime:-1.109063s ]
INFO: [ view_template ] --END-- [ RunTime:0.001000s ]
INFO: [ view_parse ] --START--
INFO: Run ParseTemplate Behavior [ RunTime:-1.110063s ]
INFO: [ view_parse ] --END-- [ RunTime:0.007000s ]
INFO: [ view_filter ] --START--
INFO: Run ContentReplace Behavior [ RunTime:-1.117063s ]
INFO: Run TokenBuild Behavior [ RunTime:-1.117063s ]
INFO: Run WriteHtmlCache Behavior [ RunTime:-1.118064s ]
INFO: Run ShowRuntime Behavior [ RunTime:-1.118064s ]
INFO: [ view_filter ] --END-- [ RunTime:0.001001s ]
INFO: [ view_end ] --START--
INFO: Run ShowPageTrace Behavior [ RunTime:-1.118064s ]
INFO: [ view_end ] --END-- [ RunTime:0.001000s ]

[ 2016-03-31T09:39:45+08:00 ] 127.0.0.1 /wg_tys/index.php?g=Wap&m=Steward&a=loadmorebsuger&token=mhfcjx1421158741&wecha_id=123&trnums=0
INFO: [ app_begin ] --START--
INFO: Run ReadHtmlCache Behavior [ RunTime:0.000000s ]
INFO: [ app_begin ] --END-- [ RunTime:0.000000s ]
NOTIC: [2] unlink(./Conf/logs/Temp/3/6/36229e11c6359bffaf9d13cdef8377b6.php): No such file or directory D:\WWW\wg_tys\Lib\Driver\Cache\CacheFile.class.php 第 176 行.
NOTIC: [2] unlink(./Conf/logs/Temp/6/9/694eae36a435d0d236a7a0164df28367.php): No such file or directory D:\WWW\wg_tys\Lib\Driver\Cache\CacheFile.class.php 第 176 行.
NOTIC: [2] unlink(./Conf/logs/Temp/2/d/2d3ed53150bf132337f55d98a62cd90a.php): No such file or directory D:\WWW\wg_tys\Lib\Driver\Cache\CacheFile.class.php 第 176 行.
NOTIC: [8] Undefined variable: access_str D:\WWW\wg_tys\PigCms\Lib\Action\WapAction.class.php 第 260 行.
NOTIC: [2] Invalid argument supplied for foreach() D:\WWW\wg_tys\PigCms\Lib\Action\Wap\StewardAction.class.php 第 118 行.

[ 2016-03-31T09:39:50+08:00 ] 127.0.0.1 /wg_tys/index.php?g=Wap&m=Steward&a=bsuger&token=mhfcjx1421158741&wecha_id=123
INFO: [ app_begin ] --START--
INFO: Run ReadHtmlCache Behavior [ RunTime:0.001000s ]
INFO: [ app_begin ] --END-- [ RunTime:0.001000s ]
NOTIC: [8] Undefined index: HTTP_REFERER D:\WWW\wg_tys\Extend\Vendor\tongji\hm.php 第 74 行.
NOTIC: [2] unlink(./Conf/logs/Temp/3/6/36229e11c6359bffaf9d13cdef8377b6.php): No such file or directory D:\WWW\wg_tys\Lib\Driver\Cache\CacheFile.class.php 第 176 行.
NOTIC: [2] unlink(./Conf/logs/Temp/6/9/694eae36a435d0d236a7a0164df28367.php): No such file or directory D:\WWW\wg_tys\Lib\Driver\Cache\CacheFile.class.php 第 176 行.
NOTIC: [2] unlink(./Conf/logs/Temp/2/d/2d3ed53150bf132337f55d98a62cd90a.php): No such file or directory D:\WWW\wg_tys\Lib\Driver\Cache\CacheFile.class.php 第 176 行.
NOTIC: [8] Undefined variable: access_str D:\WWW\wg_tys\PigCms\Lib\Action\WapAction.class.php 第 260 行.
INFO: [ view_template ] --START--
INFO: Run LocationTemplate Behavior [ RunTime:-1.086062s ]
INFO: [ view_template ] --END-- [ RunTime:0.000000s ]
INFO: [ view_parse ] --START--
INFO: Run ParseTemplate Behavior [ RunTime:-1.086062s ]
INFO: [ view_parse ] --END-- [ RunTime:0.008001s ]
INFO: [ view_filter ] --START--
INFO: Run ContentReplace Behavior [ RunTime:-1.094063s ]
INFO: Run TokenBuild Behavior [ RunTime:-1.094063s ]
INFO: Run WriteHtmlCache Behavior [ RunTime:-1.095063s ]
INFO: Run ShowRuntime Behavior [ RunTime:-1.095063s ]
INFO: [ view_filter ] --END-- [ RunTime:0.001000s ]
INFO: [ view_end ] --START--
INFO: Run ShowPageTrace Behavior [ RunTime:-1.095063s ]
INFO: [ view_end ] --END-- [ RunTime:0.001000s ]

[ 2016-03-31T09:39:52+08:00 ] 127.0.0.1 /wg_tys/index.php?g=Wap&m=Steward&a=bsuger&token=mhfcjx1421158741&wecha_id=123
INFO: [ app_begin ] --START--
INFO: Run ReadHtmlCache Behavior [ RunTime:0.001000s ]
INFO: [ app_begin ] --END-- [ RunTime:0.001000s ]
NOTIC: [8] Undefined index: HTTP_REFERER D:\WWW\wg_tys\Extend\Vendor\tongji\hm.php 第 74 行.
NOTIC: [2] unlink(./Conf/logs/Temp/3/6/36229e11c6359bffaf9d13cdef8377b6.php): No such file or directory D:\WWW\wg_tys\Lib\Driver\Cache\CacheFile.class.php 第 176 行.
NOTIC: [2] unlink(./Conf/logs/Temp/6/9/694eae36a435d0d236a7a0164df28367.php): No such file or directory D:\WWW\wg_tys\Lib\Driver\Cache\CacheFile.class.php 第 176 行.
NOTIC: [2] unlink(./Conf/logs/Temp/2/d/2d3ed53150bf132337f55d98a62cd90a.php): No such file or directory D:\WWW\wg_tys\Lib\Driver\Cache\CacheFile.class.php 第 176 行.
NOTIC: [8] Undefined variable: access_str D:\WWW\wg_tys\PigCms\Lib\Action\WapAction.class.php 第 260 行.
INFO: [ view_template ] --START--
INFO: Run LocationTemplate Behavior [ RunTime:-1.085063s ]
INFO: [ view_template ] --END-- [ RunTime:0.000000s ]
INFO: [ view_parse ] --START--
INFO: Run ParseTemplate Behavior [ RunTime:-1.085063s ]
INFO: [ view_parse ] --END-- [ RunTime:0.008000s ]
INFO: [ view_filter ] --START--
INFO: Run ContentReplace Behavior [ RunTime:-1.093063s ]
INFO: Run TokenBuild Behavior [ RunTime:-1.093063s ]
INFO: Run WriteHtmlCache Behavior [ RunTime:-1.093063s ]
INFO: Run ShowRuntime Behavior [ RunTime:-1.094063s ]
INFO: [ view_filter ] --END-- [ RunTime:0.001000s ]
INFO: [ view_end ] --START--
INFO: Run ShowPageTrace Behavior [ RunTime:-1.094063s ]
INFO: [ view_end ] --END-- [ RunTime:0.000000s ]

[ 2016-03-31T09:39:55+08:00 ] 127.0.0.1 /wg_tys/index.php?g=Wap&m=Steward&a=bsuger&token=mhfcjx1421158741&wecha_id=123
INFO: [ app_begin ] --START--
INFO: Run ReadHtmlCache Behavior [ RunTime:0.001000s ]
INFO: [ app_begin ] --END-- [ RunTime:0.001000s ]
NOTIC: [2] unlink(./Conf/logs/Temp/3/6/36229e11c6359bffaf9d13cdef8377b6.php): No such file or directory D:\WWW\wg_tys\Lib\Driver\Cache\CacheFile.class.php 第 176 行.
NOTIC: [2] unlink(./Conf/logs/Temp/6/9/694eae36a435d0d236a7a0164df28367.php): No such file or directory D:\WWW\wg_tys\Lib\Driver\Cache\CacheFile.class.php 第 176 行.
NOTIC: [2] unlink(./Conf/logs/Temp/2/d/2d3ed53150bf132337f55d98a62cd90a.php): No such file or directory D:\WWW\wg_tys\Lib\Driver\Cache\CacheFile.class.php 第 176 行.
NOTIC: [8] Undefined variable: access_str D:\WWW\wg_tys\PigCms\Lib\Action\WapAction.class.php 第 260 行.

[ 2016-03-31T09:39:57+08:00 ] 127.0.0.1 /wg_tys/index.php?g=Wap&m=Steward&a=bsuger&token=mhfcjx1421158741&wecha_id=123
INFO: [ app_begin ] --START--
INFO: Run ReadHtmlCache Behavior [ RunTime:0.001000s ]
INFO: [ app_begin ] --END-- [ RunTime:0.001000s ]
NOTIC: [2] unlink(./Conf/logs/Temp/3/6/36229e11c6359bffaf9d13cdef8377b6.php): No such file or directory D:\WWW\wg_tys\Lib\Driver\Cache\CacheFile.class.php 第 176 行.
NOTIC: [2] unlink(./Conf/logs/Temp/6/9/694eae36a435d0d236a7a0164df28367.php): No such file or directory D:\WWW\wg_tys\Lib\Driver\Cache\CacheFile.class.php 第 176 行.
NOTIC: [2] unlink(./Conf/logs/Temp/2/d/2d3ed53150bf132337f55d98a62cd90a.php): No such file or directory D:\WWW\wg_tys\Lib\Driver\Cache\CacheFile.class.php 第 176 行.
NOTIC: [8] Undefined variable: access_str D:\WWW\wg_tys\PigCms\Lib\Action\WapAction.class.php 第 260 行.
INFO: [ view_template ] --START--
INFO: Run LocationTemplate Behavior [ RunTime:-1.086062s ]
INFO: [ view_template ] --END-- [ RunTime:0.001000s ]
INFO: [ view_parse ] --START--
NOTIC: [8] Use of undefined constant md - assumed 'md' D:\WWW\wg_tys\Conf\logs\Cache\Wap\030eaa06b10ef0b9e7b0c4426a83af76.php 第 140 行.
INFO: Run ParseTemplate Behavior [ RunTime:-1.087062s ]
INFO: [ view_parse ] --END-- [ RunTime:0.007000s ]
INFO: [ view_filter ] --START--
INFO: Run ContentReplace Behavior [ RunTime:-1.094062s ]
INFO: Run TokenBuild Behavior [ RunTime:-1.094062s ]
INFO: Run WriteHtmlCache Behavior [ RunTime:-1.095063s ]
INFO: Run ShowRuntime Behavior [ RunTime:-1.095063s ]
INFO: [ view_filter ] --END-- [ RunTime:0.002001s ]
INFO: [ view_end ] --START--
INFO: Run ShowPageTrace Behavior [ RunTime:-1.096063s ]
INFO: [ view_end ] --END-- [ RunTime:0.000000s ]

[ 2016-03-31T09:40:06+08:00 ] 127.0.0.1 /wg_tys/index.php?g=Wap&m=Steward&a=bsuger&token=mhfcjx1421158741&wecha_id=123
INFO: [ app_begin ] --START--
INFO: Run ReadHtmlCache Behavior [ RunTime:0.001000s ]
INFO: [ app_begin ] --END-- [ RunTime:0.001000s ]
NOTIC: [2] unlink(./Conf/logs/Temp/3/6/36229e11c6359bffaf9d13cdef8377b6.php): No such file or directory D:\WWW\wg_tys\Lib\Driver\Cache\CacheFile.class.php 第 176 行.
NOTIC: [2] unlink(./Conf/logs/Temp/6/9/694eae36a435d0d236a7a0164df28367.php): No such file or directory D:\WWW\wg_tys\Lib\Driver\Cache\CacheFile.class.php 第 176 行.
NOTIC: [2] unlink(./Conf/logs/Temp/2/d/2d3ed53150bf132337f55d98a62cd90a.php): No such file or directory D:\WWW\wg_tys\Lib\Driver\Cache\CacheFile.class.php 第 176 行.
NOTIC: [8] Undefined variable: access_str D:\WWW\wg_tys\PigCms\Lib\Action\WapAction.class.php 第 260 行.

[ 2016-03-31T09:40:07+08:00 ] 127.0.0.1 /wg_tys/index.php?g=Wap&m=Steward&a=bsuger&token=mhfcjx1421158741&wecha_id=123
INFO: [ app_begin ] --START--
INFO: Run ReadHtmlCache Behavior [ RunTime:0.000000s ]
INFO: [ app_begin ] --END-- [ RunTime:0.001000s ]
NOTIC: [2] unlink(./Conf/logs/Temp/3/6/36229e11c6359bffaf9d13cdef8377b6.php): No such file or directory D:\WWW\wg_tys\Lib\Driver\Cache\CacheFile.class.php 第 176 行.
NOTIC: [2] unlink(./Conf/logs/Temp/6/9/694eae36a435d0d236a7a0164df28367.php): No such file or directory D:\WWW\wg_tys\Lib\Driver\Cache\CacheFile.class.php 第 176 行.
NOTIC: [2] unlink(./Conf/logs/Temp/2/d/2d3ed53150bf132337f55d98a62cd90a.php): No such file or directory D:\WWW\wg_tys\Lib\Driver\Cache\CacheFile.class.php 第 176 行.
NOTIC: [8] Undefined variable: access_str D:\WWW\wg_tys\PigCms\Lib\Action\WapAction.class.php 第 260 行.
INFO: [ view_template ] --START--
INFO: Run LocationTemplate Behavior [ RunTime:-1.111063s ]
INFO: [ view_template ] --END-- [ RunTime:0.000000s ]
INFO: [ view_parse ] --START--
NOTIC: [8] Use of undefined constant md - assumed 'md' D:\WWW\wg_tys\Conf\logs\Cache\Wap\030eaa06b10ef0b9e7b0c4426a83af76.php 第 140 行.
INFO: Run ParseTemplate Behavior [ RunTime:-1.111063s ]
INFO: [ view_parse ] --END-- [ RunTime:0.008001s ]
INFO: [ view_filter ] --START--
INFO: Run ContentReplace Behavior [ RunTime:-1.119064s ]
INFO: Run TokenBuild Behavior [ RunTime:-1.120064s ]
INFO: Run WriteHtmlCache Behavior [ RunTime:-1.120064s ]
INFO: Run ShowRuntime Behavior [ RunTime:-1.120064s ]
INFO: [ view_filter ] --END-- [ RunTime:0.002000s ]
INFO: [ view_end ] --START--
INFO: Run ShowPageTrace Behavior [ RunTime:-1.121064s ]
INFO: [ view_end ] --END-- [ RunTime:0.000000s ]

[ 2016-03-31T09:40:15+08:00 ] 127.0.0.1 /wg_tys/index.php?g=Wap&m=Steward&a=bsuger&token=mhfcjx1421158741&wecha_id=123
INFO: [ app_begin ] --START--
INFO: Run ReadHtmlCache Behavior [ RunTime:0.000000s ]
INFO: [ app_begin ] --END-- [ RunTime:0.001000s ]
NOTIC: [2] unlink(./Conf/logs/Temp/3/6/36229e11c6359bffaf9d13cdef8377b6.php): No such file or directory D:\WWW\wg_tys\Lib\Driver\Cache\CacheFile.class.php 第 176 行.
NOTIC: [2] unlink(./Conf/logs/Temp/6/9/694eae36a435d0d236a7a0164df28367.php): No such file or directory D:\WWW\wg_tys\Lib\Driver\Cache\CacheFile.class.php 第 176 行.
NOTIC: [2] unlink(./Conf/logs/Temp/2/d/2d3ed53150bf132337f55d98a62cd90a.php): No such file or directory D:\WWW\wg_tys\Lib\Driver\Cache\CacheFile.class.php 第 176 行.
NOTIC: [8] Undefined variable: access_str D:\WWW\wg_tys\PigCms\Lib\Action\WapAction.class.php 第 260 行.
INFO: [ view_template ] --START--
INFO: Run LocationTemplate Behavior [ RunTime:-1.079062s ]
INFO: [ view_template ] --END-- [ RunTime:0.000000s ]
INFO: [ view_parse ] --START--
NOTIC: [8] Use of undefined constant md - assumed 'md' D:\WWW\wg_tys\Conf\logs\Cache\Wap\030eaa06b10ef0b9e7b0c4426a83af76.php 第 140 行.
INFO: Run ParseTemplate Behavior [ RunTime:-1.079062s ]
INFO: [ view_parse ] --END-- [ RunTime:0.008001s ]
INFO: [ view_filter ] --START--
INFO: Run ContentReplace Behavior [ RunTime:-1.087063s ]
INFO: Run TokenBuild Behavior [ RunTime:-1.087063s ]
INFO: Run WriteHtmlCache Behavior [ RunTime:-1.087063s ]
INFO: Run ShowRuntime Behavior [ RunTime:-1.088063s ]
INFO: [ view_filter ] --END-- [ RunTime:0.001000s ]
INFO: [ view_end ] --START--
INFO: Run ShowPageTrace Behavior [ RunTime:-1.088063s ]
INFO: [ view_end ] --END-- [ RunTime:0.000000s ]

[ 2016-03-31T09:41:57+08:00 ] 127.0.0.1 /wg_tys/index.php?g=Wap&m=Steward&a=bprotein&token=mhfcjx1421158741&wecha_id=123
INFO: [ app_begin ] --START--
INFO: Run ReadHtmlCache Behavior [ RunTime:0.001000s ]
INFO: [ app_begin ] --END-- [ RunTime:0.001000s ]
NOTIC: [8] Undefined index: HTTP_REFERER D:\WWW\wg_tys\Extend\Vendor\tongji\hm.php 第 74 行.
NOTIC: [2] unlink(./Conf/logs/Temp/3/6/36229e11c6359bffaf9d13cdef8377b6.php): No such file or directory D:\WWW\wg_tys\Lib\Driver\Cache\CacheFile.class.php 第 176 行.
NOTIC: [2] unlink(./Conf/logs/Temp/6/9/694eae36a435d0d236a7a0164df28367.php): No such file or directory D:\WWW\wg_tys\Lib\Driver\Cache\CacheFile.class.php 第 176 行.
NOTIC: [2] unlink(./Conf/logs/Temp/2/d/2d3ed53150bf132337f55d98a62cd90a.php): No such file or directory D:\WWW\wg_tys\Lib\Driver\Cache\CacheFile.class.php 第 176 行.
NOTIC: [8] Undefined variable: access_str D:\WWW\wg_tys\PigCms\Lib\Action\WapAction.class.php 第 260 行.
INFO: [ view_template ] --START--
INFO: Run LocationTemplate Behavior [ RunTime:-1.103063s ]
INFO: [ view_template ] --END-- [ RunTime:0.001000s ]
INFO: [ view_parse ] --START--
NOTIC: [8] Undefined variable: info D:\WWW\wg_tys\Conf\logs\Cache\Wap\8da48d6cf0d041bde44cc0b270eb6c9e.php 第 75 行.
NOTIC: [8] Undefined variable: info D:\WWW\wg_tys\Conf\logs\Cache\Wap\8da48d6cf0d041bde44cc0b270eb6c9e.php 第 77 行.
NOTIC: [8] Undefined variable: info D:\WWW\wg_tys\Conf\logs\Cache\Wap\8da48d6cf0d041bde44cc0b270eb6c9e.php 第 93 行.
NOTIC: [8] Undefined variable: info D:\WWW\wg_tys\Conf\logs\Cache\Wap\8da48d6cf0d041bde44cc0b270eb6c9e.php 第 101 行.
NOTIC: [8] Undefined variable: info D:\WWW\wg_tys\Conf\logs\Cache\Wap\8da48d6cf0d041bde44cc0b270eb6c9e.php 第 108 行.
NOTIC: [8] Undefined variable: info D:\WWW\wg_tys\Conf\logs\Cache\Wap\8da48d6cf0d041bde44cc0b270eb6c9e.php 第 115 行.
INFO: Run ParseTemplate Behavior [ RunTime:-1.104063s ]
INFO: [ view_parse ] --END-- [ RunTime:0.006001s ]
INFO: [ view_filter ] --START--
INFO: Run ContentReplace Behavior [ RunTime:-1.110064s ]
INFO: Run TokenBuild Behavior [ RunTime:-1.111064s ]
INFO: Run WriteHtmlCache Behavior [ RunTime:-1.111064s ]
INFO: Run ShowRuntime Behavior [ RunTime:-1.111064s ]
INFO: [ view_filter ] --END-- [ RunTime:0.002000s ]
INFO: [ view_end ] --START--
INFO: Run ShowPageTrace Behavior [ RunTime:-1.112064s ]
INFO: [ view_end ] --END-- [ RunTime:0.000000s ]

[ 2016-03-31T09:42:08+08:00 ] 127.0.0.1 /wg_tys/index.php?g=Wap&m=Steward&a=bproteincurve&token=mhfcjx1421158741&wecha_id=123
INFO: [ app_begin ] --START--
INFO: Run ReadHtmlCache Behavior [ RunTime:0.001000s ]
INFO: [ app_begin ] --END-- [ RunTime:0.001000s ]
NOTIC: [8] Undefined index: HTTP_REFERER D:\WWW\wg_tys\Extend\Vendor\tongji\hm.php 第 74 行.
NOTIC: [2] unlink(./Conf/logs/Temp/3/6/36229e11c6359bffaf9d13cdef8377b6.php): No such file or directory D:\WWW\wg_tys\Lib\Driver\Cache\CacheFile.class.php 第 176 行.
NOTIC: [2] unlink(./Conf/logs/Temp/6/9/694eae36a435d0d236a7a0164df28367.php): No such file or directory D:\WWW\wg_tys\Lib\Driver\Cache\CacheFile.class.php 第 176 行.
NOTIC: [2] unlink(./Conf/logs/Temp/2/d/2d3ed53150bf132337f55d98a62cd90a.php): No such file or directory D:\WWW\wg_tys\Lib\Driver\Cache\CacheFile.class.php 第 176 行.
NOTIC: [8] Undefined variable: access_str D:\WWW\wg_tys\PigCms\Lib\Action\WapAction.class.php 第 260 行.
NOTIC: [2] Invalid argument supplied for foreach() D:\WWW\wg_tys\PigCms\Lib\Action\Wap\StewardAction.class.php 第 258 行.
NOTIC: [8] Undefined variable: curve D:\WWW\wg_tys\PigCms\Lib\Action\Wap\StewardAction.class.php 第 261 行.

[ 2016-03-31T09:42:27+08:00 ] 127.0.0.1 /wg_tys/index.php?g=Wap&m=Steward&a=laboratory&token=mhfcjx1421158741&wecha_id=123
INFO: [ app_begin ] --START--
INFO: Run ReadHtmlCache Behavior [ RunTime:0.001000s ]
INFO: [ app_begin ] --END-- [ RunTime:0.001000s ]
NOTIC: [8] Undefined index: HTTP_REFERER D:\WWW\wg_tys\Extend\Vendor\tongji\hm.php 第 74 行.
NOTIC: [2] unlink(./Conf/logs/Temp/3/6/36229e11c6359bffaf9d13cdef8377b6.php): No such file or directory D:\WWW\wg_tys\Lib\Driver\Cache\CacheFile.class.php 第 176 行.
NOTIC: [2] unlink(./Conf/logs/Temp/6/9/694eae36a435d0d236a7a0164df28367.php): No such file or directory D:\WWW\wg_tys\Lib\Driver\Cache\CacheFile.class.php 第 176 行.
NOTIC: [2] unlink(./Conf/logs/Temp/2/d/2d3ed53150bf132337f55d98a62cd90a.php): No such file or directory D:\WWW\wg_tys\Lib\Driver\Cache\CacheFile.class.php 第 176 行.
NOTIC: [8] Undefined variable: access_str D:\WWW\wg_tys\PigCms\Lib\Action\WapAction.class.php 第 260 行.
INFO: [ view_template ] --START--
INFO: Run LocationTemplate Behavior [ RunTime:-1.105063s ]
INFO: [ view_template ] --END-- [ RunTime:0.001000s ]
INFO: [ view_parse ] --START--
INFO: Run ParseTemplate Behavior [ RunTime:-1.106063s ]
INFO: [ view_parse ] --END-- [ RunTime:0.006001s ]
INFO: [ view_filter ] --START--
INFO: Run ContentReplace Behavior [ RunTime:-1.112064s ]
INFO: Run TokenBuild Behavior [ RunTime:-1.112064s ]
INFO: Run WriteHtmlCache Behavior [ RunTime:-1.113064s ]
INFO: Run ShowRuntime Behavior [ RunTime:-1.113064s ]
INFO: [ view_filter ] --END-- [ RunTime:0.001000s ]
INFO: [ view_end ] --START--
INFO: Run ShowPageTrace Behavior [ RunTime:-1.113064s ]
INFO: [ view_end ] --END-- [ RunTime:0.001000s ]

[ 2016-03-31T09:42:45+08:00 ] 127.0.0.1 /wg_tys/index.php?g=Wap&m=Steward&a=minsert&token=mhfcjx1421158741&wecha_id=123
INFO: [ app_begin ] --START--
INFO: Run ReadHtmlCache Behavior [ RunTime:0.001000s ]
INFO: [ app_begin ] --END-- [ RunTime:0.001000s ]
NOTIC: [8] Undefined index: HTTP_REFERER D:\WWW\wg_tys\Extend\Vendor\tongji\hm.php 第 74 行.
NOTIC: [2] unlink(./Conf/logs/Temp/3/6/36229e11c6359bffaf9d13cdef8377b6.php): No such file or directory D:\WWW\wg_tys\Lib\Driver\Cache\CacheFile.class.php 第 176 行.
NOTIC: [2] unlink(./Conf/logs/Temp/6/9/694eae36a435d0d236a7a0164df28367.php): No such file or directory D:\WWW\wg_tys\Lib\Driver\Cache\CacheFile.class.php 第 176 行.
NOTIC: [2] unlink(./Conf/logs/Temp/2/d/2d3ed53150bf132337f55d98a62cd90a.php): No such file or directory D:\WWW\wg_tys\Lib\Driver\Cache\CacheFile.class.php 第 176 行.
NOTIC: [8] Undefined variable: access_str D:\WWW\wg_tys\PigCms\Lib\Action\WapAction.class.php 第 260 行.
NOTIC: [8] Undefined offset: 1 D:\WWW\wg_tys\PigCms\Lib\Action\Wap\StewardAction.class.php 第 454 行.

[ 2016-03-31T09:42:54+08:00 ] 127.0.0.1 /wg_tys/index.php?g=Wap&m=Steward&a=iinsert&token=mhfcjx1421158741&wecha_id=123
INFO: [ app_begin ] --START--
INFO: Run ReadHtmlCache Behavior [ RunTime:0.001000s ]
INFO: [ app_begin ] --END-- [ RunTime:0.001000s ]
NOTIC: [8] Undefined index: HTTP_REFERER D:\WWW\wg_tys\Extend\Vendor\tongji\hm.php 第 74 行.
NOTIC: [2] unlink(./Conf/logs/Temp/3/6/36229e11c6359bffaf9d13cdef8377b6.php): No such file or directory D:\WWW\wg_tys\Lib\Driver\Cache\CacheFile.class.php 第 176 行.
NOTIC: [2] unlink(./Conf/logs/Temp/6/9/694eae36a435d0d236a7a0164df28367.php): No such file or directory D:\WWW\wg_tys\Lib\Driver\Cache\CacheFile.class.php 第 176 行.
NOTIC: [2] unlink(./Conf/logs/Temp/2/d/2d3ed53150bf132337f55d98a62cd90a.php): No such file or directory D:\WWW\wg_tys\Lib\Driver\Cache\CacheFile.class.php 第 176 行.
NOTIC: [8] Undefined variable: access_str D:\WWW\wg_tys\PigCms\Lib\Action\WapAction.class.php 第 260 行.
NOTIC: [8] Undefined offset: 1 D:\WWW\wg_tys\PigCms\Lib\Action\Wap\StewardAction.class.php 第 525 行.

